EIM: 4887951346083395
EFM: 4887951424916995
T4: 4887952458272965
T6: 4887952479132873
T4: 4887952481196564
T6: 4887952494567809
T4: 4887952495905835
T6: 4887952510522144
T4: 4887952511417273
T6: 4887952529856714
T4: 4887952531907413
T6: 4887952549723625
T4: 4887952550352070
T6: 4887952567410360
T4: 4887952569496702
T6: 4887952585466877
T4: 4887952588450571
T6: 4887952610521942
T4: 4887952612023261
T6: 4887952627595284
T4: 4887952628684139
T6: 4887952645906776
T4: 4887952647291602
T6: 4887952661205065
T4: 4887952662182973
T6: 4887952676441576
T4: 4887952677660630
T6: 4887952696273657
T4: 4887952697440305
T6: 4887952714114585
T4: 4887952714961971
T6: 4887952729972229
T4: 4887952730776069
T6: 4887952748199770
T4: 4887952749763344
T6: 4887952769780131
T4: 4887952770738033
T6: 4887952786392941
T4: 4887952787092899
T6: 4887952805293167
T4: 4887952806115277
T6: 4887952818863213
T4: 4887952819636125
T6: 4887952837944730
T4: 4887952838589734
T6: 4887952852723394
T4: 4887952853565773
T6: 4887952870401868
T4: 4887952870960496
T6: 4887952888815244
T4: 4887952889368373
T6: 4887952905044411
T4: 4887952906079165
T6: 4887952919588164
T4: 4887952921375395
T6: 4887952937643816
T4: 4887952938320041
T6: 4887952951987484
T4: 4887952952886726
T6: 4887952969773010
T4: 4887952970328152
T6: 4887952984585541
T4: 4887952985456542
T6: 4887952999484546
T4: 4887953000654634
T6: 4887953012962156
T4: 4887953013710657
T6: 4887953028848020
T4: 4887953029480191
T6: 4887953043076799
T4: 4887953044244628
T6: 4887953058008662
T4: 4887953058713429
T6: 4887953073352160
T4: 4887953073904282
T6: 4887953088983579
T4: 4887953089773925
T6: 4887953105956512
T4: 4887953106912829
T6: 4887953127195769
T4: 4887953128115621
T6: 4887953142491119
T4: 4887953143131430
T6: 4887953158785803
T4: 4887953159394413
T6: 4887953177804125
T4: 4887953178616996
T6: 4887953202132423
T4: 4887953202968960
T6: 4887953219486819
T4: 4887953221922472
T6: 4887953238389954
T4: 4887953239020029
T6: 4887953252860493
T4: 4887953253390911
T6: 4887953270934868
T4: 4887953271530904
T6: 4887953290326762
T4: 4887953291207127
T6: 4887953308926430
T4: 4887953309829882
T6: 4887953327573036
T4: 4887953331231866
T6: 4887953348684534
T4: 4887953349310273
T6: 4887953367683303
T4: 4887953368273930
T6: 4887953383497949
T4: 4887953384483181
T6: 4887953398812237
T4: 4887953399435103
T6: 4887953420037018
T4: 4887953420855823
T6: 4887953441467577
T4: 4887953442148843
T6: 4887953458795756
T4: 4887953459435581
T6: 4887953473019828
T4: 4887953474540076
T6: 4887953486833327
T4: 4887953487442847
T6: 4887953500643090
T4: 4887953501415668
T6: 4887953524660613
T4: 4887953526156944
T6: 4887953545063477
T4: 4887953545830598
T6: 4887953564789876
T4: 4887953565608032
T6: 4887953582817432
T4: 4887953583567631
T6: 4887953601056575
T4: 4887953601720295
T6: 4887953619108448
T4: 4887953621372605
T6: 4887953640780870
T4: 4887953641405113
T6: 4887953658384957
T4: 4887953659138925
T6: 4887953677361487
T4: 4887953677950756
T6: 4887953690810536
T4: 4887953691404302
T6: 4887953704821669
T4: 4887953705397753
T6: 4887953719405922
T4: 4887953720496212
T6: 4887953737835320
T4: 4887953738563949
T6: 4887953757105434
T4: 4887953757822098
T6: 4887953770786872
T4: 4887953773567821
T6: 4887953787490037
T4: 4887953788957061
T6: 4887953806147762
T4: 4887953806882133
T6: 4887953826066462
T4: 4887953826557494
T6: 4887953842387168
T4: 4887953842831932
T6: 4887953861360869
T4: 4887953861844773
T6: 4887953877479192
T4: 4887953878160130
T6: 4887953895538000
T4: 4887953896834235
T6: 4887953912917292
T4: 4887953913654745
T6: 4887953935278750
T4: 4887953936602093
T6: 4887953950400889
T4: 4887953951017383
T6: 4887953966996080
T4: 4887953967446140
T6: 4887953982249170
T4: 4887953982775385
T6: 4887953995340998
T4: 4887953996371798
T6: 4887954010279568
T4: 4887954010836365
T6: 4887954025806199
T4: 4887954026378056
T6: 4887954039956457
T4: 4887954040411548
T6: 4887954053806195
T4: 4887954054447244
T6: 4887954068718596
T4: 4887954069199465
T6: 4887954083496684
T4: 4887954085448323
T6: 4887954100982220
T4: 4887954101867858
T6: 4887954117226418
T4: 4887954117675625
T6: 4887954134324793
T4: 4887954134981833
T6: 4887954152061311
T4: 4887954152644362
T6: 4887954172864517
T4: 4887954173725944
T6: 4887954191028492
T4: 4887954194214738
T6: 4887954211394357
T4: 4887954212289495
T6: 4887954230177363
T4: 4887954230964181
T6: 4887954246018941
T4: 4887954246672930
T6: 4887954265238131
T4: 4887954265875387
T6: 4887954284036816
T4: 4887954284704899
T6: 4887954301955092
T4: 4887954302529589
T6: 4887954317326401
T4: 4887954317977247
T6: 4887954334993879
T4: 4887954338008748
T6: 4887954353814578
T4: 4887954354483124
T6: 4887954371005381
T4: 4887954371567311
T6: 4887954388264387
T4: 4887954388949899
T6: 4887954405845175
T4: 4887954406535311
T6: 4887954419299595
T4: 4887954421078959
T6: 4887954437224084
T4: 4887954437837200
T6: 4887954453949526
T4: 4887954454587587
T6: 4887954470932916
T4: 4887954471511302
T6: 4887954488987073
T4: 4887954489747903
T6: 4887954507238161
T4: 4887954508107667
T6: 4887954525001763
T4: 4887954525510247
T6: 4887954538353906
T4: 4887954538941958
T6: 4887954552943664
T4: 4887954553526338
T6: 4887954569355534
T4: 4887954569899157
T6: 4887954587109986
T4: 4887954589220770
T6: 4887954605783608
T4: 4887954606306602
T6: 4887954622706282
T4: 4887954623324116
T6: 4887954640518290
T4: 4887954641115697
T6: 4887954655836468
T4: 4887954656503218
T6: 4887954673973300
T4: 4887954674556409
T6: 4887954692991856
T4: 4887954693557449
T6: 4887954710884493
T4: 4887954711450499
T6: 4887954727440381
T4: 4887954728152330
T6: 4887954742640811
T4: 4887954743301639
T6: 4887954761208828
T4: 4887954761801590
T6: 4887954778123514
T4: 4887954778949293
T6: 4887954802539279
T4: 4887954806933015
T6: 4887954824476377
T4: 4887954825494953
T6: 4887954844883715
T4: 4887954845639586
T6: 4887954869874063
T4: 4887954870420304
T6: 4887954889072440
T4: 4887954889711254
T6: 4887954906287255
T4: 4887954906998319
T6: 4887954925750456
T4: 4887954926494888
T6: 4887954938658083
T4: 4887954939349331
T6: 4887954956310840
T4: 4887954957159528
T6: 4887954970595228
T4: 4887954971149779
T6: 4887954993051113
T4: 4887954994113267
T6: 4887955013666193
T4: 4887955014339646
T6: 4887955030957550
T4: 4887955035197240
T6: 4887955052347422
T4: 4887955053044431
T6: 4887955073742617
T4: 4887955074447798
T6: 4887955096091555
T4: 4887955096874353
T6: 4887955119077454
T4: 4887955120503301
T6: 4887955137898969
T4: 4887955138512292
T6: 4887955167421203
T4: 4887955168720491
T6: 4887955186933556
T4: 4887955187571486
T6: 4887955208243462
T4: 4887955208827685
T6: 4887955227351621
T4: 4887955228838605
T6: 4887955252809621
T4: 4887955253615860
T6: 4887955274522013
T4: 4887955275220992
T6: 4887955292967934
T4: 4887955293575323
T6: 4887955313536166
T4: 4887955314167416
T6: 4887955335138300
T4: 4887955336499795
T6: 4887955353492936
T4: 4887955354068951
T6: 4887955374890035
T4: 4887955375460721
T6: 4887955391478343
T4: 4887955394702987
T6: 4887955414936674
T4: 4887955415495637
T6: 4887955437921746
T4: 4887955438541901
T6: 4887955460400643
T4: 4887955461205889
T6: 4887955483403172
T4: 4887955493445661
T6: 4887955510227089
T4: 4887955511139793
T6: 4887955531147553
T4: 4887955531728892
T6: 4887955554609536
T4: 4887955555317903
T6: 4887955576927655
T4: 4887955577627155
T6: 4887955593674501
T4: 4887955594307795
T6: 4887955614629342
T4: 4887955615301750
T6: 4887955636457688
T4: 4887955637198958
T6: 4887955654171094
T4: 4887955654876229
T6: 4887955678448057
T4: 4887955679236379
T6: 4887955696568405
T4: 4887955697385854
T6: 4887955713645933
T4: 4887955714239877
T6: 4887955733057260
T4: 4887955733815640
T6: 4887955747748703
T4: 4887955748434568
T6: 4887955762345515
T4: 4887955763134400
T6: 4887955781303407
T4: 4887955782049584
T6: 4887955802040680
T4: 4887955802845996
T6: 4887955820160405
T4: 4887955820949417
T6: 4887955839463072
T4: 4887955840467041
T6: 4887955857074394
T4: 4887955857688824
T6: 4887955889533043
T4: 4887955890342519
T6: 4887955915982321
T4: 4887955916711200
T6: 4887955934055633
T4: 4887955934734257
T6: 4887955949686512
T4: 4887955950315952
T6: 4887955967209898
T4: 4887955973146942
T6: 4887955995227013
T4: 4887955996062824
T6: 4887956013692535
T4: 4887956014552594
T6: 4887956034824047
T4: 4887956035534204
T6: 4887956058885681
T4: 4887956059792309
T6: 4887956080151563
T4: 4887956080753584
T6: 4887956103251134
T4: 4887956105041799
T6: 4887956126766718
T4: 4887956129149138
T6: 4887956147610031
