(00.000035) Version: 3.16 (gitid 0)
(00.000052) Running on seuss-journal Linux 4.15.0-142-generic #146-Ubuntu SMP Tue Apr 13 01:11:19 UTC 2021 x86_64
(00.000062) Warn  (criu/kerndat.c:831): Can't load /run/criu.kdat
(00.000083) sockets: Probing sock diag modules
(00.000132) sockets: Done probing
(00.007965) Error (criu/util.c:635): exited, status=3
(00.010805) Error (criu/util.c:635): exited, status=3
(00.010874) Pagemap provides flags only
(00.011047) Found anon-shmem device at 5
(00.011068) Reset 5633's dirty tracking
(00.011087) Dirty tracking support is OFF
(00.011091) Zero page detection failed, optimization turns off.
(00.011423) Warn  (criu/proc_parse.c:886): Write 4294967295 to /proc/self/loginuid failed: Operation not permitted
(00.016357) Warn  (criu/net.c:3442): Unable to get tun network namespace
(00.016392) Warn  (criu/sk-unix.c:224): unix: Unable to open a socket file: Operation not permitted
(00.020088) Error (criu/net.c:3726): Unable create a network namespace: Operation not permitted
(00.020656) Warn  (criu/net.c:3782): NSID isn't reported for network links
(00.023987) Warn  (criu/net.c:3442): Unable to get socket network namespace
(00.024134) The new mount API (fsopen, fsmount) isn't supported
(00.024192) Error (criu/net.c:1246): Unexpected error: -1(Operation not permitted)
(00.024216) Warn  (criu/kerndat.c:1088): Can't get pidfd
(00.024264) Warn  (criu/kerndat.c:1205): CRIU was built without libnftables support
(00.024350) No inventory.img image
(00.024354) Error (criu/protobuf.c:72): Unexpected EOF on (empty-image)
