EIM: 322440147324715
EFM: 322440160286104
T4: 322441757456170
T6: 322441801691041
T4: 322441802631784
T6: 322441839977364
T4: 322441881305062
T6: 322441920962560
T4: 322441966613887
T6: 322442010447275
T4: 322442053317633
T6: 322442098276464
T4: 322442140891037
T6: 322442184473676
T4: 322442225112011
T6: 322442269290778
T4: 322442313218294
T6: 322442472973496
T4: 322442516942929
T6: 322442587475206
T4: 322442629294428
T6: 322442640324290
T4: 322442685422554
T6: 322442697719122
T4: 322442741096595
T6: 322442757931492
T4: 322442801009807
T6: 322442814904341
T4: 322442857342314
T6: 322442867946518
T4: 322442909089853
T6: 322442919628225
T4: 322442961595570
T6: 322442974258716
T4: 322443016834874
T6: 322443028696425
T4: 322443073207075
T6: 322443083503870
T4: 322443126935740
T6: 322443141395522
T4: 322443185436560
T6: 322443198571454
T4: 322443240978411
T6: 322443251951525
T4: 322443292684549
T6: 322443301615862
T4: 322443345122322
T6: 322443355592861
T4: 322443396790964
T6: 322443405284180
T4: 322443449007701
T6: 322443458808632
T4: 322443501869920
T6: 322443514108342
T4: 322443557135987
T6: 322443565852895
T4: 322443610145040
T6: 322443622875300
T4: 322443665018232
T6: 322443678413044
T4: 322443721504919
T6: 322443732643839
T4: 322443777954900
T6: 322443785782142
T4: 322443829007229
T6: 322443840454765
T4: 322443885154015
T6: 322443895638482
T4: 322443936961239
T6: 322443948115615
T4: 322443993903631
T6: 322444002902211
T4: 322444045217810
T6: 322444056415291
T4: 322444101356524
T6: 322444114873967
T4: 322444157021213
T6: 322444165826498
T4: 322444208953474
T6: 322444222333757
T4: 322444265054744
T6: 322444279068774
T4: 322444321197659
T6: 322444331539617
T4: 322444372779695
T6: 322444383636885
T4: 322444426132862
T6: 322444439147349
T4: 322444480798517
T6: 322444489011356
T4: 322444533446884
T6: 322444545173343
T4: 322444588758918
T6: 322444596805788
T4: 322444641664162
T6: 322444653289380
T4: 322444696871939
T6: 322444707846282
T4: 322444749282389
T6: 322444759340045
T4: 322444800993000
T6: 322444811288864
T4: 322444853116036
T6: 322444861167155
T4: 322444905831868
T6: 322444920515706
T4: 322444965478228
T6: 322444977199145
T4: 322445021053009
T6: 322445029595568
T4: 322445074743369
T6: 322445086703336
T4: 322445129144326
T6: 322445141505438
T4: 322445184983037
T6: 322445196512958
T4: 322445242877829
T6: 322445255648850
T4: 322445296938240
T6: 322445307933136
T4: 322445349572057
T6: 322445362277989
T4: 322445405062326
T6: 322445417779193
T4: 322445461272984
T6: 322445473105310
T4: 322445516919474
T6: 322445527280544
T4: 322445569487346
T6: 322445581690346
T4: 322445625294212
T6: 322445635512372
T4: 322445676776635
T6: 322445685308021
T4: 322445729580523
T6: 322445738435119
T4: 322445781377176
T6: 322445791769579
T4: 322445833158987
T6: 322445842030097
T4: 322445885177250
T6: 322445897654940
T4: 322445940980325
T6: 322445953361885
T4: 322445997464577
T6: 322446007786128
T4: 322446048946211
T6: 322446066525903
T4: 322446109560255
T6: 322446120445806
T4: 322446165130664
T6: 322446177754940
T4: 322446221051127
T6: 322446230349042
T4: 322446273135179
T6: 322446281846042
T4: 322446324962232
T6: 322446334244645
T4: 322446376699122
T6: 322446385323817
T4: 322446429360582
T6: 322446438651709
T4: 322446481269175
T6: 322446492563373
T4: 322446538515003
T6: 322446547270017
T4: 322446589385530
T6: 322446601256039
T4: 322446645235903
T6: 322446653341322
T4: 322446696960419
T6: 322446708354146
T4: 322446755220480
T6: 322446765013585
T4: 322446805723974
T6: 322446814773768
T4: 322446857734833
T6: 322446866274680
T4: 322446909790584
T6: 322446921128764
T4: 322446964886010
T6: 322446975267453
T4: 322447016975115
T6: 322447026509895
T4: 322447069434159
T6: 322447080169284
T4: 322447125899900
T6: 322447137631051
T4: 322447181279793
T6: 322447193115497
T4: 322447237102466
T6: 322447247586757
T4: 322447289039749
T6: 322447300422237
T4: 322447344928802
T6: 322447355531148
T4: 322447397412847
T6: 322447414059763
T4: 322447456872247
T6: 322447468929212
T4: 322447514587835
T6: 322447525969781
T4: 322447569636616
T6: 322447577985298
T4: 322447621256422
T6: 322447630996843
T4: 322447672954922
T6: 322447684849799
T4: 322447728986760
T6: 322447740973501
T4: 322447786665402
T6: 322447799050880
T4: 322447841052746
T6: 322447852270381
T4: 322447897050220
T6: 322447909402680
T4: 322447953955318
T6: 322447961632866
T4: 322448004817108
T6: 322448016227325
T4: 322448061904851
T6: 322448073992262
T4: 322448116962642
T6: 322448128583664
T4: 322448172873012
T6: 322448183292629
T4: 322448225084909
T6: 322448234459758
T4: 322448277397268
T6: 322448290474158
T4: 322448333435796
T6: 322448346912371
T4: 322448388888409
T6: 322448401057697
T4: 322448445867931
T6: 322448454817523
T4: 322448501016410
T6: 322448510608776
T4: 322448553468223
T6: 322448561464590
T4: 322448604995549
T6: 322448616026162
T4: 322448656799611
T6: 322448666899774
T4: 322448709819234
T6: 322448719792144
T4: 322448761524496
T6: 322448773094363
T4: 322448818119905
T6: 322448827094988
T4: 322448869305228
T6: 322448880866742
T4: 322448925439991
T6: 322448935109229
T4: 322448976964821
T6: 322448987151982
T4: 322449028866918
T6: 322449038036636
T4: 322449081077559
T6: 322449091312551
T4: 322449133624593
T6: 322449145960637
T4: 322449190915403
T6: 322449202528553
T4: 322449244976607
T6: 322449253948855
T4: 322449297372444
T6: 322449308224481
T4: 322449348909936
T6: 322449357518068
T4: 322449400856827
T6: 322449409206454
T4: 322449454315958
T6: 322449462377434
T4: 322449505066167
T6: 322449515258643
T4: 322449556701394
T6: 322449568228740
T4: 322449613068130
T6: 322449624306491
T4: 322449669236103
T6: 322449682246488
T4: 322449725009812
T6: 322449734629283
T4: 322449777420968
T6: 322449789285290
T4: 322449833089376
T6: 322449843195405
T4: 322449885366268
T6: 322449897272206
T4: 322449940900377
T6: 322449950391578
T4: 322449993634068
T6: 322450005134118
T4: 322450048815006
T6: 322450057971901
T4: 322450101644363
T6: 322450113486728
T4: 322450157257670
T6: 322450168414998
T4: 322450212910340
T6: 322450223331075
T4: 322450265069492
T6: 322450274525839
T4: 322450317206258
T6: 322450329029150
T4: 322450373045854
T6: 322450381495053
T4: 322450425877993
T6: 322450433478631
T4: 322450476939630
T6: 322450487358587
T4: 322450528746536
T6: 322450537663469
T4: 322450581262051
T6: 322450591155701
T4: 322450633013200
T6: 322450640904033
T4: 322450684824089
T6: 322450694712835
T4: 322450738162651
T6: 322450750389306
T4: 322450792912110
T6: 322450801339986
T4: 322450845892455
T6: 322450855620589
T4: 322450896935256
T6: 322450907102101
T4: 322450948996812
T6: 322450958296249
T4: 322451003500867
T6: 322451016802191
T4: 322451061383381
T6: 322451071009380
T4: 322451112957058
T6: 322451122620614
T4: 322451164939834
T6: 322451176854006
T4: 322451220855221
T6: 322451231409693
T4: 322451273143224
T6: 322451282762790
T4: 322451324787274
T6: 322451333425987
T4: 322451376954069
T6: 322451386202452
T4: 322451429095966
T6: 322451442577514
T4: 322451484914493
T6: 322451496690753
T4: 322451541099749
T6: 322451548922724
T4: 322451593257489
T6: 322451605544570
T4: 322451649196979
T6: 322451659645165
T4: 322451700921737
T6: 322451712589574
T4: 322451757155341
T6: 322451765568158
T4: 322451809717834
T6: 322451818966758
T4: 322451860708800
T6: 322451869240788
T4: 322451913560592
T6: 322451925146206
T4: 322451968991524
T6: 322451981394690
T4: 322452024788024
T6: 322452034406556
T4: 322452077158727
T6: 322452088342541
T4: 322452133379608
T6: 322452144851140
T4: 322452189320311
T6: 322452199424896
T4: 322452240850417
T6: 322452251008890
T4: 322452293030635
T6: 322452306102184
T4: 322452349242990
T6: 322452360287127
T4: 322452405350204
T6: 322452412976393
T4: 322452457299389
T6: 322452469342741
T4: 322452513083649
T6: 322452522045574
T4: 322452565259501
T6: 322452575013313
T4: 322452617011498
T6: 322452626196579
T4: 322452669601097
T6: 322452681353299
T4: 322452724947831
T6: 322452734381026
T4: 322452778241159
T6: 322455197393824
T4: 322455242290018
T6: 322455244937165
T4: 322455289126922
T6: 322455291737382
