(00.000064) Version: 3.16 (gitid 0)
(00.000103) Running on seuss-journal Linux 4.15.0-163-generic #171-Ubuntu SMP Fri Nov 5 11:55:11 UTC 2021 x86_64
(00.000143) sockets: Probing sock diag modules
(00.000217) sockets: Done probing
(00.003274) Error (criu/util.c:635): exited, status=3
(00.007519) Error (criu/util.c:635): exited, status=3
(00.007608) Pagemap provides flags only
(00.007733) Found anon-shmem device at 5
(00.007742) Reset 1314's dirty tracking
(00.007757) Dirty tracking support is OFF
(00.007760) Zero page detection failed, optimization turns off.
(00.007828) Warn  (criu/proc_parse.c:886): Write 4294967295 to /proc/self/loginuid failed: Operation not permitted
(00.012280) Warn  (criu/net.c:3442): Unable to get tun network namespace
(00.012307) Warn  (criu/sk-unix.c:224): unix: Unable to open a socket file: Operation not permitted
(00.012693) Error (criu/net.c:3726): Unable create a network namespace: Operation not permitted
(00.012993) Warn  (criu/net.c:3782): NSID isn't reported for network links
(00.016203) Warn  (criu/net.c:3442): Unable to get socket network namespace
(00.016364) The new mount API (fsopen, fsmount) isn't supported
(00.016407) Error (criu/net.c:1246): Unexpected error: -1(Operation not permitted)
(00.016431) Warn  (criu/kerndat.c:1088): Can't get pidfd
(00.016482) Warn  (criu/kerndat.c:1205): CRIU was built without libnftables support
(00.016590) No inventory.img image
(00.016599) Error (criu/protobuf.c:72): Unexpected EOF on (empty-image)
