EIM: 4878704999177288
EFM: 4878705019505764
T4: 4878706165109394
T6: 4878706207454841
T4: 4878706209110973
T6: 4878706238773912
T4: 4878706282770182
T6: 4878706322888378
T4: 4878706366211622
T6: 4878706397826081
T4: 4878706441707706
T6: 4878706486395781
T4: 4878706529382881
T6: 4878706573795338
T4: 4878706617791709
T6: 4878706643868382
T4: 4878706686348001
T6: 4878706718986994
T4: 4878706761348923
T6: 4878706795254386
T4: 4878706836843146
T6: 4878706862197375
T4: 4878706906272162
T6: 4878706931736652
T4: 4878706972569106
T6: 4878707006248640
T4: 4878707049926767
T6: 4878707080879884
T4: 4878707125379207
T6: 4878707165524891
T4: 4878707208921839
T6: 4878707241787430
T4: 4878707285141907
T6: 4878707310770076
T4: 4878707352651030
T6: 4878707379423024
T4: 4878707421203667
T6: 4878707450974176
T4: 4878707494431416
T6: 4878707515145258
T4: 4878707557300996
T6: 4878707582242970
T4: 4878707624988835
T6: 4878707644646855
T4: 4878707689001841
T6: 4878707709329322
T4: 4878707752767879
T6: 4878707775428959
T4: 4878707817659854
T6: 4878707836769617
T4: 4878707880602064
T6: 4878707910104723
T4: 4878707953372264
T6: 4878707978473176
T4: 4878708021133490
T6: 4878708042126950
T4: 4878708085088772
T6: 4878708105980446
T4: 4878708148729930
T6: 4878708175088210
T4: 4878708217041492
T6: 4878708239543571
T4: 4878708281007094
T6: 4878708307027811
T4: 4878708348694480
T6: 4878708370574068
T4: 4878708413248852
T6: 4878708443728606
T4: 4878708485200473
T6: 4878708510764717
T4: 4878708553509557
T6: 4878708582024959
T4: 4878708624684668
T6: 4878708647444682
T4: 4878708688755496
T6: 4878708715417965
T4: 4878708756628313
T6: 4878708782411513
T4: 4878708825460776
T6: 4878708865805553
T4: 4878708909895937
T6: 4878708943271931
T4: 4878708984858152
T6: 4878709008986813
T4: 4878709053098636
T6: 4878709073324362
T4: 4878709116989237
T6: 4878709142335226
T4: 4878709185436370
T6: 4878709213435803
T4: 4878709257613436
T6: 4878709283660493
T4: 4878709325169621
T6: 4878709353479155
T4: 4878709397016502
T6: 4878709422910988
T4: 4878709466190227
T6: 4878709494920470
T4: 4878709537299182
T6: 4878709563354959
T4: 4878709607441479
T6: 4878709633250047
T4: 4878709679321954
T6: 4878709704242690
T4: 4878709745263720
T6: 4878709767745441
T4: 4878709809459542
T6: 4878709837660253
T4: 4878709882753006
T6: 4878709908389828
T4: 4878709953951569
T6: 4878709974342068
T4: 4878710016947159
T6: 4878710038200820
T4: 4878710080842846
T6: 4878710110718178
T4: 4878710153339426
T6: 4878710181957286
T4: 4878710224911968
T6: 4878710262085523
T4: 4878710305362071
T6: 4878710330852201
T4: 4878710374284548
T6: 4878710402167677
T4: 4878710445811036
T6: 4878710469785246
T4: 4878710513242214
T6: 4878710541451721
T4: 4878710585137273
T6: 4878710608208655
T4: 4878710652972913
T6: 4878710675001752
T4: 4878710716568878
T6: 4878710745420516
T4: 4878710788951749
T6: 4878710821808970
T4: 4878710866710456
T6: 4878710890198815
T4: 4878710933006029
T6: 4878710958018228
T4: 4878711000778081
T6: 4878711022184493
T4: 4878711064820475
T6: 4878711088876474
T4: 4878711133247616
T6: 4878711153915619
T4: 4878711196996818
T6: 4878711217210500
T4: 4878711261073772
T6: 4878711283423382
T4: 4878711329043434
T6: 4878711354813715
T4: 4878711396652230
T6: 4878711418898180
T4: 4878711461090334
T6: 4878711493370464
T4: 4878711539596904
T6: 4878711565691947
T4: 4878711610307697
T6: 4878711634198750
T4: 4878711676710857
T6: 4878711699177981
T4: 4878711740627766
T6: 4878711763507158
T4: 4878711804977021
T6: 4878711828246905
T4: 4878711868749379
T6: 4878711891686748
T4: 4878711933617379
T6: 4878711959439426
T4: 4878712000814520
T6: 4878712022197902
T4: 4878712065253380
T6: 4878712086416067
T4: 4878712128811920
T6: 4878712148344510
T4: 4878712192906162
T6: 4878712217875191
T4: 4878712261194571
T6: 4878712286860387
T4: 4878712329213013
T6: 4878712356427838
T4: 4878712401396079
T6: 4878712429901101
T4: 4878712474343641
T6: 4878712502157338
T4: 4878712545741812
T6: 4878712566740884
T4: 4878712608743531
T6: 4878712629227984
T4: 4878712673045711
T6: 4878712694838794
T4: 4878712738074469
T6: 4878712758608815
T4: 4878712800996247
T6: 4878712822466883
T4: 4878712864901531
T6: 4878712888600813
T4: 4878712933446247
T6: 4878712956929509
T4: 4878713001718516
T6: 4878713023793034
T4: 4878713064632226
T6: 4878713092541323
T4: 4878713136757910
T6: 4878713157234973
T4: 4878713200643467
T6: 4878713218976098
T4: 4878713261028080
T6: 4878713293472820
T4: 4878713337265638
T6: 4878713356842653
T4: 4878713401434919
T6: 4878713421780945
T4: 4878713464911833
T6: 4878713489281974
T4: 4878713533867957
T6: 4878713557468961
T4: 4878713600634694
T6: 4878713625419367
T4: 4878713668965706
T6: 4878713691265354
T4: 4878713733150082
T6: 4878713757179212
T4: 4878713800718324
T6: 4878713820895817
T4: 4878713865288592
T6: 4878713886368376
T4: 4878713928899384
T6: 4878713951725719
T4: 4878713992878667
T6: 4878714014010904
T4: 4878714057470962
T6: 4878714083744307
T4: 4878714124742880
T6: 4878714145491903
T4: 4878714189344949
T6: 4878714208844156
T4: 4878714253225740
T6: 4878714273898606
T4: 4878714316787656
T6: 4878714341241980
T4: 4878714384913877
T6: 4878714407818304
T4: 4878714448653822
T6: 4878714471363369
T4: 4878714513882122
T6: 4878714533547165
T4: 4878714576861789
T6: 4878714602707149
T4: 4878714644750026
T6: 4878714666981518
T4: 4878714709542090
T6: 4878714730397850
T4: 4878714773194604
T6: 4878714799265138
T4: 4878714840895400
T6: 4878714863535851
T4: 4878714904916673
T6: 4878714925228854
T4: 4878714970054721
T6: 4878714991050032
T4: 4878715032826879
T6: 4878715055407770
T4: 4878715097236152
T6: 4878715117690664
T4: 4878715160967388
T6: 4878715181560818
T4: 4878715225408624
T6: 4878715247382114
T4: 4878715288845128
T6: 4878715318495218
T4: 4878715360775329
T6: 4878715381215635
T4: 4878715425682442
T6: 4878715450264709
T4: 4878715492732395
T6: 4878715513702780
T4: 4878715557247062
T6: 4878715577041415
T4: 4878715620609613
T6: 4878715639858013
T4: 4878715682499445
T6: 4878715701759816
T4: 4878715744818866
T6: 4878715765359174
T4: 4878715809030807
T6: 4878715829667606
T4: 4878715872940080
T6: 4878715893410443
T4: 4878715936895097
T6: 4878715958656906
T4: 4878716001530213
T6: 4878716022043768
T4: 4878716064907217
T6: 4878716085788406
T4: 4878716129007390
T6: 4878716150343578
T4: 4878716194058056
T6: 4878716219213530
T4: 4878716261153524
T6: 4878716286201483
T4: 4878716328723541
T6: 4878716347753375
T4: 4878716389042528
T6: 4878716413874927
T4: 4878716458497140
T6: 4878716479792213
T4: 4878716521496019
T6: 4878716542062579
T4: 4878716585018654
T6: 4878716606634550
T4: 4878716649328112
T6: 4878716669631653
T4: 4878716713462220
T6: 4878716735229608
T4: 4878716777238036
T6: 4878716801142796
T4: 4878716845327946
T6: 4878716866919926
T4: 4878716908925075
T6: 4878716929613623
T4: 4878716973222546
T6: 4878716993460926
T4: 4878717037444275
T6: 4878717062510303
T4: 4878717106403160
T6: 4878717127160313
T4: 4878717169593709
T6: 4878717195060246
T4: 4878717237632555
T6: 4878717257597616
T4: 4878717301036157
T6: 4878717320869372
T4: 4878717364807285
T6: 4878717387294400
T4: 4878717429569419
T6: 4878717450205593
T4: 4878717493041138
T6: 4878717515498299
T4: 4878717556952412
T6: 4878717590911651
T4: 4878717633130752
T6: 4878717655732413
T4: 4878717697313446
T6: 4878717717080778
T4: 4878717761202056
T6: 4878717787338965
T4: 4878717829280626
T6: 4878717849941332
T4: 4878717892983830
T6: 4878717912527741
T4: 4878717957228422
T6: 4878717977992061
T4: 4878718020988494
T6: 4878718043461481
T4: 4878718085109107
T6: 4878718107052760
T4: 4878718149591459
T6: 4878718173906159
T4: 4878718216631333
T6: 4878718237320190
T4: 4878718281299138
T6: 4878718300594207
T4: 4878718345247458
T6: 4878718366974235
T4: 4878718408951695
T6: 4878718439739898
T4: 4878718481556072
T6: 4878718512985354
T4: 4878718557500489
T6: 4878718581713584
T4: 4878718624844050
T6: 4878718647157857
T4: 4878718689111379
T6: 4878718714006125
T4: 4878718756930165
T6: 4878718785074717
T4: 4878718828541094
T6: 4878718849807637
T4: 4878718893440865
T6: 4878718918357848
T4: 4878718960579943
T6: 4878718986371265
T4: 4878719029141161
T6: 4878719058945529
T4: 4878719100656624
T6: 4878719122101391
T4: 4878719164865008
T6: 4878719193086914
T4: 4878719236470141
T6: 4878719258079780
T4: 4878719301860252
T6: 4878719323473390
T4: 4878719364500722
T6: 4878719386840045
T4: 4878719428801358
T6: 4878719451799422
T4: 4878719494173748
T6: 4878719514837273
T4: 4878719557078085
T6: 4878719580406021
