(00.000053) Version: 3.16 (gitid 0)
(00.000072) Running on seuss-journal Linux 4.15.0-142-generic #146-Ubuntu SMP Tue Apr 13 01:11:19 UTC 2021 x86_64
(00.000085) Warn  (criu/kerndat.c:831): Can't load /run/criu.kdat
(00.000107) sockets: Probing sock diag modules
(00.000162) sockets: Done probing
(00.016659) Error (criu/util.c:635): exited, status=3
(00.021721) Error (criu/util.c:635): exited, status=3
(00.021775) Pagemap provides flags only
(00.022105) Found anon-shmem device at 5
(00.022122) Reset 5232's dirty tracking
(00.022136) Dirty tracking support is OFF
(00.022139) Zero page detection failed, optimization turns off.
(00.022227) Warn  (criu/proc_parse.c:886): Write 4294967295 to /proc/self/loginuid failed: Operation not permitted
(00.028234) Warn  (criu/net.c:3442): Unable to get tun network namespace
(00.028261) Warn  (criu/sk-unix.c:224): unix: Unable to open a socket file: Operation not permitted
(00.028668) Error (criu/net.c:3726): Unable create a network namespace: Operation not permitted
(00.028951) Warn  (criu/net.c:3782): NSID isn't reported for network links
(00.031564) Warn  (criu/net.c:3442): Unable to get socket network namespace
(00.031882) The new mount API (fsopen, fsmount) isn't supported
(00.031917) Error (criu/net.c:1246): Unexpected error: -1(Operation not permitted)
(00.031950) Warn  (criu/kerndat.c:1088): Can't get pidfd
(00.031991) Warn  (criu/kerndat.c:1205): CRIU was built without libnftables support
(00.032084) No inventory.img image
(00.032093) Error (criu/protobuf.c:72): Unexpected EOF on (empty-image)
