nohup: ignoring input
Killed node(22805) with signal 15
python3: no process found
java: no process found
Default Handler Type
Got Ready Time
Values for Ready Time [6957450140617324, 6957451781911577]
Applying requests
Writing results
Killing Process: 23109

Waiting...

End of execution: 1

node: no process found
python3: no process found
java: no process found
Default Handler Type
Got Ready Time
Values for Ready Time [6957474904670660, 6957476549086581]
Applying requests
Writing results
Killing Process: 23134

Waiting...

End of execution: 2

node: no process found
python3: no process found
java: no process found
Default Handler Type
Got Ready Time
Values for Ready Time [6957499479926200, 6957501181001789]
Applying requests
Writing results
Killing Process: 23156

Waiting...

End of execution: 3

node: no process found
python3: no process found
java: no process found
Default Handler Type
Got Ready Time
Values for Ready Time [6957524255698087, 6957525929143320]
Applying requests
Writing results
Killing Process: 23178

Waiting...

End of execution: 4

node: no process found
python3: no process found
java: no process found
Default Handler Type
Got Ready Time
Values for Ready Time [6957548469293555, 6957550097677735]
Applying requests
Writing results
Killing Process: 23200

Waiting...

End of execution: 5

node: no process found
python3: no process found
java: no process found
Default Handler Type
Got Ready Time
Values for Ready Time [6957573661037696, 6957575272437195]
Applying requests
Writing results
Killing Process: 23223

Waiting...

End of execution: 6

node: no process found
python3: no process found
java: no process found
Default Handler Type
Got Ready Time
Values for Ready Time [6957597993653266, 6957599789682859]
Applying requests
Writing results
Killing Process: 23246

Waiting...

End of execution: 7

node: no process found
python3: no process found
java: no process found
Default Handler Type
Got Ready Time
Values for Ready Time [6957623100784649, 6957624674198667]
Applying requests
Writing results
Killing Process: 23268

Waiting...

End of execution: 8

node: no process found
python3: no process found
java: no process found
Default Handler Type
Got Ready Time
Values for Ready Time [6957647893961565, 6957649655300733]
Applying requests
Writing results
Killing Process: 23290

Waiting...

End of execution: 9

node: no process found
python3: no process found
java: no process found
Default Handler Type
Got Ready Time
Values for Ready Time [6957673039245032, 6957674745661671]
Applying requests
Writing results
Killing Process: 23312

Waiting...

End of execution: 10

node: no process found
python3: no process found
java: no process found
Default Handler Type
Got Ready Time
Values for Ready Time [6957697692211831, 6957699275934556]
Applying requests
Writing results
Killing Process: 23334

Waiting...

End of execution: 11

node: no process found
python3: no process found
java: no process found
Default Handler Type
Got Ready Time
Values for Ready Time [6957722478125429, 6957724125513517]
Applying requests
Writing results
Killing Process: 23356

Waiting...

End of execution: 12

node: no process found
python3: no process found
java: no process found
Default Handler Type
Got Ready Time
Values for Ready Time [6957747260129838, 6957748860884225]
Applying requests
Writing results
Killing Process: 23378

Waiting...

End of execution: 13

node: no process found
python3: no process found
java: no process found
Default Handler Type
Got Ready Time
Values for Ready Time [6957771937639885, 6957773660308127]
Applying requests
Writing results
Killing Process: 23402

Waiting...

End of execution: 14

node: no process found
python3: no process found
java: no process found
Default Handler Type
Got Ready Time
Values for Ready Time [6957797197922900, 6957798844775431]
Applying requests
Writing results
Killing Process: 23424

Waiting...

End of execution: 15

node: no process found
python3: no process found
java: no process found
Default Handler Type
Got Ready Time
Values for Ready Time [6957822079725102, 6957823648590311]
Applying requests
Writing results
Killing Process: 23446

Waiting...

End of execution: 16

node: no process found
python3: no process found
java: no process found
Default Handler Type
Got Ready Time
Values for Ready Time [6957847629503965, 6957849281611949]
Applying requests
Writing results
Killing Process: 23468

Waiting...

End of execution: 17

node: no process found
python3: no process found
java: no process found
Default Handler Type
Got Ready Time
Values for Ready Time [6957872837922469, 6957874512371749]
Applying requests
Writing results
Killing Process: 23490

Waiting...

End of execution: 18

node: no process found
python3: no process found
java: no process found
Default Handler Type
Got Ready Time
Values for Ready Time [6957898465490853, 6957900002029857]
Applying requests
Writing results
Killing Process: 23512

Waiting...

End of execution: 19

node: no process found
python3: no process found
java: no process found
Default Handler Type
Got Ready Time
Values for Ready Time [6957924103412117, 6957925724153602]
Applying requests
Writing results
Killing Process: 23534

Waiting...

End of execution: 20

node: no process found
python3: no process found
java: no process found
Default Handler Type
Got Ready Time
Values for Ready Time [6957949502547498, 6957951136897831]
Applying requests
Writing results
Killing Process: 23556

Waiting...

End of execution: 21

node: no process found
python3: no process found
java: no process found
Default Handler Type
Got Ready Time
Values for Ready Time [6957975356385482, 6957976957607743]
Applying requests
Writing results
Killing Process: 23578

Waiting...

End of execution: 22

node: no process found
python3: no process found
java: no process found
Default Handler Type
Got Ready Time
Values for Ready Time [6958000301319981, 6958002104946788]
Applying requests
Writing results
Killing Process: 23600

Waiting...

End of execution: 23

node: no process found
python3: no process found
java: no process found
Default Handler Type
Got Ready Time
Values for Ready Time [6958025349035794, 6958027060755178]
Applying requests
Writing results
Killing Process: 23622

Waiting...

End of execution: 24

node: no process found
python3: no process found
java: no process found
Default Handler Type
Got Ready Time
Values for Ready Time [6958050389835319, 6958052040906426]
Applying requests
Writing results
Killing Process: 23644

Waiting...

End of execution: 25

node: no process found
python3: no process found
java: no process found
Default Handler Type
Got Ready Time
Values for Ready Time [6958075514108095, 6958077370666435]
Applying requests
Writing results
Killing Process: 23666

Waiting...

End of execution: 26

node: no process found
python3: no process found
java: no process found
Default Handler Type
Got Ready Time
Values for Ready Time [6958100711571334, 6958102271474039]
Applying requests
Writing results
Killing Process: 23688

Waiting...

End of execution: 27

node: no process found
python3: no process found
java: no process found
Default Handler Type
Got Ready Time
Values for Ready Time [6958125469386205, 6958127077228732]
Applying requests
Writing results
Killing Process: 23710

Waiting...

End of execution: 28

node: no process found
python3: no process found
java: no process found
Default Handler Type
Got Ready Time
Values for Ready Time [6958150858989391, 6958152646910223]
Applying requests
Writing results
Killing Process: 23732

Waiting...

End of execution: 29

node: no process found
python3: no process found
java: no process found
Default Handler Type
Got Ready Time
Values for Ready Time [6958176252619581, 6958177991921344]
Applying requests
Writing results
Killing Process: 23754

Waiting...

End of execution: 30

node: no process found
python3: no process found
java: no process found
Default Handler Type
Got Ready Time
Values for Ready Time [6958201293191300, 6958203059848175]
Applying requests
Writing results
Killing Process: 23776

Waiting...

End of execution: 31

node: no process found
python3: no process found
java: no process found
Default Handler Type
Got Ready Time
Values for Ready Time [6958225898890809, 6958227628873998]
Applying requests
Writing results
Killing Process: 23798

Waiting...

End of execution: 32

node: no process found
python3: no process found
java: no process found
Default Handler Type
Got Ready Time
Values for Ready Time [6958250523454341, 6958252047209002]
Applying requests
Writing results
Killing Process: 23820

Waiting...

End of execution: 33

node: no process found
python3: no process found
java: no process found
Default Handler Type
Got Ready Time
Values for Ready Time [6958275346506092, 6958276921881962]
Applying requests
Writing results
Killing Process: 23842

Waiting...

End of execution: 34

node: no process found
python3: no process found
java: no process found
Default Handler Type
Got Ready Time
Values for Ready Time [6958299908314618, 6958301781368674]
Applying requests
Writing results
Killing Process: 23864

Waiting...

End of execution: 35

node: no process found
python3: no process found
java: no process found
Default Handler Type
Got Ready Time
Values for Ready Time [6958324982757381, 6958326653247183]
Applying requests
Writing results
Killing Process: 23886

Waiting...

End of execution: 36

node: no process found
python3: no process found
java: no process found
Default Handler Type
Got Ready Time
Values for Ready Time [6958349722777187, 6958351254825432]
Applying requests
Writing results
Killing Process: 23908

Waiting...

End of execution: 37

node: no process found
python3: no process found
java: no process found
Default Handler Type
Got Ready Time
Values for Ready Time [6958373923637887, 6958375420717900]
Applying requests
Writing results
Killing Process: 23930

Waiting...

End of execution: 38

node: no process found
python3: no process found
java: no process found
Default Handler Type
Got Ready Time
Values for Ready Time [6958398123599894, 6958399595827344]
Applying requests
Writing results
Killing Process: 23953

Waiting...

End of execution: 39

node: no process found
python3: no process found
java: no process found
Default Handler Type
Got Ready Time
Values for Ready Time [6958422892908662, 6958424429175104]
Applying requests
Writing results
Killing Process: 23976

Waiting...

End of execution: 40

node: no process found
python3: no process found
java: no process found
Default Handler Type
Got Ready Time
Values for Ready Time [6958447109628903, 6958448602931791]
Applying requests
Writing results
Killing Process: 23998

Waiting...

End of execution: 41

node: no process found
python3: no process found
java: no process found
Default Handler Type
Got Ready Time
Values for Ready Time [6958471730338210, 6958473348107814]
Applying requests
Writing results
Killing Process: 24020

Waiting...

End of execution: 42

node: no process found
python3: no process found
java: no process found
Default Handler Type
Got Ready Time
Values for Ready Time [6958496733756917, 6958498356200484]
Applying requests
Writing results
Killing Process: 24042

Waiting...

End of execution: 43

node: no process found
python3: no process found
java: no process found
Default Handler Type
Got Ready Time
Values for Ready Time [6958521276109583, 6958522921411520]
Applying requests
Writing results
Killing Process: 24064

Waiting...

End of execution: 44

node: no process found
python3: no process found
java: no process found
Default Handler Type
Got Ready Time
Values for Ready Time [6958546194015480, 6958547757244648]
Applying requests
Writing results
Killing Process: 24087

Waiting...

End of execution: 45

node: no process found
python3: no process found
java: no process found
Default Handler Type
Got Ready Time
Values for Ready Time [6958570444931081, 6958572192144144]
Applying requests
Writing results
Killing Process: 24109

Waiting...

End of execution: 46

node: no process found
python3: no process found
java: no process found
Default Handler Type
Got Ready Time
Values for Ready Time [6958595076982467, 6958596664183355]
Applying requests
Writing results
Killing Process: 24131

Waiting...

End of execution: 47

node: no process found
python3: no process found
java: no process found
Default Handler Type
Got Ready Time
Values for Ready Time [6958620303703586, 6958621987174144]
Applying requests
Writing results
Killing Process: 24153

Waiting...

End of execution: 48

node: no process found
python3: no process found
java: no process found
Default Handler Type
Got Ready Time
Values for Ready Time [6958644755945595, 6958646479905402]
Applying requests
Writing results
Killing Process: 24175

Waiting...

End of execution: 49

node: no process found
python3: no process found
java: no process found
Default Handler Type
Got Ready Time
Values for Ready Time [6958670081502617, 6958671615773801]
Applying requests
Writing results
Killing Process: 24197

Waiting...

End of execution: 50

node: no process found
python3: no process found
java: no process found
Default Handler Type
Got Ready Time
Values for Ready Time [6958694678020917, 6958696259533434]
Applying requests
Writing results
Killing Process: 24219

Waiting...

End of execution: 51

node: no process found
python3: no process found
java: no process found
Default Handler Type
Got Ready Time
Values for Ready Time [6958720140314036, 6958721774160855]
Applying requests
Writing results
Killing Process: 24241

Waiting...

End of execution: 52

node: no process found
python3: no process found
java: no process found
Default Handler Type
Got Ready Time
Values for Ready Time [6958744534872306, 6958746137947308]
Applying requests
Writing results
Killing Process: 24264

Waiting...

End of execution: 53

node: no process found
python3: no process found
java: no process found
Default Handler Type
Got Ready Time
Values for Ready Time [6958769850521546, 6958771514475270]
Applying requests
Writing results
Killing Process: 24286

Waiting...

End of execution: 54

node: no process found
python3: no process found
java: no process found
Default Handler Type
Got Ready Time
Values for Ready Time [6958795014452608, 6958796671283102]
Applying requests
Writing results
Killing Process: 24308

Waiting...

End of execution: 55

node: no process found
python3: no process found
java: no process found
Default Handler Type
Got Ready Time
Values for Ready Time [6958819580426456, 6958821221655384]
Applying requests
Writing results
Killing Process: 24330

Waiting...

End of execution: 56

node: no process found
python3: no process found
java: no process found
Default Handler Type
Got Ready Time
Values for Ready Time [6958844248745735, 6958845931288613]
Applying requests
Writing results
Killing Process: 24353

Waiting...

End of execution: 57

node: no process found
python3: no process found
java: no process found
Default Handler Type
Got Ready Time
Values for Ready Time [6958868879248674, 6958870340064508]
Applying requests
Writing results
Killing Process: 24375

Waiting...

End of execution: 58

node: no process found
python3: no process found
java: no process found
Default Handler Type
Got Ready Time
Values for Ready Time [6958893551299317, 6958895105342609]
Applying requests
Writing results
Killing Process: 24397

Waiting...

End of execution: 59

node: no process found
python3: no process found
java: no process found
Default Handler Type
Got Ready Time
Values for Ready Time [6958917879419616, 6958919404416903]
Applying requests
Writing results
Killing Process: 24419

Waiting...

End of execution: 60

node: no process found
python3: no process found
java: no process found
Default Handler Type
Got Ready Time
Values for Ready Time [6958942331428284, 6958944077999457]
Applying requests
Writing results
Killing Process: 24441

Waiting...

End of execution: 61

node: no process found
python3: no process found
java: no process found
Default Handler Type
Got Ready Time
Values for Ready Time [6958967445446865, 6958969002423557]
Applying requests
Writing results
Killing Process: 24463

Waiting...

End of execution: 62

node: no process found
python3: no process found
java: no process found
Default Handler Type
Got Ready Time
Values for Ready Time [6958991527159430, 6958993085418662]
Applying requests
Writing results
Killing Process: 24485

Waiting...

End of execution: 63

node: no process found
python3: no process found
java: no process found
Default Handler Type
Got Ready Time
Values for Ready Time [6959016749836820, 6959018311201402]
Applying requests
Writing results
Killing Process: 24507

Waiting...

End of execution: 64

node: no process found
python3: no process found
java: no process found
Default Handler Type
Got Ready Time
Values for Ready Time [6959040821941898, 6959042366305128]
Applying requests
Writing results
Killing Process: 24529

Waiting...

End of execution: 65

node: no process found
python3: no process found
java: no process found
Default Handler Type
Got Ready Time
Values for Ready Time [6959064360823410, 6959065866531283]
Applying requests
Writing results
Killing Process: 24551

Waiting...

End of execution: 66

node: no process found
python3: no process found
java: no process found
Default Handler Type
Got Ready Time
Values for Ready Time [6959089306921841, 6959090846485395]
Applying requests
Writing results
Killing Process: 24573

Waiting...

End of execution: 67

node: no process found
python3: no process found
java: no process found
Default Handler Type
Got Ready Time
Values for Ready Time [6959114530604308, 6959116190541959]
Applying requests
Writing results
Killing Process: 24595

Waiting...

End of execution: 68

node: no process found
python3: no process found
java: no process found
Default Handler Type
Got Ready Time
Values for Ready Time [6959138969231527, 6959140780686262]
Applying requests
Writing results
Killing Process: 24617

Waiting...

End of execution: 69

node: no process found
python3: no process found
java: no process found
Default Handler Type
Got Ready Time
Values for Ready Time [6959163863649102, 6959165470342771]
Applying requests
Writing results
Killing Process: 24639

Waiting...

End of execution: 70

node: no process found
python3: no process found
java: no process found
Default Handler Type
Got Ready Time
Values for Ready Time [6959188666177983, 6959190305895556]
Applying requests
Writing results
Killing Process: 24661

Waiting...

End of execution: 71

node: no process found
python3: no process found
java: no process found
Default Handler Type
Got Ready Time
Values for Ready Time [6959213701694568, 6959215242471781]
Applying requests
Writing results
Killing Process: 24683

Waiting...

End of execution: 72

node: no process found
python3: no process found
java: no process found
Default Handler Type
Got Ready Time
Values for Ready Time [6959238316300703, 6959239838539184]
Applying requests
Writing results
Killing Process: 24705

Waiting...

End of execution: 73

node: no process found
python3: no process found
java: no process found
Default Handler Type
Got Ready Time
Values for Ready Time [6959262611658772, 6959264186370772]
Applying requests
Writing results
Killing Process: 24727

Waiting...

End of execution: 74

node: no process found
python3: no process found
java: no process found
Default Handler Type
Got Ready Time
Values for Ready Time [6959286897244518, 6959288446293145]
Applying requests
Writing results
Killing Process: 24749

Waiting...

End of execution: 75

node: no process found
python3: no process found
java: no process found
Default Handler Type
Got Ready Time
Values for Ready Time [6959311262245362, 6959313053385155]
Applying requests
Writing results
Killing Process: 24771

Waiting...

End of execution: 76

node: no process found
python3: no process found
java: no process found
Default Handler Type
Got Ready Time
Values for Ready Time [6959336547595885, 6959338203544615]
Applying requests
Writing results
Killing Process: 24793

Waiting...

End of execution: 77

node: no process found
python3: no process found
java: no process found
Default Handler Type
Got Ready Time
Values for Ready Time [6959361412033603, 6959362836755617]
Applying requests
Writing results
Killing Process: 24815

Waiting...

End of execution: 78

node: no process found
python3: no process found
java: no process found
Default Handler Type
Got Ready Time
Values for Ready Time [6959385773834883, 6959387372374507]
Applying requests
Writing results
Killing Process: 24838

Waiting...

End of execution: 79

node: no process found
python3: no process found
java: no process found
Default Handler Type
Got Ready Time
Values for Ready Time [6959409665614039, 6959411384375690]
Applying requests
Writing results
Killing Process: 24861

Waiting...

End of execution: 80

node: no process found
python3: no process found
java: no process found
Default Handler Type
Got Ready Time
Values for Ready Time [6959434137855588, 6959435692814664]
Applying requests
Writing results
Killing Process: 24883

Waiting...

End of execution: 81

node: no process found
python3: no process found
java: no process found
Default Handler Type
Got Ready Time
Values for Ready Time [6959458185520889, 6959459787592757]
Applying requests
Writing results
Killing Process: 24905

Waiting...

End of execution: 82

node: no process found
python3: no process found
java: no process found
Default Handler Type
Got Ready Time
Values for Ready Time [6959482274429145, 6959483810152427]
Applying requests
Writing results
Killing Process: 24927

Waiting...

End of execution: 83

node: no process found
python3: no process found
java: no process found
Default Handler Type
Got Ready Time
Values for Ready Time [6959506803438394, 6959508438183347]
Applying requests
Writing results
Killing Process: 24949

Waiting...

End of execution: 84

node: no process found
python3: no process found
java: no process found
Default Handler Type
Got Ready Time
Values for Ready Time [6959531549290390, 6959533271519783]
Applying requests
Writing results
Killing Process: 24971

Waiting...

End of execution: 85

node: no process found
python3: no process found
java: no process found
Default Handler Type
Got Ready Time
Values for Ready Time [6959556392834133, 6959557956244927]
Applying requests
Writing results
Killing Process: 24993

Waiting...

End of execution: 86

node: no process found
python3: no process found
java: no process found
Default Handler Type
Got Ready Time
Values for Ready Time [6959580887440803, 6959582686478265]
Applying requests
Writing results
Killing Process: 25017

Waiting...

End of execution: 87

node: no process found
python3: no process found
java: no process found
Default Handler Type
Got Ready Time
Values for Ready Time [6959605761940473, 6959607355959575]
Applying requests
Writing results
Killing Process: 25040

Waiting...

End of execution: 88

node: no process found
python3: no process found
java: no process found
Default Handler Type
Got Ready Time
Values for Ready Time [6959630787302895, 6959632447172656]
Applying requests
Writing results
Killing Process: 25062

Waiting...

End of execution: 89

node: no process found
python3: no process found
java: no process found
Default Handler Type
Got Ready Time
Values for Ready Time [6959655573479141, 6959657265787691]
Applying requests
Writing results
Killing Process: 25085

Waiting...

End of execution: 90

node: no process found
python3: no process found
java: no process found
Default Handler Type
Got Ready Time
Values for Ready Time [6959679932574181, 6959681583465394]
Applying requests
Writing results
Killing Process: 25109

Waiting...

End of execution: 91

node: no process found
python3: no process found
java: no process found
Default Handler Type
Got Ready Time
Values for Ready Time [6959705700986360, 6959707487325181]
Applying requests
Writing results
Killing Process: 25131

Waiting...

End of execution: 92

node: no process found
python3: no process found
java: no process found
Default Handler Type
Got Ready Time
Values for Ready Time [6959730134032581, 6959731729017446]
Applying requests
Writing results
Killing Process: 25153

Waiting...

End of execution: 93

node: no process found
python3: no process found
java: no process found
Default Handler Type
Got Ready Time
Values for Ready Time [6959754491502793, 6959756087779280]
Applying requests
Writing results
Killing Process: 25175

Waiting...

End of execution: 94

node: no process found
python3: no process found
java: no process found
Default Handler Type
Got Ready Time
Values for Ready Time [6959779221208359, 6959780752986845]
Applying requests
Writing results
Killing Process: 25197

Waiting...

End of execution: 95

node: no process found
python3: no process found
java: no process found
Default Handler Type
Got Ready Time
Values for Ready Time [6959803403605804, 6959805069499065]
Applying requests
Writing results
Killing Process: 25219

Waiting...

End of execution: 96

node: no process found
python3: no process found
java: no process found
Default Handler Type
Got Ready Time
Values for Ready Time [6959828452704710, 6959829968798935]
Applying requests
Writing results
Killing Process: 25241

Waiting...

End of execution: 97

node: no process found
python3: no process found
java: no process found
Default Handler Type
Got Ready Time
Values for Ready Time [6959853865623741, 6959855476181632]
Applying requests
Writing results
Killing Process: 25263

Waiting...

End of execution: 98

node: no process found
python3: no process found
java: no process found
Default Handler Type
Got Ready Time
Values for Ready Time [6959879660388142, 6959881147371934]
Applying requests
Writing results
Killing Process: 25285

Waiting...

End of execution: 99

node: no process found
python3: no process found
java: no process found
Default Handler Type
Got Ready Time
Values for Ready Time [6959904193447292, 6959905783873278]
Applying requests
Writing results
Killing Process: 25307

Waiting...

End of execution: 100

node: no process found
python3: no process found
java: no process found
Default Handler Type
Got Ready Time
Values for Ready Time [6959928849113219, 6959930405096455]
Applying requests
Writing results
Killing Process: 25329

Waiting...

End of execution: 101

node: no process found
python3: no process found
java: no process found
Default Handler Type
Got Ready Time
Values for Ready Time [6959952827693457, 6959954680091092]
Applying requests
Writing results
Killing Process: 25352

Waiting...

End of execution: 102

node: no process found
python3: no process found
java: no process found
Default Handler Type
Got Ready Time
Values for Ready Time [6959978073087536, 6959979584279658]
Applying requests
Writing results
Killing Process: 25374

Waiting...

End of execution: 103

node: no process found
python3: no process found
java: no process found
Default Handler Type
Got Ready Time
Values for Ready Time [6960003004443624, 6960004722367424]
Applying requests
Writing results
Killing Process: 25396

Waiting...

End of execution: 104

node: no process found
python3: no process found
java: no process found
Default Handler Type
Got Ready Time
Values for Ready Time [6960027668592665, 6960029321478320]
Applying requests
Writing results
Killing Process: 25418

Waiting...

End of execution: 105

node: no process found
python3: no process found
java: no process found
Default Handler Type
Got Ready Time
Values for Ready Time [6960051888483782, 6960053759674247]
Applying requests
Writing results
Killing Process: 25440

Waiting...

End of execution: 106

node: no process found
python3: no process found
java: no process found
Default Handler Type
Got Ready Time
Values for Ready Time [6960076524310410, 6960078176339256]
Applying requests
Writing results
Killing Process: 25462

Waiting...

End of execution: 107

node: no process found
python3: no process found
java: no process found
Default Handler Type
Got Ready Time
Values for Ready Time [6960101247122518, 6960102808176512]
Applying requests
Writing results
Killing Process: 25484

Waiting...

End of execution: 108

node: no process found
python3: no process found
java: no process found
Default Handler Type
Got Ready Time
Values for Ready Time [6960125283932173, 6960126876098936]
Applying requests
Writing results
Killing Process: 25506

Waiting...

End of execution: 109

node: no process found
python3: no process found
java: no process found
Default Handler Type
Got Ready Time
Values for Ready Time [6960149187786696, 6960150961240237]
Applying requests
Writing results
Killing Process: 25528

Waiting...

End of execution: 110

node: no process found
python3: no process found
java: no process found
Default Handler Type
Got Ready Time
Values for Ready Time [6960173872443871, 6960175422949716]
Applying requests
Writing results
Killing Process: 25550

Waiting...

End of execution: 111

node: no process found
python3: no process found
java: no process found
Default Handler Type
Got Ready Time
Values for Ready Time [6960198288993024, 6960199810402023]
Applying requests
Writing results
Killing Process: 25572

Waiting...

End of execution: 112

node: no process found
python3: no process found
java: no process found
Default Handler Type
Got Ready Time
Values for Ready Time [6960222781244633, 6960224326520921]
Applying requests
Writing results
Killing Process: 25594

Waiting...

End of execution: 113

node: no process found
python3: no process found
java: no process found
Default Handler Type
Got Ready Time
Values for Ready Time [6960247247046462, 6960248825922013]
Applying requests
Writing results
Killing Process: 25616

Waiting...

End of execution: 114

node: no process found
python3: no process found
java: no process found
Default Handler Type
Got Ready Time
Values for Ready Time [6960271696386332, 6960273235880557]
Applying requests
Writing results
Killing Process: 25638

Waiting...

End of execution: 115

node: no process found
python3: no process found
java: no process found
Default Handler Type
Got Ready Time
Values for Ready Time [6960296612603566, 6960298312199117]
Applying requests
Writing results
Killing Process: 25661

Waiting...

End of execution: 116

node: no process found
python3: no process found
java: no process found
Default Handler Type
Got Ready Time
Values for Ready Time [6960321429139290, 6960322991027515]
Applying requests
Writing results
Killing Process: 25686

Waiting...

End of execution: 117

node: no process found
python3: no process found
java: no process found
Default Handler Type
Got Ready Time
Values for Ready Time [6960345762209565, 6960347353594924]
Applying requests
Writing results
Killing Process: 25708

Waiting...

End of execution: 118

node: no process found
python3: no process found
java: no process found
Default Handler Type
Got Ready Time
Values for Ready Time [6960370268950800, 6960371957377008]
Applying requests
Writing results
Killing Process: 25730

Waiting...

End of execution: 119

node: no process found
python3: no process found
java: no process found
Default Handler Type
Got Ready Time
Values for Ready Time [6960395244580687, 6960396785766459]
Applying requests
Writing results
Killing Process: 25752

Waiting...

End of execution: 120

node: no process found
python3: no process found
java: no process found
Default Handler Type
Got Ready Time
Values for Ready Time [6960419800696276, 6960421508388131]
Applying requests
Writing results
Killing Process: 25774

Waiting...

End of execution: 121

node: no process found
python3: no process found
java: no process found
Default Handler Type
Got Ready Time
Values for Ready Time [6960444152049549, 6960445756433277]
Applying requests
Writing results
Killing Process: 25797

Waiting...

End of execution: 122

node: no process found
python3: no process found
java: no process found
Default Handler Type
Got Ready Time
Values for Ready Time [6960468740492735, 6960470310838934]
Applying requests
Writing results
Killing Process: 25820

Waiting...

End of execution: 123

node: no process found
python3: no process found
java: no process found
Default Handler Type
Got Ready Time
Values for Ready Time [6960493492256189, 6960495150270694]
Applying requests
Writing results
Killing Process: 25842

Waiting...

End of execution: 124

node: no process found
python3: no process found
java: no process found
Default Handler Type
Got Ready Time
Values for Ready Time [6960518075560808, 6960519625117683]
Applying requests
Writing results
Killing Process: 25864

Waiting...

End of execution: 125

node: no process found
python3: no process found
java: no process found
Default Handler Type
Got Ready Time
Values for Ready Time [6960543216837664, 6960544824330164]
Applying requests
Writing results
Killing Process: 25886

Waiting...

End of execution: 126

node: no process found
python3: no process found
java: no process found
Default Handler Type
Got Ready Time
Values for Ready Time [6960567832061650, 6960569382795240]
Applying requests
Writing results
Killing Process: 25908

Waiting...

End of execution: 127

node: no process found
python3: no process found
java: no process found
Default Handler Type
Got Ready Time
Values for Ready Time [6960592315071754, 6960593930358512]
Applying requests
Writing results
Killing Process: 25930

Waiting...

End of execution: 128

node: no process found
python3: no process found
java: no process found
Default Handler Type
Got Ready Time
Values for Ready Time [6960617451506249, 6960619155323646]
Applying requests
Writing results
Killing Process: 25952

Waiting...

End of execution: 129

node: no process found
python3: no process found
java: no process found
Default Handler Type
Got Ready Time
Values for Ready Time [6960642440554846, 6960644048712780]
Applying requests
Writing results
Killing Process: 25975

Waiting...

End of execution: 130

node: no process found
python3: no process found
java: no process found
Default Handler Type
Got Ready Time
Values for Ready Time [6960667508842817, 6960669231185011]
Applying requests
Writing results
Killing Process: 25997

Waiting...

End of execution: 131

node: no process found
python3: no process found
java: no process found
Default Handler Type
Got Ready Time
Values for Ready Time [6960692366758637, 6960694152136722]
Applying requests
Writing results
Killing Process: 26019

Waiting...

End of execution: 132

node: no process found
python3: no process found
java: no process found
Default Handler Type
Got Ready Time
Values for Ready Time [6960717743451570, 6960719593837718]
Applying requests
Writing results
Killing Process: 26041

Waiting...

End of execution: 133

node: no process found
python3: no process found
java: no process found
Default Handler Type
Got Ready Time
Values for Ready Time [6960743103111097, 6960744785837043]
Applying requests
Writing results
Killing Process: 26063

Waiting...

End of execution: 134

node: no process found
python3: no process found
java: no process found
Default Handler Type
Got Ready Time
Values for Ready Time [6960767732304647, 6960769253683535]
Applying requests
Writing results
Killing Process: 26085

Waiting...

End of execution: 135

node: no process found
python3: no process found
java: no process found
Default Handler Type
Got Ready Time
Values for Ready Time [6960792488051707, 6960794151924628]
Applying requests
Writing results
Killing Process: 26108

Waiting...

End of execution: 136

node: no process found
python3: no process found
java: no process found
Default Handler Type
Got Ready Time
Values for Ready Time [6960817273715164, 6960818748723847]
Applying requests
Writing results
Killing Process: 26130

Waiting...

End of execution: 137

node: no process found
python3: no process found
java: no process found
Default Handler Type
Got Ready Time
Values for Ready Time [6960841490100137, 6960842977952641]
Applying requests
Writing results
Killing Process: 26152

Waiting...

End of execution: 138

node: no process found
python3: no process found
java: no process found
Default Handler Type
Got Ready Time
Values for Ready Time [6960865853905662, 6960867507318158]
Applying requests
Writing results
Killing Process: 26174

Waiting...

End of execution: 139

node: no process found
python3: no process found
java: no process found
Default Handler Type
Got Ready Time
Values for Ready Time [6960890126188083, 6960891696230525]
Applying requests
Writing results
Killing Process: 26196

Waiting...

End of execution: 140

node: no process found
python3: no process found
java: no process found
Default Handler Type
Got Ready Time
Values for Ready Time [6960914655471778, 6960916152572626]
Applying requests
Writing results
Killing Process: 26218

Waiting...

End of execution: 141

node: no process found
python3: no process found
java: no process found
Default Handler Type
Got Ready Time
Values for Ready Time [6960938871213947, 6960940673617462]
Applying requests
Writing results
Killing Process: 26240

Waiting...

End of execution: 142

node: no process found
python3: no process found
java: no process found
Default Handler Type
Got Ready Time
Values for Ready Time [6960964379380447, 6960965926672096]
Applying requests
Writing results
Killing Process: 26262

Waiting...

End of execution: 143

node: no process found
python3: no process found
java: no process found
Default Handler Type
Got Ready Time
Values for Ready Time [6960988685495058, 6960990321747640]
Applying requests
Writing results
Killing Process: 26284

Waiting...

End of execution: 144

node: no process found
python3: no process found
java: no process found
Default Handler Type
Got Ready Time
Values for Ready Time [6961013246008167, 6961014818675081]
Applying requests
Writing results
Killing Process: 26306

Waiting...

End of execution: 145

node: no process found
python3: no process found
java: no process found
Default Handler Type
Got Ready Time
Values for Ready Time [6961038134555292, 6961039737073412]
Applying requests
Writing results
Killing Process: 26328

Waiting...

End of execution: 146

node: no process found
python3: no process found
java: no process found
Default Handler Type
Got Ready Time
Values for Ready Time [6961062709489575, 6961064269406659]
Applying requests
Writing results
Killing Process: 26350

Waiting...

End of execution: 147

node: no process found
python3: no process found
java: no process found
Default Handler Type
Got Ready Time
Values for Ready Time [6961087710264498, 6961089362137239]
Applying requests
Writing results
Killing Process: 26374

Waiting...

End of execution: 148

node: no process found
python3: no process found
java: no process found
Default Handler Type
Got Ready Time
Values for Ready Time [6961112529958922, 6961114108037980]
Applying requests
Writing results
Killing Process: 26396

Waiting...

End of execution: 149

node: no process found
python3: no process found
java: no process found
Default Handler Type
Got Ready Time
Values for Ready Time [6961137578563211, 6961139123737197]
Applying requests
Writing results
Killing Process: 26418

Waiting...

End of execution: 150

node: no process found
python3: no process found
java: no process found
Default Handler Type
Got Ready Time
Values for Ready Time [6961162823955811, 6961164361300740]
Applying requests
Writing results
Killing Process: 26440

Waiting...

End of execution: 151

node: no process found
python3: no process found
java: no process found
Default Handler Type
Got Ready Time
Values for Ready Time [6961187731431582, 6961189299521690]
Applying requests
Writing results
Killing Process: 26462

Waiting...

End of execution: 152

node: no process found
python3: no process found
java: no process found
Default Handler Type
Got Ready Time
Values for Ready Time [6961212597525465, 6961214164728940]
Applying requests
Writing results
Killing Process: 26484

Waiting...

End of execution: 153

node: no process found
python3: no process found
java: no process found
Default Handler Type
Got Ready Time
Values for Ready Time [6961237558248991, 6961239191393186]
Applying requests
Writing results
Killing Process: 26506

Waiting...

End of execution: 154

node: no process found
python3: no process found
java: no process found
Default Handler Type
Got Ready Time
Values for Ready Time [6961262428038751, 6961263976884528]
Applying requests
Writing results
Killing Process: 26528

Waiting...

End of execution: 155

node: no process found
python3: no process found
java: no process found
Default Handler Type
Got Ready Time
Values for Ready Time [6961287060984593, 6961288846803263]
Applying requests
Writing results
Killing Process: 26550

Waiting...

End of execution: 156

node: no process found
python3: no process found
java: no process found
Default Handler Type
Got Ready Time
Values for Ready Time [6961312137842584, 6961313865124519]
Applying requests
Writing results
Killing Process: 26572

Waiting...

End of execution: 157

node: no process found
python3: no process found
java: no process found
Default Handler Type
Got Ready Time
Values for Ready Time [6961337290419721, 6961338839352630]
Applying requests
Writing results
Killing Process: 26594

Waiting...

End of execution: 158

node: no process found
python3: no process found
java: no process found
Default Handler Type
Got Ready Time
Values for Ready Time [6961361929196778, 6961363468692307]
Applying requests
Writing results
Killing Process: 26616

Waiting...

End of execution: 159

node: no process found
python3: no process found
java: no process found
Default Handler Type
Got Ready Time
Values for Ready Time [6961386614862198, 6961388206232670]
Applying requests
Writing results
Killing Process: 26638

Waiting...

End of execution: 160

node: no process found
python3: no process found
java: no process found
Default Handler Type
Got Ready Time
Values for Ready Time [6961411710872793, 6961413161451515]
Applying requests
Writing results
Killing Process: 26661

Waiting...

End of execution: 161

node: no process found
python3: no process found
java: no process found
Default Handler Type
Got Ready Time
Values for Ready Time [6961436391950866, 6961437960786520]
Applying requests
Writing results
Killing Process: 26684

Waiting...

End of execution: 162

node: no process found
python3: no process found
java: no process found
Default Handler Type
Got Ready Time
Values for Ready Time [6961461376747847, 6961462971156413]
Applying requests
Writing results
Killing Process: 26706

Waiting...

End of execution: 163

node: no process found
python3: no process found
java: no process found
Default Handler Type
Got Ready Time
Values for Ready Time [6961486360864992, 6961487977031436]
Applying requests
Writing results
Killing Process: 26728

Waiting...

End of execution: 164

node: no process found
python3: no process found
java: no process found
Default Handler Type
Got Ready Time
Values for Ready Time [6961511714885624, 6961513302191748]
Applying requests
Writing results
Killing Process: 26750

Waiting...

End of execution: 165

node: no process found
python3: no process found
java: no process found
Default Handler Type
Got Ready Time
Values for Ready Time [6961536978755721, 6961538837567282]
Applying requests
Writing results
Killing Process: 26772

Waiting...

End of execution: 166

node: no process found
python3: no process found
java: no process found
Default Handler Type
Got Ready Time
Values for Ready Time [6961562457623844, 6961564106181012]
Applying requests
Writing results
Killing Process: 26794

Waiting...

End of execution: 167

node: no process found
python3: no process found
java: no process found
Default Handler Type
Got Ready Time
Values for Ready Time [6961587755709654, 6961589289256629]
Applying requests
Writing results
Killing Process: 26816

Waiting...

End of execution: 168

node: no process found
python3: no process found
java: no process found
Default Handler Type
Got Ready Time
Values for Ready Time [6961613073886133, 6961614622705806]
Applying requests
Writing results
Killing Process: 26838

Waiting...

End of execution: 169

node: no process found
python3: no process found
java: no process found
Default Handler Type
Got Ready Time
Values for Ready Time [6961638030234576, 6961639657311622]
Applying requests
Writing results
Killing Process: 26860

Waiting...

End of execution: 170

node: no process found
python3: no process found
java: no process found
Default Handler Type
Got Ready Time
Values for Ready Time [6961662667433301, 6961664378730155]
Applying requests
Writing results
Killing Process: 26882

Waiting...

End of execution: 171

node: no process found
python3: no process found
java: no process found
Default Handler Type
Got Ready Time
Values for Ready Time [6961686961292469, 6961688487360958]
Applying requests
Writing results
Killing Process: 26904

Waiting...

End of execution: 172

node: no process found
python3: no process found
java: no process found
Default Handler Type
Got Ready Time
Values for Ready Time [6961711670779162, 6961713330682798]
Applying requests
Writing results
Killing Process: 26926

Waiting...

End of execution: 173

node: no process found
python3: no process found
java: no process found
Default Handler Type
Got Ready Time
Values for Ready Time [6961736587736670, 6961738133766056]
Applying requests
Writing results
Killing Process: 26948

Waiting...

End of execution: 174

node: no process found
python3: no process found
java: no process found
Default Handler Type
Got Ready Time
Values for Ready Time [6961761954653186, 6961763527222106]
Applying requests
Writing results
Killing Process: 26970

Waiting...

End of execution: 175

node: no process found
python3: no process found
java: no process found
Default Handler Type
Got Ready Time
Values for Ready Time [6961786835799816, 6961788460965593]
Applying requests
Writing results
Killing Process: 26993

Waiting...

End of execution: 176

node: no process found
python3: no process found
java: no process found
Default Handler Type
Got Ready Time
Values for Ready Time [6961811746274754, 6961813387022390]
Applying requests
Writing results
Killing Process: 27015

Waiting...

End of execution: 177

node: no process found
python3: no process found
java: no process found
Default Handler Type
Got Ready Time
Values for Ready Time [6961836379050591, 6961837953801029]
Applying requests
Writing results
Killing Process: 27038

Waiting...

End of execution: 178

node: no process found
python3: no process found
java: no process found
Default Handler Type
Got Ready Time
Values for Ready Time [6961860829451908, 6961862330106820]
Applying requests
Writing results
Killing Process: 27060

Waiting...

End of execution: 179

node: no process found
python3: no process found
java: no process found
Default Handler Type
Got Ready Time
Values for Ready Time [6961884957731442, 6961886738414333]
Applying requests
Writing results
Killing Process: 27082

Waiting...

End of execution: 180

node: no process found
python3: no process found
java: no process found
Default Handler Type
Got Ready Time
Values for Ready Time [6961909467079484, 6961911027630778]
Applying requests
Writing results
Killing Process: 27104

Waiting...

End of execution: 181

node: no process found
python3: no process found
java: no process found
Default Handler Type
Got Ready Time
Values for Ready Time [6961933231231773, 6961934709023147]
Applying requests
Writing results
Killing Process: 27126

Waiting...

End of execution: 182

node: no process found
python3: no process found
java: no process found
Default Handler Type
Got Ready Time
Values for Ready Time [6961958172867177, 6961959781576958]
Applying requests
Writing results
Killing Process: 27150

Waiting...

End of execution: 183

node: no process found
python3: no process found
java: no process found
Default Handler Type
Got Ready Time
Values for Ready Time [6961982367606874, 6961983938805477]
Applying requests
Writing results
Killing Process: 27172

Waiting...

End of execution: 184

node: no process found
python3: no process found
java: no process found
Default Handler Type
Got Ready Time
Values for Ready Time [6962006313585381, 6962007977090986]
Applying requests
Writing results
Killing Process: 27194

Waiting...

End of execution: 185

node: no process found
python3: no process found
java: no process found
Default Handler Type
Got Ready Time
Values for Ready Time [6962031244647624, 6962032850572068]
Applying requests
Writing results
Killing Process: 27216

Waiting...

End of execution: 186

node: no process found
python3: no process found
java: no process found
Default Handler Type
Got Ready Time
Values for Ready Time [6962056671071579, 6962058230440110]
Applying requests
Writing results
Killing Process: 27238

Waiting...

End of execution: 187

node: no process found
python3: no process found
java: no process found
Default Handler Type
Got Ready Time
Values for Ready Time [6962081203234391, 6962082858625312]
Applying requests
Writing results
Killing Process: 27260

Waiting...

End of execution: 188

node: no process found
python3: no process found
java: no process found
Default Handler Type
Got Ready Time
Values for Ready Time [6962107526465858, 6962109004741513]
Applying requests
Writing results
Killing Process: 27282

Waiting...

End of execution: 189

node: no process found
python3: no process found
java: no process found
Default Handler Type
Got Ready Time
Values for Ready Time [6962131706163568, 6962133294710847]
Applying requests
Writing results
Killing Process: 27304

Waiting...

End of execution: 190

node: no process found
python3: no process found
java: no process found
Default Handler Type
Got Ready Time
Values for Ready Time [6962155979147410, 6962157493583032]
Applying requests
Writing results
Killing Process: 27326

Waiting...

End of execution: 191

node: no process found
python3: no process found
java: no process found
Default Handler Type
Got Ready Time
Values for Ready Time [6962181189992136, 6962182839326698]
Applying requests
Writing results
Killing Process: 27348

Waiting...

End of execution: 192

node: no process found
python3: no process found
java: no process found
Default Handler Type
Got Ready Time
Values for Ready Time [6962206176673305, 6962207777829267]
Applying requests
Writing results
Killing Process: 27370

Waiting...

End of execution: 193

node: no process found
python3: no process found
java: no process found
Default Handler Type
Got Ready Time
Values for Ready Time [6962230305394181, 6962231905043745]
Applying requests
Writing results
Killing Process: 27393

Waiting...

End of execution: 194

node: no process found
python3: no process found
java: no process found
Default Handler Type
Got Ready Time
Values for Ready Time [6962255060355977, 6962256685586746]
Applying requests
Writing results
Killing Process: 27415

Waiting...

End of execution: 195

node: no process found
python3: no process found
java: no process found
Default Handler Type
Got Ready Time
Values for Ready Time [6962279572149266, 6962281326315598]
Applying requests
Writing results
Killing Process: 27437

Waiting...

End of execution: 196

node: no process found
python3: no process found
java: no process found
Default Handler Type
Got Ready Time
Values for Ready Time [6962304460079639, 6962306014938514]
Applying requests
Writing results
Killing Process: 27460

Waiting...

End of execution: 197

node: no process found
python3: no process found
java: no process found
Default Handler Type
Got Ready Time
Values for Ready Time [6962329165928757, 6962330733827951]
Applying requests
Writing results
Killing Process: 27482

Waiting...

End of execution: 198

node: no process found
python3: no process found
java: no process found
Default Handler Type
Got Ready Time
Values for Ready Time [6962354388794077, 6962355885626193]
Applying requests
Writing results
Killing Process: 27504

Waiting...

End of execution: 199

node: no process found
python3: no process found
java: no process found
Default Handler Type
Got Ready Time
Values for Ready Time [6962378787528061, 6962380620592747]
Applying requests
Writing results
Killing Process: 27526

Waiting...

End of execution: 200

