nohup: ignoring input
node: no process found
python3: no process found
java: no process found
Default Handler Type
Got Ready Time
Values for Ready Time [823142790754516, 823142793181763]
Applying requests
Writing results
Killing Process: 13778

Waiting...

End of execution: 1

node: no process found
python3: no process found
java: no process found
Default Handler Type
Got Ready Time
Values for Ready Time [823143047422786, 823143049763872]
Applying requests
Writing results
Killing Process: 13800

Waiting...

End of execution: 2

node: no process found
python3: no process found
java: no process found
Default Handler Type
Got Ready Time
Values for Ready Time [823143310224198, 823143312548880]
Applying requests
Writing results
Killing Process: 13822

Waiting...

End of execution: 3

node: no process found
python3: no process found
java: no process found
Default Handler Type
Got Ready Time
Values for Ready Time [823143567514998, 823143571061522]
Applying requests
Writing results
Killing Process: 13845

Waiting...

End of execution: 4

node: no process found
python3: no process found
java: no process found
Default Handler Type
Got Ready Time
Values for Ready Time [823143841190860, 823143843448901]
Applying requests
Writing results
Killing Process: 13867

Waiting...

End of execution: 5

node: no process found
python3: no process found
java: no process found
Default Handler Type
Got Ready Time
Values for Ready Time [823144099540609, 823144101672781]
Applying requests
Writing results
Killing Process: 13889

Waiting...

End of execution: 6

node: no process found
python3: no process found
java: no process found
Default Handler Type
Got Ready Time
Values for Ready Time [823144357280525, 823144360939041]
Applying requests
Writing results
Killing Process: 13911

Waiting...

End of execution: 7

node: no process found
python3: no process found
java: no process found
Default Handler Type
Got Ready Time
Values for Ready Time [823144617165629, 823144620130828]
Applying requests
Writing results
Killing Process: 13934

Waiting...

End of execution: 8

node: no process found
python3: no process found
java: no process found
Default Handler Type
Got Ready Time
Values for Ready Time [823144848130005, 823144852476249]
Applying requests
Writing results
Killing Process: 13956

Waiting...

End of execution: 9

node: no process found
python3: no process found
java: no process found
Default Handler Type
Got Ready Time
Values for Ready Time [823145106091009, 823145108138100]
Applying requests
Writing results
Killing Process: 13978

Waiting...

End of execution: 10

node: no process found
python3: no process found
java: no process found
Default Handler Type
Got Ready Time
Values for Ready Time [823145350398452, 823145352608612]
Applying requests
Writing results
Killing Process: 14000

Waiting...

End of execution: 11

node: no process found
python3: no process found
java: no process found
Default Handler Type
Got Ready Time
Values for Ready Time [823145596942083, 823145600649340]
Applying requests
Writing results
Killing Process: 14022

Waiting...

End of execution: 12

node: no process found
python3: no process found
java: no process found
Default Handler Type
Got Ready Time
Values for Ready Time [823145835931043, 823145838689378]
Applying requests
Writing results
Killing Process: 14044

Waiting...

End of execution: 13

node: no process found
python3: no process found
java: no process found
Default Handler Type
Got Ready Time
Values for Ready Time [823146103230062, 823146105759029]
Applying requests
Writing results
Killing Process: 14066

Waiting...

End of execution: 14

node: no process found
python3: no process found
java: no process found
Default Handler Type
Got Ready Time
Values for Ready Time [823146377129099, 823146380210826]
Applying requests
Writing results
Killing Process: 14088

Waiting...

End of execution: 15

node: no process found
python3: no process found
java: no process found
Default Handler Type
Got Ready Time
Values for Ready Time [823146649356753, 823146653129089]
Applying requests
Writing results
Killing Process: 14112

Waiting...

End of execution: 16

node: no process found
python3: no process found
java: no process found
Default Handler Type
Got Ready Time
Values for Ready Time [823146925829260, 823146927916452]
Applying requests
Writing results
Killing Process: 14135

Waiting...

End of execution: 17

node: no process found
python3: no process found
java: no process found
Default Handler Type
Got Ready Time
Values for Ready Time [823147177105269, 823147179220141]
Applying requests
Writing results
Killing Process: 14158

Waiting...

End of execution: 18

node: no process found
python3: no process found
java: no process found
Default Handler Type
Got Ready Time
Values for Ready Time [823147438423805, 823147440659020]
Applying requests
Writing results
Killing Process: 14180

Waiting...

End of execution: 19

node: no process found
python3: no process found
java: no process found
Default Handler Type
Got Ready Time
Values for Ready Time [823147692554387, 823147694612253]
Applying requests
Writing results
Killing Process: 14202

Waiting...

End of execution: 20

node: no process found
python3: no process found
java: no process found
Default Handler Type
Got Ready Time
Values for Ready Time [823147936919839, 823147939326417]
Applying requests
Writing results
Killing Process: 14224

Waiting...

End of execution: 21

node: no process found
python3: no process found
java: no process found
Default Handler Type
Got Ready Time
Values for Ready Time [823148190107970, 823148192294120]
Applying requests
Writing results
Killing Process: 14247

Waiting...

End of execution: 22

node: no process found
python3: no process found
java: no process found
Default Handler Type
Got Ready Time
Values for Ready Time [823148440211372, 823148443659645]
Applying requests
Writing results
Killing Process: 14269

Waiting...

End of execution: 23

node: no process found
python3: no process found
java: no process found
Default Handler Type
Got Ready Time
Values for Ready Time [823148692617929, 823148695444186]
Applying requests
Writing results
Killing Process: 14292

Waiting...

End of execution: 24

node: no process found
python3: no process found
java: no process found
Default Handler Type
Got Ready Time
Values for Ready Time [823148939992250, 823148942278553]
Applying requests
Writing results
Killing Process: 14314

Waiting...

End of execution: 25

node: no process found
python3: no process found
java: no process found
Default Handler Type
Got Ready Time
Values for Ready Time [823149196265204, 823149200126487]
Applying requests
Writing results
Killing Process: 14336

Waiting...

End of execution: 26

node: no process found
python3: no process found
java: no process found
Default Handler Type
Got Ready Time
Values for Ready Time [823149452972448, 823149455594828]
Applying requests
Writing results
Killing Process: 14358

Waiting...

End of execution: 27

node: no process found
python3: no process found
java: no process found
Default Handler Type
Got Ready Time
Values for Ready Time [823149705925683, 823149707979128]
Applying requests
Writing results
Killing Process: 14380

Waiting...

End of execution: 28

node: no process found
python3: no process found
java: no process found
Default Handler Type
Got Ready Time
Values for Ready Time [823149959243152, 823149962262576]
Applying requests
Writing results
Killing Process: 14402

Waiting...

End of execution: 29

node: no process found
python3: no process found
java: no process found
Default Handler Type
Got Ready Time
Values for Ready Time [823150251680444, 823150254724435]
Applying requests
Writing results
Killing Process: 14424

Waiting...

End of execution: 30

node: no process found
python3: no process found
java: no process found
Default Handler Type
Got Ready Time
Values for Ready Time [823150510772239, 823150513040234]
Applying requests
Writing results
Killing Process: 14446

Waiting...

End of execution: 31

node: no process found
python3: no process found
java: no process found
Default Handler Type
Got Ready Time
Values for Ready Time [823150761243508, 823150764171149]
Applying requests
Writing results
Killing Process: 14468

Waiting...

End of execution: 32

node: no process found
python3: no process found
java: no process found
Default Handler Type
Got Ready Time
Values for Ready Time [823151014389216, 823151016453412]
Applying requests
Writing results
Killing Process: 14490

Waiting...

End of execution: 33

node: no process found
python3: no process found
java: no process found
Default Handler Type
Got Ready Time
Values for Ready Time [823151292353923, 823151295021431]
Applying requests
Writing results
Killing Process: 14512

Waiting...

End of execution: 34

node: no process found
python3: no process found
java: no process found
Default Handler Type
Got Ready Time
Values for Ready Time [823151579929035, 823151583260922]
Applying requests
Writing results
Killing Process: 14534

Waiting...

End of execution: 35

node: no process found
python3: no process found
java: no process found
Default Handler Type
Got Ready Time
Values for Ready Time [823151840688452, 823151843820322]
Applying requests
Writing results
Killing Process: 14556

Waiting...

End of execution: 36

node: no process found
python3: no process found
java: no process found
Default Handler Type
Got Ready Time
Values for Ready Time [823152094303816, 823152096621625]
Applying requests
Writing results
Killing Process: 14578

Waiting...

End of execution: 37

node: no process found
python3: no process found
java: no process found
Default Handler Type
Got Ready Time
Values for Ready Time [823152323806685, 823152326481991]
Applying requests
Writing results
Killing Process: 14600

Waiting...

End of execution: 38

node: no process found
python3: no process found
java: no process found
Default Handler Type
Got Ready Time
Values for Ready Time [823152579876753, 823152583517288]
Applying requests
Writing results
Killing Process: 14622

Waiting...

End of execution: 39

node: no process found
python3: no process found
java: no process found
Default Handler Type
Got Ready Time
Values for Ready Time [823152844273655, 823152849214990]
Applying requests
Writing results
Killing Process: 14644

Waiting...

End of execution: 40

node: no process found
python3: no process found
java: no process found
Default Handler Type
Got Ready Time
Values for Ready Time [823153089073441, 823153092240248]
Applying requests
Writing results
Killing Process: 14666

Waiting...

End of execution: 41

node: no process found
python3: no process found
java: no process found
Default Handler Type
Got Ready Time
Values for Ready Time [823153341775669, 823153344080864]
Applying requests
Writing results
Killing Process: 14688

Waiting...

End of execution: 42

node: no process found
python3: no process found
java: no process found
Default Handler Type
Got Ready Time
Values for Ready Time [823153607628519, 823153610193502]
Applying requests
Writing results
Killing Process: 14710

Waiting...

End of execution: 43

node: no process found
python3: no process found
java: no process found
Default Handler Type
Got Ready Time
Values for Ready Time [823153859948512, 823153862328527]
Applying requests
Writing results
Killing Process: 14732

Waiting...

End of execution: 44

node: no process found
python3: no process found
java: no process found
Default Handler Type
Got Ready Time
Values for Ready Time [823154130476396, 823154132887352]
Applying requests
Writing results
Killing Process: 14756

Waiting...

End of execution: 45

node: no process found
python3: no process found
java: no process found
Default Handler Type
Got Ready Time
Values for Ready Time [823154393055412, 823154395774809]
Applying requests
Writing results
Killing Process: 14779

Waiting...

End of execution: 46

node: no process found
python3: no process found
java: no process found
Default Handler Type
Got Ready Time
Values for Ready Time [823154638963896, 823154641175995]
Applying requests
Writing results
Killing Process: 14801

Waiting...

End of execution: 47

node: no process found
python3: no process found
java: no process found
Default Handler Type
Got Ready Time
Values for Ready Time [823154874936711, 823154878241909]
Applying requests
Writing results
Killing Process: 14823

Waiting...

End of execution: 48

node: no process found
python3: no process found
java: no process found
Default Handler Type
Got Ready Time
Values for Ready Time [823155158642879, 823155161115984]
Applying requests
Writing results
Killing Process: 14845

Waiting...

End of execution: 49

node: no process found
python3: no process found
java: no process found
Default Handler Type
Got Ready Time
Values for Ready Time [823155418667857, 823155420941918]
Applying requests
Writing results
Killing Process: 14867

Waiting...

End of execution: 50

node: no process found
python3: no process found
java: no process found
Default Handler Type
Got Ready Time
Values for Ready Time [823155662861660, 823155664957107]
Applying requests
Writing results
Killing Process: 14889

Waiting...

End of execution: 51

node: no process found
python3: no process found
java: no process found
Default Handler Type
Got Ready Time
Values for Ready Time [823155931911058, 823155934467358]
Applying requests
Writing results
Killing Process: 14911

Waiting...

End of execution: 52

node: no process found
python3: no process found
java: no process found
Default Handler Type
Got Ready Time
Values for Ready Time [823156176822700, 823156178884565]
Applying requests
Writing results
Killing Process: 14933

Waiting...

End of execution: 53

node: no process found
python3: no process found
java: no process found
Default Handler Type
Got Ready Time
Values for Ready Time [823156461309686, 823156464413003]
Applying requests
Writing results
Killing Process: 14955

Waiting...

End of execution: 54

node: no process found
python3: no process found
java: no process found
Default Handler Type
Got Ready Time
Values for Ready Time [823156720066995, 823156723285457]
Applying requests
Writing results
Killing Process: 14977

Waiting...

End of execution: 55

node: no process found
python3: no process found
java: no process found
Default Handler Type
Got Ready Time
Values for Ready Time [823157039822646, 823157042842894]
Applying requests
Writing results
Killing Process: 14999

Waiting...

End of execution: 56

node: no process found
python3: no process found
java: no process found
Default Handler Type
Got Ready Time
Values for Ready Time [823157328577321, 823157331004632]
Applying requests
Writing results
Killing Process: 15021

Waiting...

End of execution: 57

node: no process found
python3: no process found
java: no process found
Default Handler Type
Got Ready Time
Values for Ready Time [823157603586569, 823157605848062]
Applying requests
Writing results
Killing Process: 15043

Waiting...

End of execution: 58

node: no process found
python3: no process found
java: no process found
Default Handler Type
Got Ready Time
Values for Ready Time [823157850399261, 823157852740575]
Applying requests
Writing results
Killing Process: 15065

Waiting...

End of execution: 59

node: no process found
python3: no process found
java: no process found
Default Handler Type
Got Ready Time
Values for Ready Time [823158108440659, 823158111613579]
Applying requests
Writing results
Killing Process: 15087

Waiting...

End of execution: 60

node: no process found
python3: no process found
java: no process found
Default Handler Type
Got Ready Time
Values for Ready Time [823158376305094, 823158380130027]
Applying requests
Writing results
Killing Process: 15109

Waiting...

End of execution: 61

node: no process found
python3: no process found
java: no process found
Default Handler Type
Got Ready Time
Values for Ready Time [823158640570445, 823158643614294]
Applying requests
Writing results
Killing Process: 15131

Waiting...

End of execution: 62

node: no process found
python3: no process found
java: no process found
Default Handler Type
Got Ready Time
Values for Ready Time [823158919691123, 823158922299417]
Applying requests
Writing results
Killing Process: 15153

Waiting...

End of execution: 63

node: no process found
python3: no process found
java: no process found
Default Handler Type
Got Ready Time
Values for Ready Time [823159169069721, 823159173011086]
Applying requests
Writing results
Killing Process: 15175

Waiting...

End of execution: 64

node: no process found
python3: no process found
java: no process found
Default Handler Type
Got Ready Time
Values for Ready Time [823159409178143, 823159412950497]
Applying requests
Writing results
Killing Process: 15197

Waiting...

End of execution: 65

node: no process found
python3: no process found
java: no process found
Default Handler Type
Got Ready Time
Values for Ready Time [823159666234565, 823159668552139]
Applying requests
Writing results
Killing Process: 15219

Waiting...

End of execution: 66

node: no process found
python3: no process found
java: no process found
Default Handler Type
Got Ready Time
Values for Ready Time [823159910436679, 823159912531666]
Applying requests
Writing results
Killing Process: 15241

Waiting...

End of execution: 67

node: no process found
python3: no process found
java: no process found
Default Handler Type
Got Ready Time
Values for Ready Time [823160160728292, 823160162796213]
Applying requests
Writing results
Killing Process: 15263

Waiting...

End of execution: 68

node: no process found
python3: no process found
java: no process found
Default Handler Type
Got Ready Time
Values for Ready Time [823160400047911, 823160402512263]
Applying requests
Writing results
Killing Process: 15285

Waiting...

End of execution: 69

node: no process found
python3: no process found
java: no process found
Default Handler Type
Got Ready Time
Values for Ready Time [823160647977718, 823160650588707]
Applying requests
Writing results
Killing Process: 15308

Waiting...

End of execution: 70

node: no process found
python3: no process found
java: no process found
Default Handler Type
Got Ready Time
Values for Ready Time [823160897872835, 823160899908131]
Applying requests
Writing results
Killing Process: 15330

Waiting...

End of execution: 71

node: no process found
python3: no process found
java: no process found
Default Handler Type
Got Ready Time
Values for Ready Time [823161154812890, 823161156933712]
Applying requests
Writing results
Killing Process: 15352

Waiting...

End of execution: 72

node: no process found
python3: no process found
java: no process found
Default Handler Type
Got Ready Time
Values for Ready Time [823161401317154, 823161407408203]
Applying requests
Writing results
Killing Process: 15374

Waiting...

End of execution: 73

node: no process found
python3: no process found
java: no process found
Default Handler Type
Got Ready Time
Values for Ready Time [823161651940820, 823161654808880]
Applying requests
Writing results
Killing Process: 15396

Waiting...

End of execution: 74

node: no process found
python3: no process found
java: no process found
Default Handler Type
Got Ready Time
Values for Ready Time [823161905033219, 823161908708533]
Applying requests
Writing results
Killing Process: 15418

Waiting...

End of execution: 75

node: no process found
python3: no process found
java: no process found
Default Handler Type
Got Ready Time
Values for Ready Time [823162131576113, 823162135310135]
Applying requests
Writing results
Killing Process: 15440

Waiting...

End of execution: 76

node: no process found
python3: no process found
java: no process found
Default Handler Type
Got Ready Time
Values for Ready Time [823162383215523, 823162385309827]
Applying requests
Writing results
Killing Process: 15462

Waiting...

End of execution: 77

node: no process found
python3: no process found
java: no process found
Default Handler Type
Got Ready Time
Values for Ready Time [823162619562370, 823162621671380]
Applying requests
Writing results
Killing Process: 15484

Waiting...

End of execution: 78

node: no process found
python3: no process found
java: no process found
Default Handler Type
Got Ready Time
Values for Ready Time [823162868149970, 823162871095618]
Applying requests
Writing results
Killing Process: 15507

Waiting...

End of execution: 79

node: no process found
python3: no process found
java: no process found
Default Handler Type
Got Ready Time
Values for Ready Time [823163127721707, 823163130211676]
Applying requests
Writing results
Killing Process: 15529

Waiting...

End of execution: 80

node: no process found
python3: no process found
java: no process found
Default Handler Type
Got Ready Time
Values for Ready Time [823163373449780, 823163375497234]
Applying requests
Writing results
Killing Process: 15551

Waiting...

End of execution: 81

node: no process found
python3: no process found
java: no process found
Default Handler Type
Got Ready Time
Values for Ready Time [823163658410460, 823163660665546]
Applying requests
Writing results
Killing Process: 15573

Waiting...

End of execution: 82

node: no process found
python3: no process found
java: no process found
Default Handler Type
Got Ready Time
Values for Ready Time [823163910699772, 823163913190201]
Applying requests
Writing results
Killing Process: 15595

Waiting...

End of execution: 83

node: no process found
python3: no process found
java: no process found
Default Handler Type
Got Ready Time
Values for Ready Time [823164178637863, 823164180882374]
Applying requests
Writing results
Killing Process: 15617

Waiting...

End of execution: 84

node: no process found
python3: no process found
java: no process found
Default Handler Type
Got Ready Time
Values for Ready Time [823164445584800, 823164448117663]
Applying requests
Writing results
Killing Process: 15639

Waiting...

End of execution: 85

node: no process found
python3: no process found
java: no process found
Default Handler Type
Got Ready Time
Values for Ready Time [823164688888928, 823164692037009]
Applying requests
Writing results
Killing Process: 15661

Waiting...

End of execution: 86

node: no process found
python3: no process found
java: no process found
Default Handler Type
Got Ready Time
Values for Ready Time [823164945752683, 823164948327851]
Applying requests
Writing results
Killing Process: 15683

Waiting...

End of execution: 87

node: no process found
python3: no process found
java: no process found
Default Handler Type
Got Ready Time
Values for Ready Time [823165210874773, 823165213119390]
Applying requests
Writing results
Killing Process: 15705

Waiting...

End of execution: 88

node: no process found
python3: no process found
java: no process found
Default Handler Type
Got Ready Time
Values for Ready Time [823165464254325, 823165467093101]
Applying requests
Writing results
Killing Process: 15727

Waiting...

End of execution: 89

node: no process found
python3: no process found
java: no process found
Default Handler Type
Got Ready Time
Values for Ready Time [823165724310722, 823165727112140]
Applying requests
Writing results
Killing Process: 15749

Waiting...

End of execution: 90

node: no process found
python3: no process found
java: no process found
Default Handler Type
Got Ready Time
Values for Ready Time [823165971860685, 823165975079800]
Applying requests
Writing results
Killing Process: 15771

Waiting...

End of execution: 91

node: no process found
python3: no process found
java: no process found
Default Handler Type
Got Ready Time
Values for Ready Time [823166227966213, 823166230687486]
Applying requests
Writing results
Killing Process: 15795

Waiting...

End of execution: 92

node: no process found
python3: no process found
java: no process found
Default Handler Type
Got Ready Time
Values for Ready Time [823166517951922, 823166520131705]
Applying requests
Writing results
Killing Process: 15818

Waiting...

End of execution: 93

node: no process found
python3: no process found
java: no process found
Default Handler Type
Got Ready Time
Values for Ready Time [823166773302808, 823166775684721]
Applying requests
Writing results
Killing Process: 15840

Waiting...

End of execution: 94

node: no process found
python3: no process found
java: no process found
Default Handler Type
Got Ready Time
Values for Ready Time [823167049048076, 823167052257147]
Applying requests
Writing results
Killing Process: 15862

Waiting...

End of execution: 95

node: no process found
python3: no process found
java: no process found
Default Handler Type
Got Ready Time
Values for Ready Time [823167311318931, 823167314171796]
Applying requests
Writing results
Killing Process: 15884

Waiting...

End of execution: 96

node: no process found
python3: no process found
java: no process found
Default Handler Type
Got Ready Time
Values for Ready Time [823167572412247, 823167575061999]
Applying requests
Writing results
Killing Process: 15906

Waiting...

End of execution: 97

node: no process found
python3: no process found
java: no process found
Default Handler Type
Got Ready Time
Values for Ready Time [823167832999761, 823167836424853]
Applying requests
Writing results
Killing Process: 15929

Waiting...

End of execution: 98

node: no process found
python3: no process found
java: no process found
Default Handler Type
Got Ready Time
Values for Ready Time [823168089120506, 823168092222420]
Applying requests
Writing results
Killing Process: 15951

Waiting...

End of execution: 99

node: no process found
python3: no process found
java: no process found
Default Handler Type
Got Ready Time
Values for Ready Time [823168346936902, 823168349150157]
Applying requests
Writing results
Killing Process: 15974

Waiting...

End of execution: 100

node: no process found
python3: no process found
java: no process found
Default Handler Type
Got Ready Time
Values for Ready Time [823168631489113, 823168634782816]
Applying requests
Writing results
Killing Process: 15996

Waiting...

End of execution: 101

node: no process found
python3: no process found
java: no process found
Default Handler Type
Got Ready Time
Values for Ready Time [823168867799103, 823168870221813]
Applying requests
Writing results
Killing Process: 16018

Waiting...

End of execution: 102

node: no process found
python3: no process found
java: no process found
Default Handler Type
Got Ready Time
Values for Ready Time [823169119918845, 823169122399341]
Applying requests
Writing results
Killing Process: 16040

Waiting...

End of execution: 103

node: no process found
python3: no process found
java: no process found
Default Handler Type
Got Ready Time
Values for Ready Time [823169353495284, 823169355555004]
Applying requests
Writing results
Killing Process: 16062

Waiting...

End of execution: 104

node: no process found
python3: no process found
java: no process found
Default Handler Type
Got Ready Time
Values for Ready Time [823169593833245, 823169595851913]
Applying requests
Writing results
Killing Process: 16084

Waiting...

End of execution: 105

node: no process found
python3: no process found
java: no process found
Default Handler Type
Got Ready Time
Values for Ready Time [823169837126011, 823169840128525]
Applying requests
Writing results
Killing Process: 16106

Waiting...

End of execution: 106

node: no process found
python3: no process found
java: no process found
Default Handler Type
Got Ready Time
Values for Ready Time [823170078149167, 823170080235013]
Applying requests
Writing results
Killing Process: 16128

Waiting...

End of execution: 107

node: no process found
python3: no process found
java: no process found
Default Handler Type
Got Ready Time
Values for Ready Time [823170310797171, 823170312808577]
Applying requests
Writing results
Killing Process: 16151

Waiting...

End of execution: 108

node: no process found
python3: no process found
java: no process found
Default Handler Type
Got Ready Time
Values for Ready Time [823170537387285, 823170540812006]
Applying requests
Writing results
Killing Process: 16174

Waiting...

End of execution: 109

node: no process found
python3: no process found
java: no process found
Default Handler Type
Got Ready Time
Values for Ready Time [823170785069209, 823170787136851]
Applying requests
Writing results
Killing Process: 16196

Waiting...

End of execution: 110

node: no process found
python3: no process found
java: no process found
Default Handler Type
Got Ready Time
Values for Ready Time [823171047977812, 823171052372026]
Applying requests
Writing results
Killing Process: 16218

Waiting...

End of execution: 111

node: no process found
python3: no process found
java: no process found
Default Handler Type
Got Ready Time
Values for Ready Time [823171320243710, 823171323372632]
Applying requests
Writing results
Killing Process: 16240

Waiting...

End of execution: 112

node: no process found
python3: no process found
java: no process found
Default Handler Type
Got Ready Time
Values for Ready Time [823171570290113, 823171572709521]
Applying requests
Writing results
Killing Process: 16263

Waiting...

End of execution: 113

node: no process found
python3: no process found
java: no process found
Default Handler Type
Got Ready Time
Values for Ready Time [823171810846857, 823171812941415]
Applying requests
Writing results
Killing Process: 16285

Waiting...

End of execution: 114

node: no process found
python3: no process found
java: no process found
Default Handler Type
Got Ready Time
Values for Ready Time [823172052445175, 823172054667497]
Applying requests
Writing results
Killing Process: 16307

Waiting...

End of execution: 115

node: no process found
python3: no process found
java: no process found
Default Handler Type
Got Ready Time
Values for Ready Time [823172307614783, 823172311065064]
Applying requests
Writing results
Killing Process: 16329

Waiting...

End of execution: 116

node: no process found
python3: no process found
java: no process found
Default Handler Type
Got Ready Time
Values for Ready Time [823172559344123, 823172562337174]
Applying requests
Writing results
Killing Process: 16351

Waiting...

End of execution: 117

node: no process found
python3: no process found
java: no process found
Default Handler Type
Got Ready Time
Values for Ready Time [823172796970399, 823172799393651]
Applying requests
Writing results
Killing Process: 16373

Waiting...

End of execution: 118

node: no process found
python3: no process found
java: no process found
Default Handler Type
Got Ready Time
Values for Ready Time [823173058911488, 823173061114098]
Applying requests
Writing results
Killing Process: 16395

Waiting...

End of execution: 119

node: no process found
python3: no process found
java: no process found
Default Handler Type
Got Ready Time
Values for Ready Time [823173331896293, 823173334075225]
Applying requests
Writing results
Killing Process: 16417

Waiting...

End of execution: 120

node: no process found
python3: no process found
java: no process found
Default Handler Type
Got Ready Time
Values for Ready Time [823173559746850, 823173562308988]
Applying requests
Writing results
Killing Process: 16439

Waiting...

End of execution: 121

node: no process found
python3: no process found
java: no process found
Default Handler Type
Got Ready Time
Values for Ready Time [823173816041821, 823173818709695]
Applying requests
Writing results
Killing Process: 16461

Waiting...

End of execution: 122

node: no process found
python3: no process found
java: no process found
Default Handler Type
Got Ready Time
Values for Ready Time [823174067328271, 823174069476522]
Applying requests
Writing results
Killing Process: 16483

Waiting...

End of execution: 123

node: no process found
python3: no process found
java: no process found
Default Handler Type
Got Ready Time
Values for Ready Time [823174319026521, 823174321289799]
Applying requests
Writing results
Killing Process: 16505

Waiting...

End of execution: 124

node: no process found
python3: no process found
java: no process found
Default Handler Type
Got Ready Time
Values for Ready Time [823174572177182, 823174574526161]
Applying requests
Writing results
Killing Process: 16527

Waiting...

End of execution: 125

node: no process found
python3: no process found
java: no process found
Default Handler Type
Got Ready Time
Values for Ready Time [823174826329274, 823174828435299]
Applying requests
Writing results
Killing Process: 16549

Waiting...

End of execution: 126

node: no process found
python3: no process found
java: no process found
Default Handler Type
Got Ready Time
Values for Ready Time [823175084383416, 823175088812509]
Applying requests
Writing results
Killing Process: 16571

Waiting...

End of execution: 127

node: no process found
python3: no process found
java: no process found
Default Handler Type
Got Ready Time
Values for Ready Time [823175347788137, 823175352727791]
Applying requests
Writing results
Killing Process: 16593

Waiting...

End of execution: 128

node: no process found
python3: no process found
java: no process found
Default Handler Type
Got Ready Time
Values for Ready Time [823175596507267, 823175600145196]
Applying requests
Writing results
Killing Process: 16615

Waiting...

End of execution: 129

node: no process found
python3: no process found
java: no process found
Default Handler Type
Got Ready Time
Values for Ready Time [823175830490654, 823175832641032]
Applying requests
Writing results
Killing Process: 16637

Waiting...

End of execution: 130

node: no process found
python3: no process found
java: no process found
Default Handler Type
Got Ready Time
Values for Ready Time [823176088412565, 823176091748129]
Applying requests
Writing results
Killing Process: 16659

Waiting...

End of execution: 131

node: no process found
python3: no process found
java: no process found
Default Handler Type
Got Ready Time
Values for Ready Time [823176357880249, 823176360344883]
Applying requests
Writing results
Killing Process: 16681

Waiting...

End of execution: 132

node: no process found
python3: no process found
java: no process found
Default Handler Type
Got Ready Time
Values for Ready Time [823176602068037, 823176604168444]
Applying requests
Writing results
Killing Process: 16703

Waiting...

End of execution: 133

node: no process found
python3: no process found
java: no process found
Default Handler Type
Got Ready Time
Values for Ready Time [823176856344474, 823176859696497]
Applying requests
Writing results
Killing Process: 16725

Waiting...

End of execution: 134

node: no process found
python3: no process found
java: no process found
Default Handler Type
Got Ready Time
Values for Ready Time [823177110847701, 823177113408117]
Applying requests
Writing results
Killing Process: 16747

Waiting...

End of execution: 135

node: no process found
python3: no process found
java: no process found
Default Handler Type
Got Ready Time
Values for Ready Time [823177361150943, 823177364388085]
Applying requests
Writing results
Killing Process: 16769

Waiting...

End of execution: 136

node: no process found
python3: no process found
java: no process found
Default Handler Type
Got Ready Time
Values for Ready Time [823177616794991, 823177619348580]
Applying requests
Writing results
Killing Process: 16791

Waiting...

End of execution: 137

node: no process found
python3: no process found
java: no process found
Default Handler Type
Got Ready Time
Values for Ready Time [823177852920330, 823177855842557]
Applying requests
Writing results
Killing Process: 16813

Waiting...

End of execution: 138

node: no process found
python3: no process found
java: no process found
Default Handler Type
Got Ready Time
Values for Ready Time [823178107020295, 823178109128880]
Applying requests
Writing results
Killing Process: 16835

Waiting...

End of execution: 139

node: no process found
python3: no process found
java: no process found
Default Handler Type
Got Ready Time
Values for Ready Time [823178345337988, 823178348518879]
Applying requests
Writing results
Killing Process: 16857

Waiting...

End of execution: 140

node: no process found
python3: no process found
java: no process found
Default Handler Type
Got Ready Time
Values for Ready Time [823178595396237, 823178599266227]
Applying requests
Writing results
Killing Process: 16879

Waiting...

End of execution: 141

node: no process found
python3: no process found
java: no process found
Default Handler Type
Got Ready Time
Values for Ready Time [823178844419200, 823178847144004]
Applying requests
Writing results
Killing Process: 16901

Waiting...

End of execution: 142

node: no process found
python3: no process found
java: no process found
Default Handler Type
Got Ready Time
Values for Ready Time [823179111197242, 823179113266899]
Applying requests
Writing results
Killing Process: 16923

Waiting...

End of execution: 143

node: no process found
python3: no process found
java: no process found
Default Handler Type
Got Ready Time
Values for Ready Time [823179353167035, 823179355639764]
Applying requests
Writing results
Killing Process: 16945

Waiting...

End of execution: 144

node: no process found
python3: no process found
java: no process found
Default Handler Type
Got Ready Time
Values for Ready Time [823179595385225, 823179598196775]
Applying requests
Writing results
Killing Process: 16967

Waiting...

End of execution: 145

node: no process found
python3: no process found
java: no process found
Default Handler Type
Got Ready Time
Values for Ready Time [823179853863064, 823179856107139]
Applying requests
Writing results
Killing Process: 16989

Waiting...

End of execution: 146

node: no process found
python3: no process found
java: no process found
Default Handler Type
Got Ready Time
Values for Ready Time [823180119244654, 823180122614711]
Applying requests
Writing results
Killing Process: 17011

Waiting...

End of execution: 147

node: no process found
python3: no process found
java: no process found
Default Handler Type
Got Ready Time
Values for Ready Time [823180376213649, 823180379323766]
Applying requests
Writing results
Killing Process: 17033

Waiting...

End of execution: 148

node: no process found
python3: no process found
java: no process found
Default Handler Type
Got Ready Time
Values for Ready Time [823180624114123, 823180627152120]
Applying requests
Writing results
Killing Process: 17055

Waiting...

End of execution: 149

node: no process found
python3: no process found
java: no process found
Default Handler Type
Got Ready Time
Values for Ready Time [823180879028588, 823180881275089]
Applying requests
Writing results
Killing Process: 17077

Waiting...

End of execution: 150

node: no process found
python3: no process found
java: no process found
Default Handler Type
Got Ready Time
Values for Ready Time [823181152750751, 823181156849373]
Applying requests
Writing results
Killing Process: 17099

Waiting...

End of execution: 151

node: no process found
python3: no process found
java: no process found
Default Handler Type
Got Ready Time
Values for Ready Time [823181438102367, 823181442722915]
Applying requests
Writing results
Killing Process: 17121

Waiting...

End of execution: 152

node: no process found
python3: no process found
java: no process found
Default Handler Type
Got Ready Time
Values for Ready Time [823181703386006, 823181706061890]
Applying requests
Writing results
Killing Process: 17143

Waiting...

End of execution: 153

node: no process found
python3: no process found
java: no process found
Default Handler Type
Got Ready Time
Values for Ready Time [823181969300395, 823181974543518]
Applying requests
Writing results
Killing Process: 17165

Waiting...

End of execution: 154

node: no process found
python3: no process found
java: no process found
Default Handler Type
Got Ready Time
Values for Ready Time [823182232291300, 823182235213353]
Applying requests
Writing results
Killing Process: 17187

Waiting...

End of execution: 155

node: no process found
python3: no process found
java: no process found
Default Handler Type
Got Ready Time
Values for Ready Time [823182467892331, 823182470481979]
Applying requests
Writing results
Killing Process: 17209

Waiting...

End of execution: 156

node: no process found
python3: no process found
java: no process found
Default Handler Type
Got Ready Time
Values for Ready Time [823182711344590, 823182714490298]
Applying requests
Writing results
Killing Process: 17231

Waiting...

End of execution: 157

node: no process found
python3: no process found
java: no process found
Default Handler Type
Got Ready Time
Values for Ready Time [823182937812524, 823182939787745]
Applying requests
Writing results
Killing Process: 17253

Waiting...

End of execution: 158

node: no process found
python3: no process found
java: no process found
Default Handler Type
Got Ready Time
Values for Ready Time [823183175716716, 823183177944966]
Applying requests
Writing results
Killing Process: 17275

Waiting...

End of execution: 159

node: no process found
python3: no process found
java: no process found
Default Handler Type
Got Ready Time
Values for Ready Time [823183401200955, 823183403959128]
Applying requests
Writing results
Killing Process: 17297

Waiting...

End of execution: 160

node: no process found
python3: no process found
java: no process found
Default Handler Type
Got Ready Time
Values for Ready Time [823183636447854, 823183639427565]
Applying requests
Writing results
Killing Process: 17319

Waiting...

End of execution: 161

node: no process found
python3: no process found
java: no process found
Default Handler Type
Got Ready Time
Values for Ready Time [823183876062589, 823183878682579]
Applying requests
Writing results
Killing Process: 17341

Waiting...

End of execution: 162

node: no process found
python3: no process found
java: no process found
Default Handler Type
Got Ready Time
Values for Ready Time [823184121520271, 823184123489150]
Applying requests
Writing results
Killing Process: 17363

Waiting...

End of execution: 163

node: no process found
python3: no process found
java: no process found
Default Handler Type
Got Ready Time
Values for Ready Time [823184352311400, 823184355043193]
Applying requests
Writing results
Killing Process: 17385

Waiting...

End of execution: 164

node: no process found
python3: no process found
java: no process found
Default Handler Type
Got Ready Time
Values for Ready Time [823184583754687, 823184586484946]
Applying requests
Writing results
Killing Process: 17408

Waiting...

End of execution: 165

node: no process found
python3: no process found
java: no process found
Default Handler Type
Got Ready Time
Values for Ready Time [823184817102210, 823184820406359]
Applying requests
Writing results
Killing Process: 17430

Waiting...

End of execution: 166

node: no process found
python3: no process found
java: no process found
Default Handler Type
Got Ready Time
Values for Ready Time [823185069300292, 823185072386297]
Applying requests
Writing results
Killing Process: 17452

Waiting...

End of execution: 167

node: no process found
python3: no process found
java: no process found
Default Handler Type
Got Ready Time
Values for Ready Time [823185298874239, 823185300950365]
Applying requests
Writing results
Killing Process: 17474

Waiting...

End of execution: 168

node: no process found
python3: no process found
java: no process found
Default Handler Type
Got Ready Time
Values for Ready Time [823185568267804, 823185571906430]
Applying requests
Writing results
Killing Process: 17496

Waiting...

End of execution: 169

node: no process found
python3: no process found
java: no process found
Default Handler Type
Got Ready Time
Values for Ready Time [823185829250642, 823185831334583]
Applying requests
Writing results
Killing Process: 17518

Waiting...

End of execution: 170

node: no process found
python3: no process found
java: no process found
Default Handler Type
Got Ready Time
Values for Ready Time [823186057288936, 823186059243519]
Applying requests
Writing results
Killing Process: 17540

Waiting...

End of execution: 171

node: no process found
python3: no process found
java: no process found
Default Handler Type
Got Ready Time
Values for Ready Time [823186270104234, 823186271783175]
Applying requests
Writing results
Killing Process: 17562

Waiting...

End of execution: 172

node: no process found
python3: no process found
java: no process found
Default Handler Type
Got Ready Time
Values for Ready Time [823186489676592, 823186491643231]
Applying requests
Writing results
Killing Process: 17584

Waiting...

End of execution: 173

node: no process found
python3: no process found
java: no process found
Default Handler Type
Got Ready Time
Values for Ready Time [823186763568332, 823186766324759]
Applying requests
Writing results
Killing Process: 17606

Waiting...

End of execution: 174

node: no process found
python3: no process found
java: no process found
Default Handler Type
Got Ready Time
Values for Ready Time [823187011503532, 823187014658852]
Applying requests
Writing results
Killing Process: 17628

Waiting...

End of execution: 175

node: no process found
python3: no process found
java: no process found
Default Handler Type
Got Ready Time
Values for Ready Time [823187311764832, 823187314255997]
Applying requests
Writing results
Killing Process: 17650

Waiting...

End of execution: 176

node: no process found
python3: no process found
java: no process found
Default Handler Type
Got Ready Time
Values for Ready Time [823187559997930, 823187564392319]
Applying requests
Writing results
Killing Process: 17672

Waiting...

End of execution: 177

node: no process found
python3: no process found
java: no process found
Default Handler Type
Got Ready Time
Values for Ready Time [823187800794139, 823187804646372]
Applying requests
Writing results
Killing Process: 17694

Waiting...

End of execution: 178

node: no process found
python3: no process found
java: no process found
Default Handler Type
Got Ready Time
Values for Ready Time [823188077192911, 823188080615646]
Applying requests
Writing results
Killing Process: 17716

Waiting...

End of execution: 179

node: no process found
python3: no process found
java: no process found
Default Handler Type
Got Ready Time
Values for Ready Time [823188340251195, 823188343774940]
Applying requests
Writing results
Killing Process: 17738

Waiting...

End of execution: 180

node: no process found
python3: no process found
java: no process found
Default Handler Type
Got Ready Time
Values for Ready Time [823188587767372, 823188589935636]
Applying requests
Writing results
Killing Process: 17760

Waiting...

End of execution: 181

node: no process found
python3: no process found
java: no process found
Default Handler Type
Got Ready Time
Values for Ready Time [823188836971466, 823188840283424]
Applying requests
Writing results
Killing Process: 17782

Waiting...

End of execution: 182

node: no process found
python3: no process found
java: no process found
Default Handler Type
Got Ready Time
Values for Ready Time [823189074922199, 823189077075874]
Applying requests
Writing results
Killing Process: 17804

Waiting...

End of execution: 183

node: no process found
python3: no process found
java: no process found
Default Handler Type
Got Ready Time
Values for Ready Time [823189319145091, 823189322063136]
Applying requests
Writing results
Killing Process: 17826

Waiting...

End of execution: 184

node: no process found
python3: no process found
java: no process found
Default Handler Type
Got Ready Time
Values for Ready Time [823189577257885, 823189580370348]
Applying requests
Writing results
Killing Process: 17849

Waiting...

End of execution: 185

node: no process found
python3: no process found
java: no process found
Default Handler Type
Got Ready Time
Values for Ready Time [823189820581194, 823189823688792]
Applying requests
Writing results
Killing Process: 17871

Waiting...

End of execution: 186

node: no process found
python3: no process found
java: no process found
Default Handler Type
Got Ready Time
Values for Ready Time [823190028478956, 823190031108493]
Applying requests
Writing results
Killing Process: 17893

Waiting...

End of execution: 187

node: no process found
python3: no process found
java: no process found
Default Handler Type
Got Ready Time
Values for Ready Time [823190259304263, 823190262620467]
Applying requests
Writing results
Killing Process: 17915

Waiting...

End of execution: 188

node: no process found
python3: no process found
java: no process found
Default Handler Type
Got Ready Time
Values for Ready Time [823190499498430, 823190503759781]
Applying requests
Writing results
Killing Process: 17937

Waiting...

End of execution: 189

node: no process found
python3: no process found
java: no process found
Default Handler Type
Got Ready Time
Values for Ready Time [823190740230278, 823190742891845]
Applying requests
Writing results
Killing Process: 17959

Waiting...

End of execution: 190

node: no process found
python3: no process found
java: no process found
Default Handler Type
Got Ready Time
Values for Ready Time [823191003527299, 823191006509064]
Applying requests
Writing results
Killing Process: 17981

Waiting...

End of execution: 191

node: no process found
python3: no process found
java: no process found
Default Handler Type
Got Ready Time
Values for Ready Time [823191263196844, 823191265262744]
Applying requests
Writing results
Killing Process: 18003

Waiting...

End of execution: 192

node: no process found
python3: no process found
java: no process found
Default Handler Type
Got Ready Time
Values for Ready Time [823191509247232, 823191513345377]
Applying requests
Writing results
Killing Process: 18025

Waiting...

End of execution: 193

node: no process found
python3: no process found
java: no process found
Default Handler Type
Got Ready Time
Values for Ready Time [823191756043751, 823191758629445]
Applying requests
Writing results
Killing Process: 18047

Waiting...

End of execution: 194

node: no process found
python3: no process found
java: no process found
Default Handler Type
Got Ready Time
Values for Ready Time [823192011585957, 823192014378069]
Applying requests
Writing results
Killing Process: 18069

Waiting...

End of execution: 195

node: no process found
python3: no process found
java: no process found
Default Handler Type
Got Ready Time
Values for Ready Time [823192259826875, 823192262030999]
Applying requests
Writing results
Killing Process: 18091

Waiting...

End of execution: 196

node: no process found
python3: no process found
java: no process found
Default Handler Type
Got Ready Time
Values for Ready Time [823192528253272, 823192530639056]
Applying requests
Writing results
Killing Process: 18113

Waiting...

End of execution: 197

node: no process found
python3: no process found
java: no process found
Default Handler Type
Got Ready Time
Values for Ready Time [823192767055081, 823192769089596]
Applying requests
Writing results
Killing Process: 18135

Waiting...

End of execution: 198

node: no process found
python3: no process found
java: no process found
Default Handler Type
Got Ready Time
Values for Ready Time [823192992858561, 823192996964751]
Applying requests
Writing results
Killing Process: 18157

Waiting...

End of execution: 199

node: no process found
python3: no process found
java: no process found
Default Handler Type
Got Ready Time
Values for Ready Time [823193255074918, 823193257311172]
Applying requests
Writing results
Killing Process: 18179

Waiting...

End of execution: 200

