nohup: ignoring input
Killed node(2491) with signal 15
python3: no process found
java: no process found
Default Handler Type
Got Ready Time
Values for Ready Time [6785520059112168, 6785520470905161]
Applying requests
Writing results
Killing Process: 2735

Waiting...

End of execution: 1

node: no process found
python3: no process found
java: no process found
Default Handler Type
Got Ready Time
Values for Ready Time [6785532623684457, 6785533003862059]
Applying requests
Writing results
Killing Process: 2772

Waiting...

End of execution: 2

node: no process found
python3: no process found
java: no process found
Default Handler Type
Got Ready Time
Values for Ready Time [6785545177752431, 6785545599040010]
Applying requests
Writing results
Killing Process: 2795

Waiting...

End of execution: 3

node: no process found
python3: no process found
java: no process found
Default Handler Type
Got Ready Time
Values for Ready Time [6785557868174009, 6785558294035207]
Applying requests
Writing results
Killing Process: 2817

Waiting...

End of execution: 4

node: no process found
python3: no process found
java: no process found
Default Handler Type
Got Ready Time
Values for Ready Time [6785570511127746, 6785570912462408]
Applying requests
Writing results
Killing Process: 2839

Waiting...

End of execution: 5

node: no process found
python3: no process found
java: no process found
Default Handler Type
Got Ready Time
Values for Ready Time [6785583106005579, 6785583520833244]
Applying requests
Writing results
Killing Process: 2861

Waiting...

End of execution: 6

node: no process found
python3: no process found
java: no process found
Default Handler Type
Got Ready Time
Values for Ready Time [6785595748541241, 6785596136895853]
Applying requests
Writing results
Killing Process: 2883

Waiting...

End of execution: 7

node: no process found
python3: no process found
java: no process found
Default Handler Type
Got Ready Time
Values for Ready Time [6785608599023922, 6785609008640222]
Applying requests
Writing results
Killing Process: 2905

Waiting...

End of execution: 8

node: no process found
python3: no process found
java: no process found
Default Handler Type
Got Ready Time
Values for Ready Time [6785621233274342, 6785621667979955]
Applying requests
Writing results
Killing Process: 2927

Waiting...

End of execution: 9

node: no process found
python3: no process found
java: no process found
Default Handler Type
Got Ready Time
Values for Ready Time [6785633822326889, 6785634136995894]
Applying requests
Writing results
Killing Process: 2949

Waiting...

End of execution: 10

node: no process found
python3: no process found
java: no process found
Default Handler Type
Got Ready Time
Values for Ready Time [6785646219720162, 6785646629575723]
Applying requests
Writing results
Killing Process: 2971

Waiting...

End of execution: 11

node: no process found
python3: no process found
java: no process found
Default Handler Type
Got Ready Time
Values for Ready Time [6785658876357144, 6785659289090337]
Applying requests
Writing results
Killing Process: 2993

Waiting...

End of execution: 12

node: no process found
python3: no process found
java: no process found
Default Handler Type
Got Ready Time
Values for Ready Time [6785671515302377, 6785671929379297]
Applying requests
Writing results
Killing Process: 3015

Waiting...

End of execution: 13

node: no process found
python3: no process found
java: no process found
Default Handler Type
Got Ready Time
Values for Ready Time [6785684311029405, 6785684699681633]
Applying requests
Writing results
Killing Process: 3037

Waiting...

End of execution: 14

node: no process found
python3: no process found
java: no process found
Default Handler Type
Got Ready Time
Values for Ready Time [6785697026279042, 6785697420490330]
Applying requests
Writing results
Killing Process: 3059

Waiting...

End of execution: 15

node: no process found
python3: no process found
java: no process found
Default Handler Type
Got Ready Time
Values for Ready Time [6785709613035796, 6785709915210627]
Applying requests
Writing results
Killing Process: 3081

Waiting...

End of execution: 16

node: no process found
python3: no process found
java: no process found
Default Handler Type
Got Ready Time
Values for Ready Time [6785722047975882, 6785722459437139]
Applying requests
Writing results
Killing Process: 3103

Waiting...

End of execution: 17

node: no process found
python3: no process found
java: no process found
Default Handler Type
Got Ready Time
Values for Ready Time [6785734559410606, 6785734949125970]
Applying requests
Writing results
Killing Process: 3125

Waiting...

End of execution: 18

node: no process found
python3: no process found
java: no process found
Default Handler Type
Got Ready Time
Values for Ready Time [6785747211421635, 6785747619246598]
Applying requests
Writing results
Killing Process: 3148

Waiting...

End of execution: 19

node: no process found
python3: no process found
java: no process found
Default Handler Type
Got Ready Time
Values for Ready Time [6785759801413799, 6785760207840381]
Applying requests
Writing results
Killing Process: 3170

Waiting...

End of execution: 20

node: no process found
python3: no process found
java: no process found
Default Handler Type
Got Ready Time
Values for Ready Time [6785772303939417, 6785772712470129]
Applying requests
Writing results
Killing Process: 3192

Waiting...

End of execution: 21

node: no process found
python3: no process found
java: no process found
Default Handler Type
Got Ready Time
Values for Ready Time [6785784815993214, 6785785216782888]
Applying requests
Writing results
Killing Process: 3214

Waiting...

End of execution: 22

node: no process found
python3: no process found
java: no process found
Default Handler Type
Got Ready Time
Values for Ready Time [6785797491199616, 6785797896821105]
Applying requests
Writing results
Killing Process: 3236

Waiting...

End of execution: 23

node: no process found
python3: no process found
java: no process found
Default Handler Type
Got Ready Time
Values for Ready Time [6785810091960042, 6785810490221311]
Applying requests
Writing results
Killing Process: 3258

Waiting...

End of execution: 24

node: no process found
python3: no process found
java: no process found
Default Handler Type
Got Ready Time
Values for Ready Time [6785822596820805, 6785822987243137]
Applying requests
Writing results
Killing Process: 3280

Waiting...

End of execution: 25

node: no process found
python3: no process found
java: no process found
Default Handler Type
Got Ready Time
Values for Ready Time [6785835278227994, 6785835666562753]
Applying requests
Writing results
Killing Process: 3302

Waiting...

End of execution: 26

node: no process found
python3: no process found
java: no process found
Default Handler Type
Got Ready Time
Values for Ready Time [6785847865222877, 6785848257319981]
Applying requests
Writing results
Killing Process: 3324

Waiting...

End of execution: 27

node: no process found
python3: no process found
java: no process found
Default Handler Type
Got Ready Time
Values for Ready Time [6785860313844943, 6785860741874181]
Applying requests
Writing results
Killing Process: 3346

Waiting...

End of execution: 28

node: no process found
python3: no process found
java: no process found
Default Handler Type
Got Ready Time
Values for Ready Time [6785873181807251, 6785873579119893]
Applying requests
Writing results
Killing Process: 3368

Waiting...

End of execution: 29

node: no process found
python3: no process found
java: no process found
Default Handler Type
Got Ready Time
Values for Ready Time [6785885684544927, 6785886019945621]
Applying requests
Writing results
Killing Process: 3390

Waiting...

End of execution: 30

node: no process found
python3: no process found
java: no process found
Default Handler Type
Got Ready Time
Values for Ready Time [6785898403071093, 6785898794078850]
Applying requests
Writing results
Killing Process: 3412

Waiting...

End of execution: 31

node: no process found
python3: no process found
java: no process found
Default Handler Type
Got Ready Time
Values for Ready Time [6785911025217083, 6785911412725356]
Applying requests
Writing results
Killing Process: 3434

Waiting...

End of execution: 32

node: no process found
python3: no process found
java: no process found
Default Handler Type
Got Ready Time
Values for Ready Time [6785923656201927, 6785924037601953]
Applying requests
Writing results
Killing Process: 3456

Waiting...

End of execution: 33

node: no process found
python3: no process found
java: no process found
Default Handler Type
Got Ready Time
Values for Ready Time [6785936217200475, 6785936616751435]
Applying requests
Writing results
Killing Process: 3478

Waiting...

End of execution: 34

node: no process found
python3: no process found
java: no process found
Default Handler Type
Got Ready Time
Values for Ready Time [6785948884057997, 6785949289605367]
Applying requests
Writing results
Killing Process: 3500

Waiting...

End of execution: 35

node: no process found
python3: no process found
java: no process found
Default Handler Type
Got Ready Time
Values for Ready Time [6785961537012082, 6785961975624187]
Applying requests
Writing results
Killing Process: 3522

Waiting...

End of execution: 36

node: no process found
python3: no process found
java: no process found
Default Handler Type
Got Ready Time
Values for Ready Time [6785974108104062, 6785974467314909]
Applying requests
Writing results
Killing Process: 3544

Waiting...

End of execution: 37

node: no process found
python3: no process found
java: no process found
Default Handler Type
Got Ready Time
Values for Ready Time [6785986768322099, 6785987195434987]
Applying requests
Writing results
Killing Process: 3566

Waiting...

End of execution: 38

node: no process found
python3: no process found
java: no process found
Default Handler Type
Got Ready Time
Values for Ready Time [6785999444663818, 6785999770038294]
Applying requests
Writing results
Killing Process: 3588

Waiting...

End of execution: 39

node: no process found
python3: no process found
java: no process found
Default Handler Type
Got Ready Time
Values for Ready Time [6786011900328414, 6786012282911884]
Applying requests
Writing results
Killing Process: 3610

Waiting...

End of execution: 40

node: no process found
python3: no process found
java: no process found
Default Handler Type
Got Ready Time
Values for Ready Time [6786024597874078, 6786024980417539]
Applying requests
Writing results
Killing Process: 3632

Waiting...

End of execution: 41

node: no process found
python3: no process found
java: no process found
Default Handler Type
Got Ready Time
Values for Ready Time [6786037047747390, 6786037444993574]
Applying requests
Writing results
Killing Process: 3654

Waiting...

End of execution: 42

node: no process found
python3: no process found
java: no process found
Default Handler Type
Got Ready Time
Values for Ready Time [6786049724113954, 6786050121714607]
Applying requests
Writing results
Killing Process: 3676

Waiting...

End of execution: 43

node: no process found
python3: no process found
java: no process found
Default Handler Type
Got Ready Time
Values for Ready Time [6786062332830631, 6786062728743217]
Applying requests
Writing results
Killing Process: 3698

Waiting...

End of execution: 44

node: no process found
python3: no process found
java: no process found
Default Handler Type
Got Ready Time
Values for Ready Time [6786074841933225, 6786075225157676]
Applying requests
Writing results
Killing Process: 3720

Waiting...

End of execution: 45

node: no process found
python3: no process found
java: no process found
Default Handler Type
Got Ready Time
Values for Ready Time [6786087431469398, 6786087833173807]
Applying requests
Writing results
Killing Process: 3742

Waiting...

End of execution: 46

node: no process found
python3: no process found
java: no process found
Default Handler Type
Got Ready Time
Values for Ready Time [6786100024598447, 6786100360092937]
Applying requests
Writing results
Killing Process: 3764

Waiting...

End of execution: 47

node: no process found
python3: no process found
java: no process found
Default Handler Type
Got Ready Time
Values for Ready Time [6786112655495477, 6786113030007125]
Applying requests
Writing results
Killing Process: 3786

Waiting...

End of execution: 48

node: no process found
python3: no process found
java: no process found
Default Handler Type
Got Ready Time
Values for Ready Time [6786125221396223, 6786125610200762]
Applying requests
Writing results
Killing Process: 3808

Waiting...

End of execution: 49

node: no process found
python3: no process found
java: no process found
Default Handler Type
Got Ready Time
Values for Ready Time [6786137852976988, 6786138267845239]
Applying requests
Writing results
Killing Process: 3830

Waiting...

End of execution: 50

node: no process found
python3: no process found
java: no process found
Default Handler Type
Got Ready Time
Values for Ready Time [6786150543080403, 6786150951819589]
Applying requests
Writing results
Killing Process: 3852

Waiting...

End of execution: 51

node: no process found
python3: no process found
java: no process found
Default Handler Type
Got Ready Time
Values for Ready Time [6786163065758644, 6786163460151629]
Applying requests
Writing results
Killing Process: 3874

Waiting...

End of execution: 52

node: no process found
python3: no process found
java: no process found
Default Handler Type
Got Ready Time
Values for Ready Time [6786175672515913, 6786176068414597]
Applying requests
Writing results
Killing Process: 3896

Waiting...

End of execution: 53

node: no process found
python3: no process found
java: no process found
Default Handler Type
Got Ready Time
Values for Ready Time [6786188223721835, 6786188526128512]
Applying requests
Writing results
Killing Process: 3920

Waiting...

End of execution: 54

node: no process found
python3: no process found
java: no process found
Default Handler Type
Got Ready Time
Values for Ready Time [6786200817380267, 6786201255274526]
Applying requests
Writing results
Killing Process: 3943

Waiting...

End of execution: 55

node: no process found
python3: no process found
java: no process found
Default Handler Type
Got Ready Time
Values for Ready Time [6786213392883471, 6786213817301671]
Applying requests
Writing results
Killing Process: 3965

Waiting...

End of execution: 56

node: no process found
python3: no process found
java: no process found
Default Handler Type
Got Ready Time
Values for Ready Time [6786225959627573, 6786226361407818]
Applying requests
Writing results
Killing Process: 3987

Waiting...

End of execution: 57

node: no process found
python3: no process found
java: no process found
Default Handler Type
Got Ready Time
Values for Ready Time [6786238684577239, 6786239076106938]
Applying requests
Writing results
Killing Process: 4009

Waiting...

End of execution: 58

node: no process found
python3: no process found
java: no process found
Default Handler Type
Got Ready Time
Values for Ready Time [6786251284923398, 6786251706895005]
Applying requests
Writing results
Killing Process: 4031

Waiting...

End of execution: 59

node: no process found
python3: no process found
java: no process found
Default Handler Type
Got Ready Time
Values for Ready Time [6786264092983289, 6786264492977494]
Applying requests
Writing results
Killing Process: 4052

Waiting...

End of execution: 60

node: no process found
python3: no process found
java: no process found
Default Handler Type
Got Ready Time
Values for Ready Time [6786276579314121, 6786276993402321]
Applying requests
Writing results
Killing Process: 4075

Waiting...

End of execution: 61

node: no process found
python3: no process found
java: no process found
Default Handler Type
Got Ready Time
Values for Ready Time [6786289183164686, 6786289624475202]
Applying requests
Writing results
Killing Process: 4097

Waiting...

End of execution: 62

node: no process found
python3: no process found
java: no process found
Default Handler Type
Got Ready Time
Values for Ready Time [6786301744026443, 6786302117203704]
Applying requests
Writing results
Killing Process: 4119

Waiting...

End of execution: 63

node: no process found
python3: no process found
java: no process found
Default Handler Type
Got Ready Time
Values for Ready Time [6786314295632065, 6786314681714247]
Applying requests
Writing results
Killing Process: 4141

Waiting...

End of execution: 64

node: no process found
python3: no process found
java: no process found
Default Handler Type
Got Ready Time
Values for Ready Time [6786326848079664, 6786327232638075]
Applying requests
Writing results
Killing Process: 4163

Waiting...

End of execution: 65

node: no process found
python3: no process found
java: no process found
Default Handler Type
Got Ready Time
Values for Ready Time [6786339290865526, 6786339701846286]
Applying requests
Writing results
Killing Process: 4185

Waiting...

End of execution: 66

node: no process found
python3: no process found
java: no process found
Default Handler Type
Got Ready Time
Values for Ready Time [6786351861201312, 6786352208950564]
Applying requests
Writing results
Killing Process: 4207

Waiting...

End of execution: 67

node: no process found
python3: no process found
java: no process found
Default Handler Type
Got Ready Time
Values for Ready Time [6786364368613100, 6786364775485504]
Applying requests
Writing results
Killing Process: 4229

Waiting...

End of execution: 68

node: no process found
python3: no process found
java: no process found
Default Handler Type
Got Ready Time
Values for Ready Time [6786376911444514, 6786377316227149]
Applying requests
Writing results
Killing Process: 4251

Waiting...

End of execution: 69

node: no process found
python3: no process found
java: no process found
Default Handler Type
Got Ready Time
Values for Ready Time [6786389511228096, 6786389926628427]
Applying requests
Writing results
Killing Process: 4273

Waiting...

End of execution: 70

node: no process found
python3: no process found
java: no process found
Default Handler Type
Got Ready Time
Values for Ready Time [6786402086897528, 6786402473896094]
Applying requests
Writing results
Killing Process: 4295

Waiting...

End of execution: 71

node: no process found
python3: no process found
java: no process found
Default Handler Type
Got Ready Time
Values for Ready Time [6786414705622423, 6786415108111500]
Applying requests
Writing results
Killing Process: 4317

Waiting...

End of execution: 72

node: no process found
python3: no process found
java: no process found
Default Handler Type
Got Ready Time
Values for Ready Time [6786427357196070, 6786427752102531]
Applying requests
Writing results
Killing Process: 4339

Waiting...

End of execution: 73

node: no process found
python3: no process found
java: no process found
Default Handler Type
Got Ready Time
Values for Ready Time [6786439949777779, 6786440307320098]
Applying requests
Writing results
Killing Process: 4361

Waiting...

End of execution: 74

node: no process found
python3: no process found
java: no process found
Default Handler Type
Got Ready Time
Values for Ready Time [6786452512032317, 6786452903678083]
Applying requests
Writing results
Killing Process: 4383

Waiting...

End of execution: 75

node: no process found
python3: no process found
java: no process found
Default Handler Type
Got Ready Time
Values for Ready Time [6786465042933422, 6786465448358214]
Applying requests
Writing results
Killing Process: 4405

Waiting...

End of execution: 76

node: no process found
python3: no process found
java: no process found
Default Handler Type
Got Ready Time
Values for Ready Time [6786477680314842, 6786478080969806]
Applying requests
Writing results
Killing Process: 4428

Waiting...

End of execution: 77

node: no process found
python3: no process found
java: no process found
Default Handler Type
Got Ready Time
Values for Ready Time [6786490233854395, 6786490639862497]
Applying requests
Writing results
Killing Process: 4450

Waiting...

End of execution: 78

node: no process found
python3: no process found
java: no process found
Default Handler Type
Got Ready Time
Values for Ready Time [6786502858092521, 6786503240485674]
Applying requests
Writing results
Killing Process: 4473

Waiting...

End of execution: 79

node: no process found
python3: no process found
java: no process found
Default Handler Type
Got Ready Time
Values for Ready Time [6786515651332875, 6786516037588427]
Applying requests
Writing results
Killing Process: 4496

Waiting...

End of execution: 80

node: no process found
python3: no process found
java: no process found
Default Handler Type
Got Ready Time
Values for Ready Time [6786528120788121, 6786528512217252]
Applying requests
Writing results
Killing Process: 4518

Waiting...

End of execution: 81

node: no process found
python3: no process found
java: no process found
Default Handler Type
Got Ready Time
Values for Ready Time [6786540739271243, 6786541153361263]
Applying requests
Writing results
Killing Process: 4540

Waiting...

End of execution: 82

node: no process found
python3: no process found
java: no process found
Default Handler Type
Got Ready Time
Values for Ready Time [6786553266724263, 6786553599825429]
Applying requests
Writing results
Killing Process: 4562

Waiting...

End of execution: 83

node: no process found
python3: no process found
java: no process found
Default Handler Type
Got Ready Time
Values for Ready Time [6786565481182087, 6786565852243522]
Applying requests
Writing results
Killing Process: 4584

Waiting...

End of execution: 84

node: no process found
python3: no process found
java: no process found
Default Handler Type
Got Ready Time
Values for Ready Time [6786578048685271, 6786578443673930]
Applying requests
Writing results
Killing Process: 4606

Waiting...

End of execution: 85

node: no process found
python3: no process found
java: no process found
Default Handler Type
Got Ready Time
Values for Ready Time [6786590890313208, 6786591301759877]
Applying requests
Writing results
Killing Process: 4628

Waiting...

End of execution: 86

node: no process found
python3: no process found
java: no process found
Default Handler Type
Got Ready Time
Values for Ready Time [6786603502015153, 6786603909735140]
Applying requests
Writing results
Killing Process: 4650

Waiting...

End of execution: 87

node: no process found
python3: no process found
java: no process found
Default Handler Type
Got Ready Time
Values for Ready Time [6786616134174418, 6786616526914726]
Applying requests
Writing results
Killing Process: 4673

Waiting...

End of execution: 88

node: no process found
python3: no process found
java: no process found
Default Handler Type
Got Ready Time
Values for Ready Time [6786628805873113, 6786629199693544]
Applying requests
Writing results
Killing Process: 4695

Waiting...

End of execution: 89

node: no process found
python3: no process found
java: no process found
Default Handler Type
Got Ready Time
Values for Ready Time [6786641332311907, 6786641765044805]
Applying requests
Writing results
Killing Process: 4718

Waiting...

End of execution: 90

node: no process found
python3: no process found
java: no process found
Default Handler Type
Got Ready Time
Values for Ready Time [6786654004698344, 6786654408648155]
Applying requests
Writing results
Killing Process: 4740

Waiting...

End of execution: 91

node: no process found
python3: no process found
java: no process found
Default Handler Type
Got Ready Time
Values for Ready Time [6786666569190775, 6786666998502214]
Applying requests
Writing results
Killing Process: 4762

Waiting...

End of execution: 92

node: no process found
python3: no process found
java: no process found
Default Handler Type
Got Ready Time
Values for Ready Time [6786679194445378, 6786679590264926]
Applying requests
Writing results
Killing Process: 4784

Waiting...

End of execution: 93

node: no process found
python3: no process found
java: no process found
Default Handler Type
Got Ready Time
Values for Ready Time [6786691729352311, 6786692126209681]
Applying requests
Writing results
Killing Process: 4806

Waiting...

End of execution: 94

node: no process found
python3: no process found
java: no process found
Default Handler Type
Got Ready Time
Values for Ready Time [6786704366656259, 6786704761778494]
Applying requests
Writing results
Killing Process: 4828

Waiting...

End of execution: 95

node: no process found
python3: no process found
java: no process found
Default Handler Type
Got Ready Time
Values for Ready Time [6786716919805967, 6786717312140017]
Applying requests
Writing results
Killing Process: 4850

Waiting...

End of execution: 96

node: no process found
python3: no process found
java: no process found
Default Handler Type
Got Ready Time
Values for Ready Time [6786729545409801, 6786729942507535]
Applying requests
Writing results
Killing Process: 4872

Waiting...

End of execution: 97

node: no process found
python3: no process found
java: no process found
Default Handler Type
Got Ready Time
Values for Ready Time [6786742166729633, 6786742568925972]
Applying requests
Writing results
Killing Process: 4894

Waiting...

End of execution: 98

node: no process found
python3: no process found
java: no process found
Default Handler Type
Got Ready Time
Values for Ready Time [6786754872705401, 6786755259272757]
Applying requests
Writing results
Killing Process: 4916

Waiting...

End of execution: 99

node: no process found
python3: no process found
java: no process found
Default Handler Type
Got Ready Time
Values for Ready Time [6786767429823727, 6786767834885773]
Applying requests
Writing results
Killing Process: 4938

Waiting...

End of execution: 100

node: no process found
python3: no process found
java: no process found
Default Handler Type
Got Ready Time
Values for Ready Time [6786780036975022, 6786780432148061]
Applying requests
Writing results
Killing Process: 4960

Waiting...

End of execution: 101

node: no process found
python3: no process found
java: no process found
Default Handler Type
Got Ready Time
Values for Ready Time [6786792602498650, 6786792997900960]
Applying requests
Writing results
Killing Process: 4982

Waiting...

End of execution: 102

node: no process found
python3: no process found
java: no process found
Default Handler Type
Got Ready Time
Values for Ready Time [6786805207533394, 6786805646214252]
Applying requests
Writing results
Killing Process: 5004

Waiting...

End of execution: 103

node: no process found
python3: no process found
java: no process found
Default Handler Type
Got Ready Time
Values for Ready Time [6786817856529162, 6786818247080733]
Applying requests
Writing results
Killing Process: 5026

Waiting...

End of execution: 104

node: no process found
python3: no process found
java: no process found
Default Handler Type
Got Ready Time
Values for Ready Time [6786830986577372, 6786831380349750]
Applying requests
Writing results
Killing Process: 5048

Waiting...

End of execution: 105

node: no process found
python3: no process found
java: no process found
Default Handler Type
Got Ready Time
Values for Ready Time [6786843530568872, 6786843872718979]
Applying requests
Writing results
Killing Process: 5070

Waiting...

End of execution: 106

node: no process found
python3: no process found
java: no process found
Default Handler Type
Got Ready Time
Values for Ready Time [6786855989256484, 6786856397720455]
Applying requests
Writing results
Killing Process: 5092

Waiting...

End of execution: 107

node: no process found
python3: no process found
java: no process found
Default Handler Type
Got Ready Time
Values for Ready Time [6786868590279611, 6786868978352394]
Applying requests
Writing results
Killing Process: 5114

Waiting...

End of execution: 108

node: no process found
python3: no process found
java: no process found
Default Handler Type
Got Ready Time
Values for Ready Time [6786881215974235, 6786881636050593]
Applying requests
Writing results
Killing Process: 5136

Waiting...

End of execution: 109

node: no process found
python3: no process found
java: no process found
Default Handler Type
Got Ready Time
Values for Ready Time [6786893782790263, 6786894176586294]
Applying requests
Writing results
Killing Process: 5158

Waiting...

End of execution: 110

node: no process found
python3: no process found
java: no process found
Default Handler Type
Got Ready Time
Values for Ready Time [6786906363607188, 6786906698940025]
Applying requests
Writing results
Killing Process: 5180

Waiting...

End of execution: 111

node: no process found
python3: no process found
java: no process found
Default Handler Type
Got Ready Time
Values for Ready Time [6786918850738551, 6786919193282383]
Applying requests
Writing results
Killing Process: 5202

Waiting...

End of execution: 112

node: no process found
python3: no process found
java: no process found
Default Handler Type
Got Ready Time
Values for Ready Time [6786931271080253, 6786931636584666]
Applying requests
Writing results
Killing Process: 5225

Waiting...

End of execution: 113

node: no process found
python3: no process found
java: no process found
Default Handler Type
Got Ready Time
Values for Ready Time [6786943792644761, 6786944192128156]
Applying requests
Writing results
Killing Process: 5247

Waiting...

End of execution: 114

node: no process found
python3: no process found
java: no process found
Default Handler Type
Got Ready Time
Values for Ready Time [6786956249153587, 6786956558093456]
Applying requests
Writing results
Killing Process: 5269

Waiting...

End of execution: 115

node: no process found
python3: no process found
java: no process found
Default Handler Type
Got Ready Time
Values for Ready Time [6786968632484458, 6786969018194088]
Applying requests
Writing results
Killing Process: 5292

Waiting...

End of execution: 116

node: no process found
python3: no process found
java: no process found
Default Handler Type
Got Ready Time
Values for Ready Time [6786981410749214, 6786981836465350]
Applying requests
Writing results
Killing Process: 5314

Waiting...

End of execution: 117

node: no process found
python3: no process found
java: no process found
Default Handler Type
Got Ready Time
Values for Ready Time [6786993929376432, 6786994337380901]
Applying requests
Writing results
Killing Process: 5336

Waiting...

End of execution: 118

node: no process found
python3: no process found
java: no process found
Default Handler Type
Got Ready Time
Values for Ready Time [6787006450887850, 6787006843284902]
Applying requests
Writing results
Killing Process: 5358

Waiting...

End of execution: 119

node: no process found
python3: no process found
java: no process found
Default Handler Type
Got Ready Time
Values for Ready Time [6787019019819693, 6787019429286384]
Applying requests
Writing results
Killing Process: 5380

Waiting...

End of execution: 120

node: no process found
python3: no process found
java: no process found
Default Handler Type
Got Ready Time
Values for Ready Time [6787031558984074, 6787031961425836]
Applying requests
Writing results
Killing Process: 5402

Waiting...

End of execution: 121

node: no process found
python3: no process found
java: no process found
Default Handler Type
Got Ready Time
Values for Ready Time [6787044108689796, 6787044473715880]
Applying requests
Writing results
Killing Process: 5424

Waiting...

End of execution: 122

node: no process found
python3: no process found
java: no process found
Default Handler Type
Got Ready Time
Values for Ready Time [6787056484360584, 6787056825178400]
Applying requests
Writing results
Killing Process: 5446

Waiting...

End of execution: 123

node: no process found
python3: no process found
java: no process found
Default Handler Type
Got Ready Time
Values for Ready Time [6787069084670610, 6787069488218659]
Applying requests
Writing results
Killing Process: 5468

Waiting...

End of execution: 124

node: no process found
python3: no process found
java: no process found
Default Handler Type
Got Ready Time
Values for Ready Time [6787081649352388, 6787082034137962]
Applying requests
Writing results
Killing Process: 5490

Waiting...

End of execution: 125

node: no process found
python3: no process found
java: no process found
Default Handler Type
Got Ready Time
Values for Ready Time [6787094142345891, 6787094458335619]
Applying requests
Writing results
Killing Process: 5512

Waiting...

End of execution: 126

node: no process found
python3: no process found
java: no process found
Default Handler Type
Got Ready Time
Values for Ready Time [6787106562743636, 6787106967875271]
Applying requests
Writing results
Killing Process: 5534

Waiting...

End of execution: 127

node: no process found
python3: no process found
java: no process found
Default Handler Type
Got Ready Time
Values for Ready Time [6787119012380585, 6787119396431449]
Applying requests
Writing results
Killing Process: 5556

Waiting...

End of execution: 128

node: no process found
python3: no process found
java: no process found
Default Handler Type
Got Ready Time
Values for Ready Time [6787131484661142, 6787131905430658]
Applying requests
Writing results
Killing Process: 5578

Waiting...

End of execution: 129

node: no process found
python3: no process found
java: no process found
Default Handler Type
Got Ready Time
Values for Ready Time [6787144073010112, 6787144469691100]
Applying requests
Writing results
Killing Process: 5600

Waiting...

End of execution: 130

node: no process found
python3: no process found
java: no process found
Default Handler Type
Got Ready Time
Values for Ready Time [6787156763265001, 6787157154495803]
Applying requests
Writing results
Killing Process: 5622

Waiting...

End of execution: 131

node: no process found
python3: no process found
java: no process found
Default Handler Type
Got Ready Time
Values for Ready Time [6787169291442911, 6787169690667026]
Applying requests
Writing results
Killing Process: 5644

Waiting...

End of execution: 132

node: no process found
python3: no process found
java: no process found
Default Handler Type
Got Ready Time
Values for Ready Time [6787181855135137, 6787182239206611]
Applying requests
Writing results
Killing Process: 5666

Waiting...

End of execution: 133

node: no process found
python3: no process found
java: no process found
Default Handler Type
Got Ready Time
Values for Ready Time [6787194438686165, 6787194849210307]
Applying requests
Writing results
Killing Process: 5688

Waiting...

End of execution: 134

node: no process found
python3: no process found
java: no process found
Default Handler Type
Got Ready Time
Values for Ready Time [6787207010824641, 6787207400888272]
Applying requests
Writing results
Killing Process: 5710

Waiting...

End of execution: 135

node: no process found
python3: no process found
java: no process found
Default Handler Type
Got Ready Time
Values for Ready Time [6787219439413490, 6787219849440084]
Applying requests
Writing results
Killing Process: 5732

Waiting...

End of execution: 136

node: no process found
python3: no process found
java: no process found
Default Handler Type
Got Ready Time
Values for Ready Time [6787232095929440, 6787232484744882]
Applying requests
Writing results
Killing Process: 5754

Waiting...

End of execution: 137

node: no process found
python3: no process found
java: no process found
Default Handler Type
Got Ready Time
Values for Ready Time [6787244586241605, 6787244987924947]
Applying requests
Writing results
Killing Process: 5776

Waiting...

End of execution: 138

node: no process found
python3: no process found
java: no process found
Default Handler Type
Got Ready Time
Values for Ready Time [6787257306402964, 6787257709095900]
Applying requests
Writing results
Killing Process: 5798

Waiting...

End of execution: 139

node: no process found
python3: no process found
java: no process found
Default Handler Type
Got Ready Time
Values for Ready Time [6787269887518668, 6787270293715419]
Applying requests
Writing results
Killing Process: 5820

Waiting...

End of execution: 140

node: no process found
python3: no process found
java: no process found
Default Handler Type
Got Ready Time
Values for Ready Time [6787282444907915, 6787282829018373]
Applying requests
Writing results
Killing Process: 5842

Waiting...

End of execution: 141

node: no process found
python3: no process found
java: no process found
Default Handler Type
Got Ready Time
Values for Ready Time [6787294941609401, 6787295354730567]
Applying requests
Writing results
Killing Process: 5864

Waiting...

End of execution: 142

node: no process found
python3: no process found
java: no process found
Default Handler Type
Got Ready Time
Values for Ready Time [6787307513948875, 6787307921207006]
Applying requests
Writing results
Killing Process: 5887

Waiting...

End of execution: 143

node: no process found
python3: no process found
java: no process found
Default Handler Type
Got Ready Time
Values for Ready Time [6787319951477188, 6787320341719805]
Applying requests
Writing results
Killing Process: 5909

Waiting...

End of execution: 144

node: no process found
python3: no process found
java: no process found
Default Handler Type
Got Ready Time
Values for Ready Time [6787332522264075, 6787332913192205]
Applying requests
Writing results
Killing Process: 5931

Waiting...

End of execution: 145

node: no process found
python3: no process found
java: no process found
Default Handler Type
Got Ready Time
Values for Ready Time [6787345055262863, 6787345455379448]
Applying requests
Writing results
Killing Process: 5953

Waiting...

End of execution: 146

node: no process found
python3: no process found
java: no process found
Default Handler Type
Got Ready Time
Values for Ready Time [6787357545862589, 6787357939608544]
Applying requests
Writing results
Killing Process: 5975

Waiting...

End of execution: 147

node: no process found
python3: no process found
java: no process found
Default Handler Type
Got Ready Time
Values for Ready Time [6787370062170517, 6787370461098138]
Applying requests
Writing results
Killing Process: 5997

Waiting...

End of execution: 148

node: no process found
python3: no process found
java: no process found
Default Handler Type
Got Ready Time
Values for Ready Time [6787382602896372, 6787383006326113]
Applying requests
Writing results
Killing Process: 6019

Waiting...

End of execution: 149

node: no process found
python3: no process found
java: no process found
Default Handler Type
Got Ready Time
Values for Ready Time [6787395192892978, 6787395582181466]
Applying requests
Writing results
Killing Process: 6041

Waiting...

End of execution: 150

node: no process found
python3: no process found
java: no process found
Default Handler Type
Got Ready Time
Values for Ready Time [6787407745913964, 6787408136558060]
Applying requests
Writing results
Killing Process: 6064

Waiting...

End of execution: 151

node: no process found
python3: no process found
java: no process found
Default Handler Type
Got Ready Time
Values for Ready Time [6787420443105317, 6787420825770508]
Applying requests
Writing results
Killing Process: 6087

Waiting...

End of execution: 152

node: no process found
python3: no process found
java: no process found
Default Handler Type
Got Ready Time
Values for Ready Time [6787433029287337, 6787433434476392]
Applying requests
Writing results
Killing Process: 6116

Waiting...

End of execution: 153

node: no process found
python3: no process found
java: no process found
Default Handler Type
Got Ready Time
Values for Ready Time [6787445665126904, 6787446063469730]
Applying requests
Writing results
Killing Process: 6144

Waiting...

End of execution: 154

node: no process found
python3: no process found
java: no process found
Default Handler Type
Got Ready Time
Values for Ready Time [6787458184688980, 6787458513117626]
Applying requests
Writing results
Killing Process: 6168

Waiting...

End of execution: 155

node: no process found
python3: no process found
java: no process found
Default Handler Type
Got Ready Time
Values for Ready Time [6787470709111229, 6787471114018998]
Applying requests
Writing results
Killing Process: 6194

Waiting...

End of execution: 156

node: no process found
python3: no process found
java: no process found
Default Handler Type
Got Ready Time
Values for Ready Time [6787483337711689, 6787483753888628]
Applying requests
Writing results
Killing Process: 6216

Waiting...

End of execution: 157

node: no process found
python3: no process found
java: no process found
Default Handler Type
Got Ready Time
Values for Ready Time [6787495879255515, 6787496281725716]
Applying requests
Writing results
Killing Process: 6239

Waiting...

End of execution: 158

node: no process found
python3: no process found
java: no process found
Default Handler Type
Got Ready Time
Values for Ready Time [6787508440219785, 6787508836532324]
Applying requests
Writing results
Killing Process: 6261

Waiting...

End of execution: 159

node: no process found
python3: no process found
java: no process found
Default Handler Type
Got Ready Time
Values for Ready Time [6787521040989773, 6787521434138930]
Applying requests
Writing results
Killing Process: 6283

Waiting...

End of execution: 160

node: no process found
python3: no process found
java: no process found
Default Handler Type
Got Ready Time
Values for Ready Time [6787533965901838, 6787534382372046]
Applying requests
Writing results
Killing Process: 6308

Waiting...

End of execution: 161

node: no process found
python3: no process found
java: no process found
Default Handler Type
Got Ready Time
Values for Ready Time [6787546435574831, 6787546832359103]
Applying requests
Writing results
Killing Process: 6331

Waiting...

End of execution: 162

node: no process found
python3: no process found
java: no process found
Default Handler Type
Got Ready Time
Values for Ready Time [6787558918556359, 6787559307346476]
Applying requests
Writing results
Killing Process: 6355

Waiting...

End of execution: 163

node: no process found
python3: no process found
java: no process found
Default Handler Type
Got Ready Time
Values for Ready Time [6787571576108860, 6787572007439659]
Applying requests
Writing results
Killing Process: 6377

Waiting...

End of execution: 164

node: no process found
python3: no process found
java: no process found
Default Handler Type
Got Ready Time
Values for Ready Time [6787584402396656, 6787584790459348]
Applying requests
Writing results
Killing Process: 6399

Waiting...

End of execution: 165

node: no process found
python3: no process found
java: no process found
Default Handler Type
Got Ready Time
Values for Ready Time [6787596930085908, 6787597330302509]
Applying requests
Writing results
Killing Process: 6421

Waiting...

End of execution: 166

node: no process found
python3: no process found
java: no process found
Default Handler Type
Got Ready Time
Values for Ready Time [6787609343454447, 6787609762457767]
Applying requests
Writing results
Killing Process: 6443

Waiting...

End of execution: 167

node: no process found
python3: no process found
java: no process found
Default Handler Type
Got Ready Time
Values for Ready Time [6787621931524653, 6787622352343543]
Applying requests
Writing results
Killing Process: 6465

Waiting...

End of execution: 168

node: no process found
python3: no process found
java: no process found
Default Handler Type
Got Ready Time
Values for Ready Time [6787634589139485, 6787634988651759]
Applying requests
Writing results
Killing Process: 6487

Waiting...

End of execution: 169

node: no process found
python3: no process found
java: no process found
Default Handler Type
Got Ready Time
Values for Ready Time [6787647035643873, 6787647426192646]
Applying requests
Writing results
Killing Process: 6509

Waiting...

End of execution: 170

node: no process found
python3: no process found
java: no process found
Default Handler Type
Got Ready Time
Values for Ready Time [6787659558543153, 6787659921440941]
Applying requests
Writing results
Killing Process: 6531

Waiting...

End of execution: 171

node: no process found
python3: no process found
java: no process found
Default Handler Type
Got Ready Time
Values for Ready Time [6787672098193259, 6787672495917833]
Applying requests
Writing results
Killing Process: 6554

Waiting...

End of execution: 172

node: no process found
python3: no process found
java: no process found
Default Handler Type
Got Ready Time
Values for Ready Time [6787684679602392, 6787685082600549]
Applying requests
Writing results
Killing Process: 6576

Waiting...

End of execution: 173

node: no process found
python3: no process found
java: no process found
Default Handler Type
Got Ready Time
Values for Ready Time [6787697244829038, 6787697646165343]
Applying requests
Writing results
Killing Process: 6598

Waiting...

End of execution: 174

node: no process found
python3: no process found
java: no process found
Default Handler Type
Got Ready Time
Values for Ready Time [6787709821314995, 6787710229065532]
Applying requests
Writing results
Killing Process: 6620

Waiting...

End of execution: 175

node: no process found
python3: no process found
java: no process found
Default Handler Type
Got Ready Time
Values for Ready Time [6787722718141905, 6787723089461890]
Applying requests
Writing results
Killing Process: 6642

Waiting...

End of execution: 176

node: no process found
python3: no process found
java: no process found
Default Handler Type
Got Ready Time
Values for Ready Time [6787735307072880, 6787735709363901]
Applying requests
Writing results
Killing Process: 6664

Waiting...

End of execution: 177

node: no process found
python3: no process found
java: no process found
Default Handler Type
Got Ready Time
Values for Ready Time [6787747816957588, 6787748230633285]
Applying requests
Writing results
Killing Process: 6687

Waiting...

End of execution: 178

node: no process found
python3: no process found
java: no process found
Default Handler Type
Got Ready Time
Values for Ready Time [6787760383360631, 6787760695602864]
Applying requests
Writing results
Killing Process: 6709

Waiting...

End of execution: 179

node: no process found
python3: no process found
java: no process found
Default Handler Type
Got Ready Time
Values for Ready Time [6787772839386228, 6787773178585618]
Applying requests
Writing results
Killing Process: 6731

Waiting...

End of execution: 180

node: no process found
python3: no process found
java: no process found
Default Handler Type
Got Ready Time
Values for Ready Time [6787785205030608, 6787785562755675]
Applying requests
Writing results
Killing Process: 6754

Waiting...

End of execution: 181

node: no process found
python3: no process found
java: no process found
Default Handler Type
Got Ready Time
Values for Ready Time [6787797724967986, 6787798116813550]
Applying requests
Writing results
Killing Process: 6776

Waiting...

End of execution: 182

node: no process found
python3: no process found
java: no process found
Default Handler Type
Got Ready Time
Values for Ready Time [6787810289786203, 6787810683496493]
Applying requests
Writing results
Killing Process: 6798

Waiting...

End of execution: 183

node: no process found
python3: no process found
java: no process found
Default Handler Type
Got Ready Time
Values for Ready Time [6787822970509617, 6787823279327071]
Applying requests
Writing results
Killing Process: 6821

Waiting...

End of execution: 184

node: no process found
python3: no process found
java: no process found
Default Handler Type
Got Ready Time
Values for Ready Time [6787835410907291, 6787835735582572]
Applying requests
Writing results
Killing Process: 6843

Waiting...

End of execution: 185

node: no process found
python3: no process found
java: no process found
Default Handler Type
Got Ready Time
Values for Ready Time [6787848037611451, 6787848466671055]
Applying requests
Writing results
Killing Process: 6865

Waiting...

End of execution: 186

node: no process found
python3: no process found
java: no process found
Default Handler Type
Got Ready Time
Values for Ready Time [6787860774684926, 6787861078278711]
Applying requests
Writing results
Killing Process: 6887

Waiting...

End of execution: 187

node: no process found
python3: no process found
java: no process found
Default Handler Type
Got Ready Time
Values for Ready Time [6787873278397748, 6787873703179898]
Applying requests
Writing results
Killing Process: 6909

Waiting...

End of execution: 188

node: no process found
python3: no process found
java: no process found
Default Handler Type
Got Ready Time
Values for Ready Time [6787885782660134, 6787886162335980]
Applying requests
Writing results
Killing Process: 6931

Waiting...

End of execution: 189

node: no process found
python3: no process found
java: no process found
Default Handler Type
Got Ready Time
Values for Ready Time [6787898272756091, 6787898648535261]
Applying requests
Writing results
Killing Process: 6953

Waiting...

End of execution: 190

node: no process found
python3: no process found
java: no process found
Default Handler Type
Got Ready Time
Values for Ready Time [6787910806289320, 6787911201286387]
Applying requests
Writing results
Killing Process: 6975

Waiting...

End of execution: 191

node: no process found
python3: no process found
java: no process found
Default Handler Type
Got Ready Time
Values for Ready Time [6787923307755211, 6787923714544031]
Applying requests
Writing results
Killing Process: 6997

Waiting...

End of execution: 192

node: no process found
python3: no process found
java: no process found
Default Handler Type
Got Ready Time
Values for Ready Time [6787935801653759, 6787936165379116]
Applying requests
Writing results
Killing Process: 7019

Waiting...

End of execution: 193

node: no process found
python3: no process found
java: no process found
Default Handler Type
Got Ready Time
Values for Ready Time [6787948327299175, 6787948642684912]
Applying requests
Writing results
Killing Process: 7041

Waiting...

End of execution: 194

node: no process found
python3: no process found
java: no process found
Default Handler Type
Got Ready Time
Values for Ready Time [6787960697844921, 6787961118541366]
Applying requests
Writing results
Killing Process: 7063

Waiting...

End of execution: 195

node: no process found
python3: no process found
java: no process found
Default Handler Type
Got Ready Time
Values for Ready Time [6787973381693700, 6787973801514236]
Applying requests
Writing results
Killing Process: 7085

Waiting...

End of execution: 196

node: no process found
python3: no process found
java: no process found
Default Handler Type
Got Ready Time
Values for Ready Time [6787985902537606, 6787986301439202]
Applying requests
Writing results
Killing Process: 7107

Waiting...

End of execution: 197

node: no process found
python3: no process found
java: no process found
Default Handler Type
Got Ready Time
Values for Ready Time [6787998415202489, 6787998823385565]
Applying requests
Writing results
Killing Process: 7129

Waiting...

End of execution: 198

node: no process found
python3: no process found
java: no process found
Default Handler Type
Got Ready Time
Values for Ready Time [6788011308678322, 6788011733437936]
Applying requests
Writing results
Killing Process: 7151

Waiting...

End of execution: 199

node: no process found
python3: no process found
java: no process found
Default Handler Type
Got Ready Time
Values for Ready Time [6788023850326124, 6788024249188276]
Applying requests
Writing results
Killing Process: 7173

Waiting...

End of execution: 200

