nohup: ignoring input
Killed node(14468) with signal 15
python3: no process found
java: no process found
Default Handler Type
Got Ready Time
Values for Ready Time [6704922397828043, 6704922701675419]
Applying requests
Writing results
Killing Process: 16413

Waiting...

End of execution: 1

node: no process found
python3: no process found
java: no process found
Default Handler Type
Got Ready Time
Values for Ready Time [6704932291797048, 6704932392414646]
Applying requests
Writing results
Killing Process: 16444

Waiting...

End of execution: 2

node: no process found
python3: no process found
java: no process found
Default Handler Type
Got Ready Time
Values for Ready Time [6704941880367111, 6704941972028110]
Applying requests
Writing results
Killing Process: 16466

Waiting...

End of execution: 3

node: no process found
python3: no process found
java: no process found
Default Handler Type
Got Ready Time
Values for Ready Time [6704951467665745, 6704951561625938]
Applying requests
Writing results
Killing Process: 16488

Waiting...

End of execution: 4

node: no process found
python3: no process found
java: no process found
Default Handler Type
Got Ready Time
Values for Ready Time [6704961017689940, 6704961105361617]
Applying requests
Writing results
Killing Process: 16510

Waiting...

End of execution: 5

node: no process found
python3: no process found
java: no process found
Default Handler Type
Got Ready Time
Values for Ready Time [6704970690709703, 6704970783256909]
Applying requests
Writing results
Killing Process: 16532

Waiting...

End of execution: 6

node: no process found
python3: no process found
java: no process found
Default Handler Type
Got Ready Time
Values for Ready Time [6704980325877563, 6704980415735816]
Applying requests
Writing results
Killing Process: 16554

Waiting...

End of execution: 7

node: no process found
python3: no process found
java: no process found
Default Handler Type
Got Ready Time
Values for Ready Time [6704989949086977, 6704990034665625]
Applying requests
Writing results
Killing Process: 16576

Waiting...

End of execution: 8

node: no process found
python3: no process found
java: no process found
Default Handler Type
Got Ready Time
Values for Ready Time [6704999514570533, 6704999604135736]
Applying requests
Writing results
Killing Process: 16599

Waiting...

End of execution: 9

node: no process found
python3: no process found
java: no process found
Default Handler Type
Got Ready Time
Values for Ready Time [6705009071893882, 6705009167164308]
Applying requests
Writing results
Killing Process: 16621

Waiting...

End of execution: 10

node: no process found
python3: no process found
java: no process found
Default Handler Type
Got Ready Time
Values for Ready Time [6705018685000164, 6705018774638031]
Applying requests
Writing results
Killing Process: 16643

Waiting...

End of execution: 11

node: no process found
python3: no process found
java: no process found
Default Handler Type
Got Ready Time
Values for Ready Time [6705028302481004, 6705028390639086]
Applying requests
Writing results
Killing Process: 16665

Waiting...

End of execution: 12

node: no process found
python3: no process found
java: no process found
Default Handler Type
Got Ready Time
Values for Ready Time [6705037851344354, 6705037946204212]
Applying requests
Writing results
Killing Process: 16687

Waiting...

End of execution: 13

node: no process found
python3: no process found
java: no process found
Default Handler Type
Got Ready Time
Values for Ready Time [6705047480450616, 6705047572253001]
Applying requests
Writing results
Killing Process: 16709

Waiting...

End of execution: 14

node: no process found
python3: no process found
java: no process found
Default Handler Type
Got Ready Time
Values for Ready Time [6705057151469524, 6705057246307868]
Applying requests
Writing results
Killing Process: 16731

Waiting...

End of execution: 15

node: no process found
python3: no process found
java: no process found
Default Handler Type
Got Ready Time
Values for Ready Time [6705066707299478, 6705066798132991]
Applying requests
Writing results
Killing Process: 16753

Waiting...

End of execution: 16

node: no process found
python3: no process found
java: no process found
Default Handler Type
Got Ready Time
Values for Ready Time [6705076327120209, 6705076425966007]
Applying requests
Writing results
Killing Process: 16775

Waiting...

End of execution: 17

node: no process found
python3: no process found
java: no process found
Default Handler Type
Got Ready Time
Values for Ready Time [6705085971232274, 6705086066091424]
Applying requests
Writing results
Killing Process: 16797

Waiting...

End of execution: 18

node: no process found
python3: no process found
java: no process found
Default Handler Type
Got Ready Time
Values for Ready Time [6705095622109259, 6705095727467739]
Applying requests
Writing results
Killing Process: 16820

Waiting...

End of execution: 19

node: no process found
python3: no process found
java: no process found
Default Handler Type
Got Ready Time
Values for Ready Time [6705105221514842, 6705105309561477]
Applying requests
Writing results
Killing Process: 16842

Waiting...

End of execution: 20

node: no process found
python3: no process found
java: no process found
Default Handler Type
Got Ready Time
Values for Ready Time [6705114924336584, 6705115022546667]
Applying requests
Writing results
Killing Process: 16864

Waiting...

End of execution: 21

node: no process found
python3: no process found
java: no process found
Default Handler Type
Got Ready Time
Values for Ready Time [6705124572214992, 6705124661898263]
Applying requests
Writing results
Killing Process: 16886

Waiting...

End of execution: 22

node: no process found
python3: no process found
java: no process found
Default Handler Type
Got Ready Time
Values for Ready Time [6705134176118447, 6705134262469126]
Applying requests
Writing results
Killing Process: 16908

Waiting...

End of execution: 23

node: no process found
python3: no process found
java: no process found
Default Handler Type
Got Ready Time
Values for Ready Time [6705143744776392, 6705143839089850]
Applying requests
Writing results
Killing Process: 16930

Waiting...

End of execution: 24

node: no process found
python3: no process found
java: no process found
Default Handler Type
Got Ready Time
Values for Ready Time [6705153267794313, 6705153358180145]
Applying requests
Writing results
Killing Process: 16952

Waiting...

End of execution: 25

node: no process found
python3: no process found
java: no process found
Default Handler Type
Got Ready Time
Values for Ready Time [6705162833147198, 6705162919955204]
Applying requests
Writing results
Killing Process: 16974

Waiting...

End of execution: 26

node: no process found
python3: no process found
java: no process found
Default Handler Type
Got Ready Time
Values for Ready Time [6705172543471555, 6705172632205198]
Applying requests
Writing results
Killing Process: 16996

Waiting...

End of execution: 27

node: no process found
python3: no process found
java: no process found
Default Handler Type
Got Ready Time
Values for Ready Time [6705182175229981, 6705182261926203]
Applying requests
Writing results
Killing Process: 17018

Waiting...

End of execution: 28

node: no process found
python3: no process found
java: no process found
Default Handler Type
Got Ready Time
Values for Ready Time [6705191838230001, 6705191925314088]
Applying requests
Writing results
Killing Process: 17040

Waiting...

End of execution: 29

node: no process found
python3: no process found
java: no process found
Default Handler Type
Got Ready Time
Values for Ready Time [6705201465766836, 6705201561411024]
Applying requests
Writing results
Killing Process: 17062

Waiting...

End of execution: 30

node: no process found
python3: no process found
java: no process found
Default Handler Type
Got Ready Time
Values for Ready Time [6705211233540844, 6705211331781599]
Applying requests
Writing results
Killing Process: 17084

Waiting...

End of execution: 31

node: no process found
python3: no process found
java: no process found
Default Handler Type
Got Ready Time
Values for Ready Time [6705220805872196, 6705220897110454]
Applying requests
Writing results
Killing Process: 17107

Waiting...

End of execution: 32

node: no process found
python3: no process found
java: no process found
Default Handler Type
Got Ready Time
Values for Ready Time [6705230447830880, 6705230539257930]
Applying requests
Writing results
Killing Process: 17129

Waiting...

End of execution: 33

node: no process found
python3: no process found
java: no process found
Default Handler Type
Got Ready Time
Values for Ready Time [6705240006653929, 6705240090781784]
Applying requests
Writing results
Killing Process: 17152

Waiting...

End of execution: 34

node: no process found
python3: no process found
java: no process found
Default Handler Type
Got Ready Time
Values for Ready Time [6705249671715268, 6705249765722461]
Applying requests
Writing results
Killing Process: 17174

Waiting...

End of execution: 35

node: no process found
python3: no process found
java: no process found
Default Handler Type
Got Ready Time
Values for Ready Time [6705259313127368, 6705259407944266]
Applying requests
Writing results
Killing Process: 17196

Waiting...

End of execution: 36

node: no process found
python3: no process found
java: no process found
Default Handler Type
Got Ready Time
Values for Ready Time [6705268952233244, 6705269037215831]
Applying requests
Writing results
Killing Process: 17218

Waiting...

End of execution: 37

node: no process found
python3: no process found
java: no process found
Default Handler Type
Got Ready Time
Values for Ready Time [6705278483609662, 6705278576161387]
Applying requests
Writing results
Killing Process: 17240

Waiting...

End of execution: 38

node: no process found
python3: no process found
java: no process found
Default Handler Type
Got Ready Time
Values for Ready Time [6705288112494084, 6705288224305283]
Applying requests
Writing results
Killing Process: 17262

Waiting...

End of execution: 39

node: no process found
python3: no process found
java: no process found
Default Handler Type
Got Ready Time
Values for Ready Time [6705297734239132, 6705297832412144]
Applying requests
Writing results
Killing Process: 17284

Waiting...

End of execution: 40

node: no process found
python3: no process found
java: no process found
Default Handler Type
Got Ready Time
Values for Ready Time [6705307281214938, 6705307367957809]
Applying requests
Writing results
Killing Process: 17306

Waiting...

End of execution: 41

node: no process found
python3: no process found
java: no process found
Default Handler Type
Got Ready Time
Values for Ready Time [6705316843816512, 6705316932288045]
Applying requests
Writing results
Killing Process: 17328

Waiting...

End of execution: 42

node: no process found
python3: no process found
java: no process found
Default Handler Type
Got Ready Time
Values for Ready Time [6705326457200361, 6705326556661881]
Applying requests
Writing results
Killing Process: 17350

Waiting...

End of execution: 43

node: no process found
python3: no process found
java: no process found
Default Handler Type
Got Ready Time
Values for Ready Time [6705336050420155, 6705336138693381]
Applying requests
Writing results
Killing Process: 17372

Waiting...

End of execution: 44

node: no process found
python3: no process found
java: no process found
Default Handler Type
Got Ready Time
Values for Ready Time [6705345600514688, 6705345687874258]
Applying requests
Writing results
Killing Process: 17394

Waiting...

End of execution: 45

node: no process found
python3: no process found
java: no process found
Default Handler Type
Got Ready Time
Values for Ready Time [6705355128130398, 6705355214600720]
Applying requests
Writing results
Killing Process: 17416

Waiting...

End of execution: 46

node: no process found
python3: no process found
java: no process found
Default Handler Type
Got Ready Time
Values for Ready Time [6705364680126797, 6705364778302310]
Applying requests
Writing results
Killing Process: 17438

Waiting...

End of execution: 47

node: no process found
python3: no process found
java: no process found
Default Handler Type
Got Ready Time
Values for Ready Time [6705374298829494, 6705374391015949]
Applying requests
Writing results
Killing Process: 17461

Waiting...

End of execution: 48

node: no process found
python3: no process found
java: no process found
Default Handler Type
Got Ready Time
Values for Ready Time [6705383907236251, 6705383994412380]
Applying requests
Writing results
Killing Process: 17483

Waiting...

End of execution: 49

node: no process found
python3: no process found
java: no process found
Default Handler Type
Got Ready Time
Values for Ready Time [6705393477477920, 6705393583750028]
Applying requests
Writing results
Killing Process: 17505

Waiting...

End of execution: 50

node: no process found
python3: no process found
java: no process found
Default Handler Type
Got Ready Time
Values for Ready Time [6705403043606113, 6705403131090773]
Applying requests
Writing results
Killing Process: 17527

Waiting...

End of execution: 51

node: no process found
python3: no process found
java: no process found
Default Handler Type
Got Ready Time
Values for Ready Time [6705412699508677, 6705412790635154]
Applying requests
Writing results
Killing Process: 17549

Waiting...

End of execution: 52

node: no process found
python3: no process found
java: no process found
Default Handler Type
Got Ready Time
Values for Ready Time [6705422306137039, 6705422393666924]
Applying requests
Writing results
Killing Process: 17571

Waiting...

End of execution: 53

node: no process found
python3: no process found
java: no process found
Default Handler Type
Got Ready Time
Values for Ready Time [6705431886314684, 6705431973401031]
Applying requests
Writing results
Killing Process: 17593

Waiting...

End of execution: 54

node: no process found
python3: no process found
java: no process found
Default Handler Type
Got Ready Time
Values for Ready Time [6705441446254607, 6705441535465729]
Applying requests
Writing results
Killing Process: 17615

Waiting...

End of execution: 55

node: no process found
python3: no process found
java: no process found
Default Handler Type
Got Ready Time
Values for Ready Time [6705451055257410, 6705451146520081]
Applying requests
Writing results
Killing Process: 17638

Waiting...

End of execution: 56

node: no process found
python3: no process found
java: no process found
Default Handler Type
Got Ready Time
Values for Ready Time [6705460644294221, 6705460738814649]
Applying requests
Writing results
Killing Process: 17660

Waiting...

End of execution: 57

node: no process found
python3: no process found
java: no process found
Default Handler Type
Got Ready Time
Values for Ready Time [6705470263031888, 6705470350231957]
Applying requests
Writing results
Killing Process: 17682

Waiting...

End of execution: 58

node: no process found
python3: no process found
java: no process found
Default Handler Type
Got Ready Time
Values for Ready Time [6705479913494688, 6705480002127921]
Applying requests
Writing results
Killing Process: 17705

Waiting...

End of execution: 59

node: no process found
python3: no process found
java: no process found
Default Handler Type
Got Ready Time
Values for Ready Time [6705489548609827, 6705489637700323]
Applying requests
Writing results
Killing Process: 17727

Waiting...

End of execution: 60

node: no process found
python3: no process found
java: no process found
Default Handler Type
Got Ready Time
Values for Ready Time [6705499174259323, 6705499259845110]
Applying requests
Writing results
Killing Process: 17749

Waiting...

End of execution: 61

node: no process found
python3: no process found
java: no process found
Default Handler Type
Got Ready Time
Values for Ready Time [6705508824241408, 6705508912731173]
Applying requests
Writing results
Killing Process: 17771

Waiting...

End of execution: 62

node: no process found
python3: no process found
java: no process found
Default Handler Type
Got Ready Time
Values for Ready Time [6705518573643718, 6705518661578532]
Applying requests
Writing results
Killing Process: 17793

Waiting...

End of execution: 63

node: no process found
python3: no process found
java: no process found
Default Handler Type
Got Ready Time
Values for Ready Time [6705528194003170, 6705528295065474]
Applying requests
Writing results
Killing Process: 17815

Waiting...

End of execution: 64

node: no process found
python3: no process found
java: no process found
Default Handler Type
Got Ready Time
Values for Ready Time [6705537739687431, 6705537833571402]
Applying requests
Writing results
Killing Process: 17837

Waiting...

End of execution: 65

node: no process found
python3: no process found
java: no process found
Default Handler Type
Got Ready Time
Values for Ready Time [6705547354254257, 6705547446459842]
Applying requests
Writing results
Killing Process: 17859

Waiting...

End of execution: 66

node: no process found
python3: no process found
java: no process found
Default Handler Type
Got Ready Time
Values for Ready Time [6705556963027776, 6705557055087630]
Applying requests
Writing results
Killing Process: 17881

Waiting...

End of execution: 67

node: no process found
python3: no process found
java: no process found
Default Handler Type
Got Ready Time
Values for Ready Time [6705566481414420, 6705566569775702]
Applying requests
Writing results
Killing Process: 17903

Waiting...

End of execution: 68

node: no process found
python3: no process found
java: no process found
Default Handler Type
Got Ready Time
Values for Ready Time [6705576097784135, 6705576182614869]
Applying requests
Writing results
Killing Process: 17925

Waiting...

End of execution: 69

node: no process found
python3: no process found
java: no process found
Default Handler Type
Got Ready Time
Values for Ready Time [6705585719152674, 6705585811060865]
Applying requests
Writing results
Killing Process: 17947

Waiting...

End of execution: 70

node: no process found
python3: no process found
java: no process found
Default Handler Type
Got Ready Time
Values for Ready Time [6705595314293587, 6705595403873747]
Applying requests
Writing results
Killing Process: 17969

Waiting...

End of execution: 71

node: no process found
python3: no process found
java: no process found
Default Handler Type
Got Ready Time
Values for Ready Time [6705604914870254, 6705605003331971]
Applying requests
Writing results
Killing Process: 17992

Waiting...

End of execution: 72

node: no process found
python3: no process found
java: no process found
Default Handler Type
Got Ready Time
Values for Ready Time [6705614626204100, 6705614727517314]
Applying requests
Writing results
Killing Process: 18014

Waiting...

End of execution: 73

node: no process found
python3: no process found
java: no process found
Default Handler Type
Got Ready Time
Values for Ready Time [6705624279577172, 6705624367401243]
Applying requests
Writing results
Killing Process: 18036

Waiting...

End of execution: 74

node: no process found
python3: no process found
java: no process found
Default Handler Type
Got Ready Time
Values for Ready Time [6705633880988174, 6705633988114751]
Applying requests
Writing results
Killing Process: 18058

Waiting...

End of execution: 75

node: no process found
python3: no process found
java: no process found
Default Handler Type
Got Ready Time
Values for Ready Time [6705643627180372, 6705643719884566]
Applying requests
Writing results
Killing Process: 18080

Waiting...

End of execution: 76

node: no process found
python3: no process found
java: no process found
Default Handler Type
Got Ready Time
Values for Ready Time [6705653271598188, 6705653364116298]
Applying requests
Writing results
Killing Process: 18102

Waiting...

End of execution: 77

node: no process found
python3: no process found
java: no process found
Default Handler Type
Got Ready Time
Values for Ready Time [6705662978079637, 6705663070418811]
Applying requests
Writing results
Killing Process: 18124

Waiting...

End of execution: 78

node: no process found
python3: no process found
java: no process found
Default Handler Type
Got Ready Time
Values for Ready Time [6705672690450758, 6705672777966755]
Applying requests
Writing results
Killing Process: 18146

Waiting...

End of execution: 79

node: no process found
python3: no process found
java: no process found
Default Handler Type
Got Ready Time
Values for Ready Time [6705682350685157, 6705682451097747]
Applying requests
Writing results
Killing Process: 18168

Waiting...

End of execution: 80

node: no process found
python3: no process found
java: no process found
Default Handler Type
Got Ready Time
Values for Ready Time [6705692149945345, 6705692239480666]
Applying requests
Writing results
Killing Process: 18190

Waiting...

End of execution: 81

node: no process found
python3: no process found
java: no process found
Default Handler Type
Got Ready Time
Values for Ready Time [6705701837888383, 6705701937179662]
Applying requests
Writing results
Killing Process: 18212

Waiting...

End of execution: 82

node: no process found
python3: no process found
java: no process found
Default Handler Type
Got Ready Time
Values for Ready Time [6705711464186461, 6705711564901615]
Applying requests
Writing results
Killing Process: 18234

Waiting...

End of execution: 83

node: no process found
python3: no process found
java: no process found
Default Handler Type
Got Ready Time
Values for Ready Time [6705721142723979, 6705721233151243]
Applying requests
Writing results
Killing Process: 18257

Waiting...

End of execution: 84

node: no process found
python3: no process found
java: no process found
Default Handler Type
Got Ready Time
Values for Ready Time [6705730794056465, 6705730887815715]
Applying requests
Writing results
Killing Process: 18279

Waiting...

End of execution: 85

node: no process found
python3: no process found
java: no process found
Default Handler Type
Got Ready Time
Values for Ready Time [6705740344082900, 6705740438359463]
Applying requests
Writing results
Killing Process: 18301

Waiting...

End of execution: 86

node: no process found
python3: no process found
java: no process found
Default Handler Type
Got Ready Time
Values for Ready Time [6705750042242401, 6705750136058724]
Applying requests
Writing results
Killing Process: 18323

Waiting...

End of execution: 87

node: no process found
python3: no process found
java: no process found
Default Handler Type
Got Ready Time
Values for Ready Time [6705759709147554, 6705759796621388]
Applying requests
Writing results
Killing Process: 18345

Waiting...

End of execution: 88

node: no process found
python3: no process found
java: no process found
Default Handler Type
Got Ready Time
Values for Ready Time [6705769297537418, 6705769399216330]
Applying requests
Writing results
Killing Process: 18367

Waiting...

End of execution: 89

node: no process found
python3: no process found
java: no process found
Default Handler Type
Got Ready Time
Values for Ready Time [6705778941216887, 6705779033570748]
Applying requests
Writing results
Killing Process: 18390

Waiting...

End of execution: 90

node: no process found
python3: no process found
java: no process found
Default Handler Type
Got Ready Time
Values for Ready Time [6705788577885762, 6705788667863532]
Applying requests
Writing results
Killing Process: 18412

Waiting...

End of execution: 91

node: no process found
python3: no process found
java: no process found
Default Handler Type
Got Ready Time
Values for Ready Time [6705798314404057, 6705798411708659]
Applying requests
Writing results
Killing Process: 18434

Waiting...

End of execution: 92

node: no process found
python3: no process found
java: no process found
Default Handler Type
Got Ready Time
Values for Ready Time [6705808010944634, 6705808102548292]
Applying requests
Writing results
Killing Process: 18456

Waiting...

End of execution: 93

node: no process found
python3: no process found
java: no process found
Default Handler Type
Got Ready Time
Values for Ready Time [6705817558267022, 6705817659764024]
Applying requests
Writing results
Killing Process: 18478

Waiting...

End of execution: 94

node: no process found
python3: no process found
java: no process found
Default Handler Type
Got Ready Time
Values for Ready Time [6705827087632591, 6705827179690810]
Applying requests
Writing results
Killing Process: 18500

Waiting...

End of execution: 95

node: no process found
python3: no process found
java: no process found
Default Handler Type
Got Ready Time
Values for Ready Time [6705836702635454, 6705836797114966]
Applying requests
Writing results
Killing Process: 18522

Waiting...

End of execution: 96

node: no process found
python3: no process found
java: no process found
Default Handler Type
Got Ready Time
Values for Ready Time [6705846367994303, 6705846469743045]
Applying requests
Writing results
Killing Process: 19071

Waiting...

End of execution: 97

node: no process found
python3: no process found
java: no process found
Default Handler Type
Got Ready Time
Values for Ready Time [6705855926576833, 6705856015989556]
Applying requests
Writing results
Killing Process: 19144

Waiting...

End of execution: 98

node: no process found
python3: no process found
java: no process found
Default Handler Type
Got Ready Time
Values for Ready Time [6705865468834237, 6705865558291681]
Applying requests
Writing results
Killing Process: 19166

Waiting...

End of execution: 99

node: no process found
python3: no process found
java: no process found
Default Handler Type
Got Ready Time
Values for Ready Time [6705875044655221, 6705875153300858]
Applying requests
Writing results
Killing Process: 19188

Waiting...

End of execution: 100

node: no process found
python3: no process found
java: no process found
Default Handler Type
Got Ready Time
Values for Ready Time [6705884587812289, 6705884673435931]
Applying requests
Writing results
Killing Process: 19210

Waiting...

End of execution: 101

node: no process found
python3: no process found
java: no process found
Default Handler Type
Got Ready Time
Values for Ready Time [6705894148483207, 6705894241731279]
Applying requests
Writing results
Killing Process: 19232

Waiting...

End of execution: 102

node: no process found
python3: no process found
java: no process found
Default Handler Type
Got Ready Time
Values for Ready Time [6705903678700619, 6705903774149658]
Applying requests
Writing results
Killing Process: 19254

Waiting...

End of execution: 103

node: no process found
python3: no process found
java: no process found
Default Handler Type
Got Ready Time
Values for Ready Time [6705913258797036, 6705913355837448]
Applying requests
Writing results
Killing Process: 19276

Waiting...

End of execution: 104

node: no process found
python3: no process found
java: no process found
Default Handler Type
Got Ready Time
Values for Ready Time [6705922813832153, 6705922903868704]
Applying requests
Writing results
Killing Process: 19299

Waiting...

End of execution: 105

node: no process found
python3: no process found
java: no process found
Default Handler Type
Got Ready Time
Values for Ready Time [6705932381687053, 6705932486016306]
Applying requests
Writing results
Killing Process: 19322

Waiting...

End of execution: 106

node: no process found
python3: no process found
java: no process found
Default Handler Type
Got Ready Time
Values for Ready Time [6705941935704962, 6705942026061010]
Applying requests
Writing results
Killing Process: 19344

Waiting...

End of execution: 107

node: no process found
python3: no process found
java: no process found
Default Handler Type
Got Ready Time
Values for Ready Time [6705951416176457, 6705951505153058]
Applying requests
Writing results
Killing Process: 19366

Waiting...

End of execution: 108

node: no process found
python3: no process found
java: no process found
Default Handler Type
Got Ready Time
Values for Ready Time [6705960917750767, 6705961003241204]
Applying requests
Writing results
Killing Process: 19389

Waiting...

End of execution: 109

node: no process found
python3: no process found
java: no process found
Default Handler Type
Got Ready Time
Values for Ready Time [6705970527495070, 6705970626953944]
Applying requests
Writing results
Killing Process: 19411

Waiting...

End of execution: 110

node: no process found
python3: no process found
java: no process found
Default Handler Type
Got Ready Time
Values for Ready Time [6705980000685148, 6705980096849204]
Applying requests
Writing results
Killing Process: 19433

Waiting...

End of execution: 111

node: no process found
python3: no process found
java: no process found
Default Handler Type
Got Ready Time
Values for Ready Time [6705989502937385, 6705989591425342]
Applying requests
Writing results
Killing Process: 19455

Waiting...

End of execution: 112

node: no process found
python3: no process found
java: no process found
Default Handler Type
Got Ready Time
Values for Ready Time [6705999049721703, 6705999135837053]
Applying requests
Writing results
Killing Process: 19477

Waiting...

End of execution: 113

node: no process found
python3: no process found
java: no process found
Default Handler Type
Got Ready Time
Values for Ready Time [6706008543690812, 6706008628739277]
Applying requests
Writing results
Killing Process: 19500

Waiting...

End of execution: 114

node: no process found
python3: no process found
java: no process found
Default Handler Type
Got Ready Time
Values for Ready Time [6706018084811594, 6706018174483755]
Applying requests
Writing results
Killing Process: 19523

Waiting...

End of execution: 115

node: no process found
python3: no process found
java: no process found
Default Handler Type
Got Ready Time
Values for Ready Time [6706027554973432, 6706027662408235]
Applying requests
Writing results
Killing Process: 19545

Waiting...

End of execution: 116

node: no process found
python3: no process found
java: no process found
Default Handler Type
Got Ready Time
Values for Ready Time [6706037105322778, 6706037186656278]
Applying requests
Writing results
Killing Process: 19567

Waiting...

End of execution: 117

node: no process found
python3: no process found
java: no process found
Default Handler Type
Got Ready Time
Values for Ready Time [6706046654979902, 6706046739604995]
Applying requests
Writing results
Killing Process: 19589

Waiting...

End of execution: 118

node: no process found
python3: no process found
java: no process found
Default Handler Type
Got Ready Time
Values for Ready Time [6706056167398236, 6706056254896713]
Applying requests
Writing results
Killing Process: 19611

Waiting...

End of execution: 119

node: no process found
python3: no process found
java: no process found
Default Handler Type
Got Ready Time
Values for Ready Time [6706065665388629, 6706065754855491]
Applying requests
Writing results
Killing Process: 19635

Waiting...

End of execution: 120

node: no process found
python3: no process found
java: no process found
Default Handler Type
Got Ready Time
Values for Ready Time [6706075167657367, 6706075251501421]
Applying requests
Writing results
Killing Process: 19657

Waiting...

End of execution: 121

node: no process found
python3: no process found
java: no process found
Default Handler Type
Got Ready Time
Values for Ready Time [6706084662156219, 6706084754446843]
Applying requests
Writing results
Killing Process: 19679

Waiting...

End of execution: 122

node: no process found
python3: no process found
java: no process found
Default Handler Type
Got Ready Time
Values for Ready Time [6706094164940593, 6706094259205992]
Applying requests
Writing results
Killing Process: 19702

Waiting...

End of execution: 123

node: no process found
python3: no process found
java: no process found
Default Handler Type
Got Ready Time
Values for Ready Time [6706103653941130, 6706103751823207]
Applying requests
Writing results
Killing Process: 19724

Waiting...

End of execution: 124

node: no process found
python3: no process found
java: no process found
Default Handler Type
Got Ready Time
Values for Ready Time [6706113154054157, 6706113245519592]
Applying requests
Writing results
Killing Process: 19746

Waiting...

End of execution: 125

node: no process found
python3: no process found
java: no process found
Default Handler Type
Got Ready Time
Values for Ready Time [6706122699556808, 6706122792971008]
Applying requests
Writing results
Killing Process: 19768

Waiting...

End of execution: 126

node: no process found
python3: no process found
java: no process found
Default Handler Type
Got Ready Time
Values for Ready Time [6706132269661675, 6706132355042281]
Applying requests
Writing results
Killing Process: 19790

Waiting...

End of execution: 127

node: no process found
python3: no process found
java: no process found
Default Handler Type
Got Ready Time
Values for Ready Time [6706141744527871, 6706141838746394]
Applying requests
Writing results
Killing Process: 19813

Waiting...

End of execution: 128

node: no process found
python3: no process found
java: no process found
Default Handler Type
Got Ready Time
Values for Ready Time [6706151285904727, 6706151381888867]
Applying requests
Writing results
Killing Process: 19835

Waiting...

End of execution: 129

node: no process found
python3: no process found
java: no process found
Default Handler Type
Got Ready Time
Values for Ready Time [6706160721510572, 6706160821837620]
Applying requests
Writing results
Killing Process: 19859

Waiting...

End of execution: 130

node: no process found
python3: no process found
java: no process found
Default Handler Type
Got Ready Time
Values for Ready Time [6706170272469388, 6706170362034210]
Applying requests
Writing results
Killing Process: 19881

Waiting...

End of execution: 131

node: no process found
python3: no process found
java: no process found
Default Handler Type
Got Ready Time
Values for Ready Time [6706179815701949, 6706179904639120]
Applying requests
Writing results
Killing Process: 19903

Waiting...

End of execution: 132

node: no process found
python3: no process found
java: no process found
Default Handler Type
Got Ready Time
Values for Ready Time [6706189332918434, 6706189423328557]
Applying requests
Writing results
Killing Process: 19925

Waiting...

End of execution: 133

node: no process found
python3: no process found
java: no process found
Default Handler Type
Got Ready Time
Values for Ready Time [6706198829875736, 6706198919209219]
Applying requests
Writing results
Killing Process: 19947

Waiting...

End of execution: 134

node: no process found
python3: no process found
java: no process found
Default Handler Type
Got Ready Time
Values for Ready Time [6706208385389169, 6706208474987978]
Applying requests
Writing results
Killing Process: 19969

Waiting...

End of execution: 135

node: no process found
python3: no process found
java: no process found
Default Handler Type
Got Ready Time
Values for Ready Time [6706217963582413, 6706218049218391]
Applying requests
Writing results
Killing Process: 19991

Waiting...

End of execution: 136

node: no process found
python3: no process found
java: no process found
Default Handler Type
Got Ready Time
Values for Ready Time [6706227465777490, 6706227549319530]
Applying requests
Writing results
Killing Process: 20013

Waiting...

End of execution: 137

node: no process found
python3: no process found
java: no process found
Default Handler Type
Got Ready Time
Values for Ready Time [6706236906496643, 6706236993183606]
Applying requests
Writing results
Killing Process: 20035

Waiting...

End of execution: 138

node: no process found
python3: no process found
java: no process found
Default Handler Type
Got Ready Time
Values for Ready Time [6706246471573975, 6706246562770749]
Applying requests
Writing results
Killing Process: 20057

Waiting...

End of execution: 139

node: no process found
python3: no process found
java: no process found
Default Handler Type
Got Ready Time
Values for Ready Time [6706255947428949, 6706256034949326]
Applying requests
Writing results
Killing Process: 20079

Waiting...

End of execution: 140

node: no process found
python3: no process found
java: no process found
Default Handler Type
Got Ready Time
Values for Ready Time [6706265433520073, 6706265524296061]
Applying requests
Writing results
Killing Process: 20101

Waiting...

End of execution: 141

node: no process found
python3: no process found
java: no process found
Default Handler Type
Got Ready Time
Values for Ready Time [6706274999519836, 6706275105364704]
Applying requests
Writing results
Killing Process: 20123

Waiting...

End of execution: 142

node: no process found
python3: no process found
java: no process found
Default Handler Type
Got Ready Time
Values for Ready Time [6706284557735960, 6706284664776411]
Applying requests
Writing results
Killing Process: 20145

Waiting...

End of execution: 143

node: no process found
python3: no process found
java: no process found
Default Handler Type
Got Ready Time
Values for Ready Time [6706294066234080, 6706294153833916]
Applying requests
Writing results
Killing Process: 20168

Waiting...

End of execution: 144

node: no process found
python3: no process found
java: no process found
Default Handler Type
Got Ready Time
Values for Ready Time [6706303536460364, 6706303633557815]
Applying requests
Writing results
Killing Process: 20191

Waiting...

End of execution: 145

node: no process found
python3: no process found
java: no process found
Default Handler Type
Got Ready Time
Values for Ready Time [6706313076557244, 6706313165191878]
Applying requests
Writing results
Killing Process: 20213

Waiting...

End of execution: 146

node: no process found
python3: no process found
java: no process found
Default Handler Type
Got Ready Time
Values for Ready Time [6706322605789283, 6706322686809402]
Applying requests
Writing results
Killing Process: 20235

Waiting...

End of execution: 147

node: no process found
python3: no process found
java: no process found
Default Handler Type
Got Ready Time
Values for Ready Time [6706332132365527, 6706332224151512]
Applying requests
Writing results
Killing Process: 20257

Waiting...

End of execution: 148

node: no process found
python3: no process found
java: no process found
Default Handler Type
Got Ready Time
Values for Ready Time [6706341637416902, 6706341734580403]
Applying requests
Writing results
Killing Process: 20279

Waiting...

End of execution: 149

node: no process found
python3: no process found
java: no process found
Default Handler Type
Got Ready Time
Values for Ready Time [6706351155549949, 6706351242891902]
Applying requests
Writing results
Killing Process: 20301

Waiting...

End of execution: 150

node: no process found
python3: no process found
java: no process found
Default Handler Type
Got Ready Time
Values for Ready Time [6706360643561673, 6706360738976204]
Applying requests
Writing results
Killing Process: 20323

Waiting...

End of execution: 151

node: no process found
python3: no process found
java: no process found
Default Handler Type
Got Ready Time
Values for Ready Time [6706370256956898, 6706370345220663]
Applying requests
Writing results
Killing Process: 20345

Waiting...

End of execution: 152

node: no process found
python3: no process found
java: no process found
Default Handler Type
Got Ready Time
Values for Ready Time [6706379740863195, 6706379836427556]
Applying requests
Writing results
Killing Process: 20367

Waiting...

End of execution: 153

node: no process found
python3: no process found
java: no process found
Default Handler Type
Got Ready Time
Values for Ready Time [6706389286057223, 6706389378970560]
Applying requests
Writing results
Killing Process: 20389

Waiting...

End of execution: 154

node: no process found
python3: no process found
java: no process found
Default Handler Type
Got Ready Time
Values for Ready Time [6706398779333273, 6706398882360971]
Applying requests
Writing results
Killing Process: 20411

Waiting...

End of execution: 155

node: no process found
python3: no process found
java: no process found
Default Handler Type
Got Ready Time
Values for Ready Time [6706408357573167, 6706408450572667]
Applying requests
Writing results
Killing Process: 20433

Waiting...

End of execution: 156

node: no process found
python3: no process found
java: no process found
Default Handler Type
Got Ready Time
Values for Ready Time [6706417823083650, 6706417894320416]
Applying requests
Writing results
Killing Process: 20455

Waiting...

End of execution: 157

node: no process found
python3: no process found
java: no process found
Default Handler Type
Got Ready Time
Values for Ready Time [6706427298686391, 6706427386277629]
Applying requests
Writing results
Killing Process: 20477

Waiting...

End of execution: 158

node: no process found
python3: no process found
java: no process found
Default Handler Type
Got Ready Time
Values for Ready Time [6706436796308879, 6706436889940221]
Applying requests
Writing results
Killing Process: 20499

Waiting...

End of execution: 159

node: no process found
python3: no process found
java: no process found
Default Handler Type
Got Ready Time
Values for Ready Time [6706446271212828, 6706446358985816]
Applying requests
Writing results
Killing Process: 20521

Waiting...

End of execution: 160

node: no process found
python3: no process found
java: no process found
Default Handler Type
Got Ready Time
Values for Ready Time [6706455783243387, 6706455877075725]
Applying requests
Writing results
Killing Process: 20543

Waiting...

End of execution: 161

node: no process found
python3: no process found
java: no process found
Default Handler Type
Got Ready Time
Values for Ready Time [6706465313892391, 6706465400573514]
Applying requests
Writing results
Killing Process: 20565

Waiting...

End of execution: 162

node: no process found
python3: no process found
java: no process found
Default Handler Type
Got Ready Time
Values for Ready Time [6706474897184272, 6706474995469193]
Applying requests
Writing results
Killing Process: 20587

Waiting...

End of execution: 163

node: no process found
python3: no process found
java: no process found
Default Handler Type
Got Ready Time
Values for Ready Time [6706484419994696, 6706484511017024]
Applying requests
Writing results
Killing Process: 20609

Waiting...

End of execution: 164

node: no process found
python3: no process found
java: no process found
Default Handler Type
Got Ready Time
Values for Ready Time [6706493980310657, 6706494067112041]
Applying requests
Writing results
Killing Process: 20631

Waiting...

End of execution: 165

node: no process found
python3: no process found
java: no process found
Default Handler Type
Got Ready Time
Values for Ready Time [6706503494805230, 6706503584819682]
Applying requests
Writing results
Killing Process: 20653

Waiting...

End of execution: 166

node: no process found
python3: no process found
java: no process found
Default Handler Type
Got Ready Time
Values for Ready Time [6706513004553996, 6706513095494862]
Applying requests
Writing results
Killing Process: 20675

Waiting...

End of execution: 167

node: no process found
python3: no process found
java: no process found
Default Handler Type
Got Ready Time
Values for Ready Time [6706522491333235, 6706522582819623]
Applying requests
Writing results
Killing Process: 20697

Waiting...

End of execution: 168

node: no process found
python3: no process found
java: no process found
Default Handler Type
Got Ready Time
Values for Ready Time [6706532003314498, 6706532095922332]
Applying requests
Writing results
Killing Process: 20719

Waiting...

End of execution: 169

node: no process found
python3: no process found
java: no process found
Default Handler Type
Got Ready Time
Values for Ready Time [6706541501929386, 6706541602248604]
Applying requests
Writing results
Killing Process: 20741

Waiting...

End of execution: 170

node: no process found
python3: no process found
java: no process found
Default Handler Type
Got Ready Time
Values for Ready Time [6706551048375463, 6706551133522781]
Applying requests
Writing results
Killing Process: 20763

Waiting...

End of execution: 171

node: no process found
python3: no process found
java: no process found
Default Handler Type
Got Ready Time
Values for Ready Time [6706560506303310, 6706560595182077]
Applying requests
Writing results
Killing Process: 20785

Waiting...

End of execution: 172

node: no process found
python3: no process found
java: no process found
Default Handler Type
Got Ready Time
Values for Ready Time [6706570056308912, 6706570154056965]
Applying requests
Writing results
Killing Process: 20807

Waiting...

End of execution: 173

node: no process found
python3: no process found
java: no process found
Default Handler Type
Got Ready Time
Values for Ready Time [6706579551901787, 6706579640503932]
Applying requests
Writing results
Killing Process: 20829

Waiting...

End of execution: 174

node: no process found
python3: no process found
java: no process found
Default Handler Type
Got Ready Time
Values for Ready Time [6706589052678482, 6706589143396349]
Applying requests
Writing results
Killing Process: 20851

Waiting...

End of execution: 175

node: no process found
python3: no process found
java: no process found
Default Handler Type
Got Ready Time
Values for Ready Time [6706598613848704, 6706598704123475]
Applying requests
Writing results
Killing Process: 20873

Waiting...

End of execution: 176

node: no process found
python3: no process found
java: no process found
Default Handler Type
Got Ready Time
Values for Ready Time [6706608107228741, 6706608201572505]
Applying requests
Writing results
Killing Process: 20895

Waiting...

End of execution: 177

node: no process found
python3: no process found
java: no process found
Default Handler Type
Got Ready Time
Values for Ready Time [6706617631138058, 6706617731325919]
Applying requests
Writing results
Killing Process: 20917

Waiting...

End of execution: 178

node: no process found
python3: no process found
java: no process found
Default Handler Type
Got Ready Time
Values for Ready Time [6706627150910354, 6706627233964762]
Applying requests
Writing results
Killing Process: 20939

Waiting...

End of execution: 179

node: no process found
python3: no process found
java: no process found
Default Handler Type
Got Ready Time
Values for Ready Time [6706636719322511, 6706636813209192]
Applying requests
Writing results
Killing Process: 20961

Waiting...

End of execution: 180

node: no process found
python3: no process found
java: no process found
Default Handler Type
Got Ready Time
Values for Ready Time [6706646228789268, 6706646313738778]
Applying requests
Writing results
Killing Process: 20983

Waiting...

End of execution: 181

node: no process found
python3: no process found
java: no process found
Default Handler Type
Got Ready Time
Values for Ready Time [6706655708195021, 6706655803955013]
Applying requests
Writing results
Killing Process: 21005

Waiting...

End of execution: 182

node: no process found
python3: no process found
java: no process found
Default Handler Type
Got Ready Time
Values for Ready Time [6706665184343217, 6706665269562399]
Applying requests
Writing results
Killing Process: 21027

Waiting...

End of execution: 183

node: no process found
python3: no process found
java: no process found
Default Handler Type
Got Ready Time
Values for Ready Time [6706674661899247, 6706674753131442]
Applying requests
Writing results
Killing Process: 21049

Waiting...

End of execution: 184

node: no process found
python3: no process found
java: no process found
Default Handler Type
Got Ready Time
Values for Ready Time [6706684174230079, 6706684260490998]
Applying requests
Writing results
Killing Process: 21071

Waiting...

End of execution: 185

node: no process found
python3: no process found
java: no process found
Default Handler Type
Got Ready Time
Values for Ready Time [6706693689259705, 6706693773976151]
Applying requests
Writing results
Killing Process: 21093

Waiting...

End of execution: 186

node: no process found
python3: no process found
java: no process found
Default Handler Type
Got Ready Time
Values for Ready Time [6706703178029148, 6706703269297630]
Applying requests
Writing results
Killing Process: 21115

Waiting...

End of execution: 187

node: no process found
python3: no process found
java: no process found
Default Handler Type
Got Ready Time
Values for Ready Time [6706712685468447, 6706712772533893]
Applying requests
Writing results
Killing Process: 21137

Waiting...

End of execution: 188

node: no process found
python3: no process found
java: no process found
Default Handler Type
Got Ready Time
Values for Ready Time [6706722193811703, 6706722284197671]
Applying requests
Writing results
Killing Process: 21159

Waiting...

End of execution: 189

node: no process found
python3: no process found
java: no process found
Default Handler Type
Got Ready Time
Values for Ready Time [6706731585740856, 6706731673260789]
Applying requests
Writing results
Killing Process: 21181

Waiting...

End of execution: 190

node: no process found
python3: no process found
java: no process found
Default Handler Type
Got Ready Time
Values for Ready Time [6706741075520792, 6706741162417507]
Applying requests
Writing results
Killing Process: 21203

Waiting...

End of execution: 191

node: no process found
python3: no process found
java: no process found
Default Handler Type
Got Ready Time
Values for Ready Time [6706750610481028, 6706750709221296]
Applying requests
Writing results
Killing Process: 21225

Waiting...

End of execution: 192

node: no process found
python3: no process found
java: no process found
Default Handler Type
Got Ready Time
Values for Ready Time [6706760074103756, 6706760168817599]
Applying requests
Writing results
Killing Process: 21247

Waiting...

End of execution: 193

node: no process found
python3: no process found
java: no process found
Default Handler Type
Got Ready Time
Values for Ready Time [6706769596502707, 6706769686271548]
Applying requests
Writing results
Killing Process: 21270

Waiting...

End of execution: 194

node: no process found
python3: no process found
java: no process found
Default Handler Type
Got Ready Time
Values for Ready Time [6706779063778554, 6706779152486109]
Applying requests
Writing results
Killing Process: 21292

Waiting...

End of execution: 195

node: no process found
python3: no process found
java: no process found
Default Handler Type
Got Ready Time
Values for Ready Time [6706788593692073, 6706788703288470]
Applying requests
Writing results
Killing Process: 21314

Waiting...

End of execution: 196

node: no process found
python3: no process found
java: no process found
Default Handler Type
Got Ready Time
Values for Ready Time [6706798087771835, 6706798183051698]
Applying requests
Writing results
Killing Process: 21337

Waiting...

End of execution: 197

node: no process found
python3: no process found
java: no process found
Default Handler Type
Got Ready Time
Values for Ready Time [6706807548595174, 6706807634350243]
Applying requests
Writing results
Killing Process: 21359

Waiting...

End of execution: 198

node: no process found
python3: no process found
java: no process found
Default Handler Type
Got Ready Time
Values for Ready Time [6706817035335546, 6706817132088763]
Applying requests
Writing results
Killing Process: 21381

Waiting...

End of execution: 199

node: no process found
python3: no process found
java: no process found
Default Handler Type
Got Ready Time
Values for Ready Time [6706826548760445, 6706826640191280]
Applying requests
Writing results
Killing Process: 21403

Waiting...

End of execution: 200

