Building experiment
/home/ubuntu/tcc-mafra-prebaking
Starting experiment
Number of executions [200]
Results filename [nodejs-no-criu-big-1662658148-200---.csv]
REP_EXEC 1...
HTTP Server Handler
Killing any conflicting app
Running execute requests script
functions exit code [0]
REP_EXEC 2...
HTTP Server Handler
Killing any conflicting app
Running execute requests script
functions exit code [0]
REP_EXEC 3...
HTTP Server Handler
Killing any conflicting app
Running execute requests script
functions exit code [0]
REP_EXEC 4...
HTTP Server Handler
Killing any conflicting app
Running execute requests script
functions exit code [0]
REP_EXEC 5...
HTTP Server Handler
Killing any conflicting app
Running execute requests script
functions exit code [0]
REP_EXEC 6...
HTTP Server Handler
Killing any conflicting app
Running execute requests script
functions exit code [0]
REP_EXEC 7...
HTTP Server Handler
Killing any conflicting app
Running execute requests script
functions exit code [0]
REP_EXEC 8...
HTTP Server Handler
Killing any conflicting app
Running execute requests script
functions exit code [0]
REP_EXEC 9...
HTTP Server Handler
Killing any conflicting app
Running execute requests script
functions exit code [0]
REP_EXEC 10...
HTTP Server Handler
Killing any conflicting app
Running execute requests script
functions exit code [0]
REP_EXEC 11...
HTTP Server Handler
Killing any conflicting app
Running execute requests script
functions exit code [0]
REP_EXEC 12...
HTTP Server Handler
Killing any conflicting app
Running execute requests script
functions exit code [0]
REP_EXEC 13...
HTTP Server Handler
Killing any conflicting app
Running execute requests script
functions exit code [0]
REP_EXEC 14...
HTTP Server Handler
Killing any conflicting app
Running execute requests script
functions exit code [0]
REP_EXEC 15...
HTTP Server Handler
Killing any conflicting app
Running execute requests script
functions exit code [0]
REP_EXEC 16...
HTTP Server Handler
Killing any conflicting app
Running execute requests script
functions exit code [0]
REP_EXEC 17...
HTTP Server Handler
Killing any conflicting app
Running execute requests script
functions exit code [0]
REP_EXEC 18...
HTTP Server Handler
Killing any conflicting app
Running execute requests script
functions exit code [0]
REP_EXEC 19...
HTTP Server Handler
Killing any conflicting app
Running execute requests script
functions exit code [0]
REP_EXEC 20...
HTTP Server Handler
Killing any conflicting app
Running execute requests script
functions exit code [0]
REP_EXEC 21...
HTTP Server Handler
Killing any conflicting app
Running execute requests script
functions exit code [0]
REP_EXEC 22...
HTTP Server Handler
Killing any conflicting app
Running execute requests script
functions exit code [0]
REP_EXEC 23...
HTTP Server Handler
Killing any conflicting app
Running execute requests script
functions exit code [0]
REP_EXEC 24...
HTTP Server Handler
Killing any conflicting app
Running execute requests script
functions exit code [0]
REP_EXEC 25...
HTTP Server Handler
Killing any conflicting app
Running execute requests script
functions exit code [0]
REP_EXEC 26...
HTTP Server Handler
Killing any conflicting app
Running execute requests script
functions exit code [0]
REP_EXEC 27...
HTTP Server Handler
Killing any conflicting app
Running execute requests script
functions exit code [0]
REP_EXEC 28...
HTTP Server Handler
Killing any conflicting app
Running execute requests script
functions exit code [0]
REP_EXEC 29...
HTTP Server Handler
Killing any conflicting app
Running execute requests script
functions exit code [0]
REP_EXEC 30...
HTTP Server Handler
Killing any conflicting app
Running execute requests script
functions exit code [0]
REP_EXEC 31...
HTTP Server Handler
Killing any conflicting app
Running execute requests script
functions exit code [0]
REP_EXEC 32...
HTTP Server Handler
Killing any conflicting app
Running execute requests script
functions exit code [0]
REP_EXEC 33...
HTTP Server Handler
Killing any conflicting app
Running execute requests script
functions exit code [0]
REP_EXEC 34...
HTTP Server Handler
Killing any conflicting app
Running execute requests script
functions exit code [0]
REP_EXEC 35...
HTTP Server Handler
Killing any conflicting app
Running execute requests script
functions exit code [0]
REP_EXEC 36...
HTTP Server Handler
Killing any conflicting app
Running execute requests script
functions exit code [0]
REP_EXEC 37...
HTTP Server Handler
Killing any conflicting app
Running execute requests script
functions exit code [0]
REP_EXEC 38...
HTTP Server Handler
Killing any conflicting app
Running execute requests script
functions exit code [0]
REP_EXEC 39...
HTTP Server Handler
Killing any conflicting app
Running execute requests script
functions exit code [0]
REP_EXEC 40...
HTTP Server Handler
Killing any conflicting app
Running execute requests script
functions exit code [0]
REP_EXEC 41...
HTTP Server Handler
Killing any conflicting app
Running execute requests script
functions exit code [0]
REP_EXEC 42...
HTTP Server Handler
Killing any conflicting app
Running execute requests script
functions exit code [0]
REP_EXEC 43...
HTTP Server Handler
Killing any conflicting app
Running execute requests script
functions exit code [0]
REP_EXEC 44...
HTTP Server Handler
Killing any conflicting app
Running execute requests script
functions exit code [0]
REP_EXEC 45...
HTTP Server Handler
Killing any conflicting app
Running execute requests script
functions exit code [0]
REP_EXEC 46...
HTTP Server Handler
Killing any conflicting app
Running execute requests script
functions exit code [0]
REP_EXEC 47...
HTTP Server Handler
Killing any conflicting app
Running execute requests script
functions exit code [0]
REP_EXEC 48...
HTTP Server Handler
Killing any conflicting app
Running execute requests script
functions exit code [0]
REP_EXEC 49...
HTTP Server Handler
Killing any conflicting app
Running execute requests script
functions exit code [0]
REP_EXEC 50...
HTTP Server Handler
Killing any conflicting app
Running execute requests script
functions exit code [0]
REP_EXEC 51...
HTTP Server Handler
Killing any conflicting app
Running execute requests script
functions exit code [0]
REP_EXEC 52...
HTTP Server Handler
Killing any conflicting app
Running execute requests script
functions exit code [0]
REP_EXEC 53...
HTTP Server Handler
Killing any conflicting app
Running execute requests script
functions exit code [0]
REP_EXEC 54...
HTTP Server Handler
Killing any conflicting app
Running execute requests script
functions exit code [0]
REP_EXEC 55...
HTTP Server Handler
Killing any conflicting app
Running execute requests script
functions exit code [0]
REP_EXEC 56...
HTTP Server Handler
Killing any conflicting app
Running execute requests script
functions exit code [0]
REP_EXEC 57...
HTTP Server Handler
Killing any conflicting app
Running execute requests script
functions exit code [0]
REP_EXEC 58...
HTTP Server Handler
Killing any conflicting app
Running execute requests script
functions exit code [0]
REP_EXEC 59...
HTTP Server Handler
Killing any conflicting app
Running execute requests script
functions exit code [0]
REP_EXEC 60...
HTTP Server Handler
Killing any conflicting app
Running execute requests script
functions exit code [0]
REP_EXEC 61...
HTTP Server Handler
Killing any conflicting app
Running execute requests script
functions exit code [0]
REP_EXEC 62...
HTTP Server Handler
Killing any conflicting app
Running execute requests script
functions exit code [0]
REP_EXEC 63...
HTTP Server Handler
Killing any conflicting app
Running execute requests script
functions exit code [0]
REP_EXEC 64...
HTTP Server Handler
Killing any conflicting app
Running execute requests script
functions exit code [0]
REP_EXEC 65...
HTTP Server Handler
Killing any conflicting app
Running execute requests script
functions exit code [0]
REP_EXEC 66...
HTTP Server Handler
Killing any conflicting app
Running execute requests script
functions exit code [0]
REP_EXEC 67...
HTTP Server Handler
Killing any conflicting app
Running execute requests script
functions exit code [0]
REP_EXEC 68...
HTTP Server Handler
Killing any conflicting app
Running execute requests script
functions exit code [0]
REP_EXEC 69...
HTTP Server Handler
Killing any conflicting app
Running execute requests script
functions exit code [0]
REP_EXEC 70...
HTTP Server Handler
Killing any conflicting app
Running execute requests script
functions exit code [0]
REP_EXEC 71...
HTTP Server Handler
Killing any conflicting app
Running execute requests script
functions exit code [0]
REP_EXEC 72...
HTTP Server Handler
Killing any conflicting app
Running execute requests script
functions exit code [0]
REP_EXEC 73...
HTTP Server Handler
Killing any conflicting app
Running execute requests script
functions exit code [0]
REP_EXEC 74...
HTTP Server Handler
Killing any conflicting app
Running execute requests script
functions exit code [0]
REP_EXEC 75...
HTTP Server Handler
Killing any conflicting app
Running execute requests script
functions exit code [0]
REP_EXEC 76...
HTTP Server Handler
Killing any conflicting app
Running execute requests script
functions exit code [0]
REP_EXEC 77...
HTTP Server Handler
Killing any conflicting app
Running execute requests script
functions exit code [0]
REP_EXEC 78...
HTTP Server Handler
Killing any conflicting app
Running execute requests script
functions exit code [0]
REP_EXEC 79...
HTTP Server Handler
Killing any conflicting app
Running execute requests script
functions exit code [0]
REP_EXEC 80...
HTTP Server Handler
Killing any conflicting app
Running execute requests script
functions exit code [0]
REP_EXEC 81...
HTTP Server Handler
Killing any conflicting app
Running execute requests script
functions exit code [0]
REP_EXEC 82...
HTTP Server Handler
Killing any conflicting app
Running execute requests script
functions exit code [0]
REP_EXEC 83...
HTTP Server Handler
Killing any conflicting app
Running execute requests script
functions exit code [0]
REP_EXEC 84...
HTTP Server Handler
Killing any conflicting app
Running execute requests script
functions exit code [0]
REP_EXEC 85...
HTTP Server Handler
Killing any conflicting app
Running execute requests script
functions exit code [0]
REP_EXEC 86...
HTTP Server Handler
Killing any conflicting app
Running execute requests script
functions exit code [0]
REP_EXEC 87...
HTTP Server Handler
Killing any conflicting app
Running execute requests script
functions exit code [0]
REP_EXEC 88...
HTTP Server Handler
Killing any conflicting app
Running execute requests script
functions exit code [0]
REP_EXEC 89...
HTTP Server Handler
Killing any conflicting app
Running execute requests script
functions exit code [0]
REP_EXEC 90...
HTTP Server Handler
Killing any conflicting app
Running execute requests script
functions exit code [0]
REP_EXEC 91...
HTTP Server Handler
Killing any conflicting app
Running execute requests script
functions exit code [0]
REP_EXEC 92...
HTTP Server Handler
Killing any conflicting app
Running execute requests script
functions exit code [0]
REP_EXEC 93...
HTTP Server Handler
Killing any conflicting app
Running execute requests script
functions exit code [0]
REP_EXEC 94...
HTTP Server Handler
Killing any conflicting app
Running execute requests script
functions exit code [0]
REP_EXEC 95...
HTTP Server Handler
Killing any conflicting app
Running execute requests script
functions exit code [0]
REP_EXEC 96...
HTTP Server Handler
Killing any conflicting app
Running execute requests script
functions exit code [0]
REP_EXEC 97...
HTTP Server Handler
Killing any conflicting app
Running execute requests script
functions exit code [0]
REP_EXEC 98...
HTTP Server Handler
Killing any conflicting app
Running execute requests script
functions exit code [0]
REP_EXEC 99...
HTTP Server Handler
Killing any conflicting app
Running execute requests script
functions exit code [0]
REP_EXEC 100...
HTTP Server Handler
Killing any conflicting app
Running execute requests script
functions exit code [0]
REP_EXEC 101...
HTTP Server Handler
Killing any conflicting app
Running execute requests script
functions exit code [0]
REP_EXEC 102...
HTTP Server Handler
Killing any conflicting app
Running execute requests script
functions exit code [0]
REP_EXEC 103...
HTTP Server Handler
Killing any conflicting app
Running execute requests script
functions exit code [0]
REP_EXEC 104...
HTTP Server Handler
Killing any conflicting app
Running execute requests script
functions exit code [0]
REP_EXEC 105...
HTTP Server Handler
Killing any conflicting app
Running execute requests script
functions exit code [0]
REP_EXEC 106...
HTTP Server Handler
Killing any conflicting app
Running execute requests script
functions exit code [0]
REP_EXEC 107...
HTTP Server Handler
Killing any conflicting app
Running execute requests script
functions exit code [0]
REP_EXEC 108...
HTTP Server Handler
Killing any conflicting app
Running execute requests script
functions exit code [0]
REP_EXEC 109...
HTTP Server Handler
Killing any conflicting app
Running execute requests script
functions exit code [0]
REP_EXEC 110...
HTTP Server Handler
Killing any conflicting app
Running execute requests script
functions exit code [0]
REP_EXEC 111...
HTTP Server Handler
Killing any conflicting app
Running execute requests script
functions exit code [0]
REP_EXEC 112...
HTTP Server Handler
Killing any conflicting app
Running execute requests script
functions exit code [0]
REP_EXEC 113...
HTTP Server Handler
Killing any conflicting app
Running execute requests script
functions exit code [0]
REP_EXEC 114...
HTTP Server Handler
Killing any conflicting app
Running execute requests script
functions exit code [0]
REP_EXEC 115...
HTTP Server Handler
Killing any conflicting app
Running execute requests script
functions exit code [0]
REP_EXEC 116...
HTTP Server Handler
Killing any conflicting app
Running execute requests script
functions exit code [0]
REP_EXEC 117...
HTTP Server Handler
Killing any conflicting app
Running execute requests script
functions exit code [0]
REP_EXEC 118...
HTTP Server Handler
Killing any conflicting app
Running execute requests script
functions exit code [0]
REP_EXEC 119...
HTTP Server Handler
Killing any conflicting app
Running execute requests script
functions exit code [0]
REP_EXEC 120...
HTTP Server Handler
Killing any conflicting app
Running execute requests script
functions exit code [0]
REP_EXEC 121...
HTTP Server Handler
Killing any conflicting app
Running execute requests script
functions exit code [0]
REP_EXEC 122...
HTTP Server Handler
Killing any conflicting app
Running execute requests script
functions exit code [0]
REP_EXEC 123...
HTTP Server Handler
Killing any conflicting app
Running execute requests script
functions exit code [0]
REP_EXEC 124...
HTTP Server Handler
Killing any conflicting app
Running execute requests script
functions exit code [0]
REP_EXEC 125...
HTTP Server Handler
Killing any conflicting app
Running execute requests script
functions exit code [0]
REP_EXEC 126...
HTTP Server Handler
Killing any conflicting app
Running execute requests script
functions exit code [0]
REP_EXEC 127...
HTTP Server Handler
Killing any conflicting app
Running execute requests script
functions exit code [0]
REP_EXEC 128...
HTTP Server Handler
Killing any conflicting app
Running execute requests script
functions exit code [0]
REP_EXEC 129...
HTTP Server Handler
Killing any conflicting app
Running execute requests script
functions exit code [0]
REP_EXEC 130...
HTTP Server Handler
Killing any conflicting app
Running execute requests script
functions exit code [0]
REP_EXEC 131...
HTTP Server Handler
Killing any conflicting app
Running execute requests script
functions exit code [0]
REP_EXEC 132...
HTTP Server Handler
Killing any conflicting app
Running execute requests script
functions exit code [0]
REP_EXEC 133...
HTTP Server Handler
Killing any conflicting app
Running execute requests script
functions exit code [0]
REP_EXEC 134...
HTTP Server Handler
Killing any conflicting app
Running execute requests script
functions exit code [0]
REP_EXEC 135...
HTTP Server Handler
Killing any conflicting app
Running execute requests script
functions exit code [0]
REP_EXEC 136...
HTTP Server Handler
Killing any conflicting app
Running execute requests script
functions exit code [0]
REP_EXEC 137...
HTTP Server Handler
Killing any conflicting app
Running execute requests script
functions exit code [0]
REP_EXEC 138...
HTTP Server Handler
Killing any conflicting app
Running execute requests script
functions exit code [0]
REP_EXEC 139...
HTTP Server Handler
Killing any conflicting app
Running execute requests script
functions exit code [0]
REP_EXEC 140...
HTTP Server Handler
Killing any conflicting app
Running execute requests script
functions exit code [0]
REP_EXEC 141...
HTTP Server Handler
Killing any conflicting app
Running execute requests script
functions exit code [0]
REP_EXEC 142...
HTTP Server Handler
Killing any conflicting app
Running execute requests script
functions exit code [0]
REP_EXEC 143...
HTTP Server Handler
Killing any conflicting app
Running execute requests script
functions exit code [0]
REP_EXEC 144...
HTTP Server Handler
Killing any conflicting app
Running execute requests script
functions exit code [0]
REP_EXEC 145...
HTTP Server Handler
Killing any conflicting app
Running execute requests script
functions exit code [0]
REP_EXEC 146...
HTTP Server Handler
Killing any conflicting app
Running execute requests script
functions exit code [0]
REP_EXEC 147...
HTTP Server Handler
Killing any conflicting app
Running execute requests script
functions exit code [0]
REP_EXEC 148...
HTTP Server Handler
Killing any conflicting app
Running execute requests script
functions exit code [0]
REP_EXEC 149...
HTTP Server Handler
Killing any conflicting app
Running execute requests script
functions exit code [0]
REP_EXEC 150...
HTTP Server Handler
Killing any conflicting app
Running execute requests script
functions exit code [0]
REP_EXEC 151...
HTTP Server Handler
Killing any conflicting app
Running execute requests script
functions exit code [0]
REP_EXEC 152...
HTTP Server Handler
Killing any conflicting app
Running execute requests script
functions exit code [0]
REP_EXEC 153...
HTTP Server Handler
Killing any conflicting app
Running execute requests script
functions exit code [0]
REP_EXEC 154...
HTTP Server Handler
Killing any conflicting app
Running execute requests script
functions exit code [0]
REP_EXEC 155...
HTTP Server Handler
Killing any conflicting app
Running execute requests script
functions exit code [0]
REP_EXEC 156...
HTTP Server Handler
Killing any conflicting app
Running execute requests script
functions exit code [0]
REP_EXEC 157...
HTTP Server Handler
Killing any conflicting app
Running execute requests script
functions exit code [0]
REP_EXEC 158...
HTTP Server Handler
Killing any conflicting app
Running execute requests script
functions exit code [0]
REP_EXEC 159...
HTTP Server Handler
Killing any conflicting app
Running execute requests script
functions exit code [0]
REP_EXEC 160...
HTTP Server Handler
Killing any conflicting app
Running execute requests script
functions exit code [0]
REP_EXEC 161...
HTTP Server Handler
Killing any conflicting app
Running execute requests script
functions exit code [0]
REP_EXEC 162...
HTTP Server Handler
Killing any conflicting app
Running execute requests script
functions exit code [0]
REP_EXEC 163...
HTTP Server Handler
Killing any conflicting app
Running execute requests script
functions exit code [0]
REP_EXEC 164...
HTTP Server Handler
Killing any conflicting app
Running execute requests script
functions exit code [0]
REP_EXEC 165...
HTTP Server Handler
Killing any conflicting app
Running execute requests script
functions exit code [0]
REP_EXEC 166...
HTTP Server Handler
Killing any conflicting app
Running execute requests script
functions exit code [0]
REP_EXEC 167...
HTTP Server Handler
Killing any conflicting app
Running execute requests script
functions exit code [0]
REP_EXEC 168...
HTTP Server Handler
Killing any conflicting app
Running execute requests script
functions exit code [0]
REP_EXEC 169...
HTTP Server Handler
Killing any conflicting app
Running execute requests script
functions exit code [0]
REP_EXEC 170...
HTTP Server Handler
Killing any conflicting app
Running execute requests script
functions exit code [0]
REP_EXEC 171...
HTTP Server Handler
Killing any conflicting app
Running execute requests script
functions exit code [0]
REP_EXEC 172...
HTTP Server Handler
Killing any conflicting app
Running execute requests script
functions exit code [0]
REP_EXEC 173...
HTTP Server Handler
Killing any conflicting app
Running execute requests script
functions exit code [0]
REP_EXEC 174...
HTTP Server Handler
Killing any conflicting app
Running execute requests script
functions exit code [0]
REP_EXEC 175...
HTTP Server Handler
Killing any conflicting app
Running execute requests script
functions exit code [0]
REP_EXEC 176...
HTTP Server Handler
Killing any conflicting app
Running execute requests script
functions exit code [0]
REP_EXEC 177...
HTTP Server Handler
Killing any conflicting app
Running execute requests script
functions exit code [0]
REP_EXEC 178...
HTTP Server Handler
Killing any conflicting app
Running execute requests script
functions exit code [0]
REP_EXEC 179...
HTTP Server Handler
Killing any conflicting app
Running execute requests script
functions exit code [0]
REP_EXEC 180...
HTTP Server Handler
Killing any conflicting app
Running execute requests script
functions exit code [0]
REP_EXEC 181...
HTTP Server Handler
Killing any conflicting app
Running execute requests script
functions exit code [0]
REP_EXEC 182...
HTTP Server Handler
Killing any conflicting app
Running execute requests script
functions exit code [0]
REP_EXEC 183...
HTTP Server Handler
Killing any conflicting app
Running execute requests script
functions exit code [0]
REP_EXEC 184...
HTTP Server Handler
Killing any conflicting app
Running execute requests script
functions exit code [0]
REP_EXEC 185...
HTTP Server Handler
Killing any conflicting app
Running execute requests script
functions exit code [0]
REP_EXEC 186...
HTTP Server Handler
Killing any conflicting app
Running execute requests script
functions exit code [0]
REP_EXEC 187...
HTTP Server Handler
Killing any conflicting app
Running execute requests script
functions exit code [0]
REP_EXEC 188...
HTTP Server Handler
Killing any conflicting app
Running execute requests script
functions exit code [0]
REP_EXEC 189...
HTTP Server Handler
Killing any conflicting app
Running execute requests script
functions exit code [0]
REP_EXEC 190...
HTTP Server Handler
Killing any conflicting app
Running execute requests script
functions exit code [0]
REP_EXEC 191...
HTTP Server Handler
Killing any conflicting app
Running execute requests script
functions exit code [0]
REP_EXEC 192...
HTTP Server Handler
Killing any conflicting app
Running execute requests script
functions exit code [0]
REP_EXEC 193...
HTTP Server Handler
Killing any conflicting app
Running execute requests script
functions exit code [0]
REP_EXEC 194...
HTTP Server Handler
Killing any conflicting app
Running execute requests script
functions exit code [0]
REP_EXEC 195...
HTTP Server Handler
Killing any conflicting app
Running execute requests script
functions exit code [0]
REP_EXEC 196...
HTTP Server Handler
Killing any conflicting app
Running execute requests script
functions exit code [0]
REP_EXEC 197...
HTTP Server Handler
Killing any conflicting app
Running execute requests script
functions exit code [0]
REP_EXEC 198...
HTTP Server Handler
Killing any conflicting app
Running execute requests script
functions exit code [0]
REP_EXEC 199...
HTTP Server Handler
Killing any conflicting app
Running execute requests script
functions exit code [0]
REP_EXEC 200...
HTTP Server Handler
Killing any conflicting app
Running execute requests script
functions exit code [0]
