nohup: ignoring input
node: no process found
python3: no process found
java: no process found
Default Handler Type
Got Ready Time
Values for Ready Time [823902768869520, 823902950641781]
Applying requests
Writing results
Killing Process: 18374

Waiting...

End of execution: 1

node: no process found
python3: no process found
java: no process found
Default Handler Type
Got Ready Time
Values for Ready Time [823916807611116, 823916873452526]
Applying requests
Writing results
Killing Process: 18400

Waiting...

End of execution: 2

node: no process found
python3: no process found
java: no process found
Default Handler Type
Got Ready Time
Values for Ready Time [823930646135844, 823930714889332]
Applying requests
Writing results
Killing Process: 18424

Waiting...

End of execution: 3

node: no process found
python3: no process found
java: no process found
Default Handler Type
Got Ready Time
Values for Ready Time [823944445805316, 823944510654252]
Applying requests
Writing results
Killing Process: 18446

Waiting...

End of execution: 4

node: no process found
python3: no process found
java: no process found
Default Handler Type
Got Ready Time
Values for Ready Time [823957868450698, 823957935289429]
Applying requests
Writing results
Killing Process: 18468

Waiting...

End of execution: 5

node: no process found
python3: no process found
java: no process found
Default Handler Type
Got Ready Time
Values for Ready Time [823971028666225, 823971094350725]
Applying requests
Writing results
Killing Process: 18490

Waiting...

End of execution: 6

node: no process found
python3: no process found
java: no process found
Default Handler Type
Got Ready Time
Values for Ready Time [823984682648730, 823984749731869]
Applying requests
Writing results
Killing Process: 18512

Waiting...

End of execution: 7

node: no process found
python3: no process found
java: no process found
Default Handler Type
Got Ready Time
Values for Ready Time [823997971874601, 823998036589479]
Applying requests
Writing results
Killing Process: 18534

Waiting...

End of execution: 8

node: no process found
python3: no process found
java: no process found
Default Handler Type
Got Ready Time
Values for Ready Time [824011550057589, 824011610058648]
Applying requests
Writing results
Killing Process: 18556

Waiting...

End of execution: 9

node: no process found
python3: no process found
java: no process found
Default Handler Type
Got Ready Time
Values for Ready Time [824025018280108, 824025085252192]
Applying requests
Writing results
Killing Process: 18578

Waiting...

End of execution: 10

node: no process found
python3: no process found
java: no process found
Default Handler Type
Got Ready Time
Values for Ready Time [824038471719247, 824038542688092]
Applying requests
Writing results
Killing Process: 18600

Waiting...

End of execution: 11

node: no process found
python3: no process found
java: no process found
Default Handler Type
Got Ready Time
Values for Ready Time [824051607678655, 824051674327768]
Applying requests
Writing results
Killing Process: 18622

Waiting...

End of execution: 12

node: no process found
python3: no process found
java: no process found
Default Handler Type
Got Ready Time
Values for Ready Time [824065008056260, 824065069675933]
Applying requests
Writing results
Killing Process: 18644

Waiting...

End of execution: 13

node: no process found
python3: no process found
java: no process found
Default Handler Type
Got Ready Time
Values for Ready Time [824078302995224, 824078367489544]
Applying requests
Writing results
Killing Process: 18666

Waiting...

End of execution: 14

node: no process found
python3: no process found
java: no process found
Default Handler Type
Got Ready Time
Values for Ready Time [824091657639280, 824091720840199]
Applying requests
Writing results
Killing Process: 18688

Waiting...

End of execution: 15

node: no process found
python3: no process found
java: no process found
Default Handler Type
Got Ready Time
Values for Ready Time [824105234415211, 824105307928402]
Applying requests
Writing results
Killing Process: 18710

Waiting...

End of execution: 16

node: no process found
python3: no process found
java: no process found
Default Handler Type
Got Ready Time
Values for Ready Time [824118704764487, 824118763534435]
Applying requests
Writing results
Killing Process: 18732

Waiting...

End of execution: 17

node: no process found
python3: no process found
java: no process found
Default Handler Type
Got Ready Time
Values for Ready Time [824132085241290, 824132162708242]
Applying requests
Writing results
Killing Process: 18754

Waiting...

End of execution: 18

node: no process found
python3: no process found
java: no process found
Default Handler Type
Got Ready Time
Values for Ready Time [824145522891541, 824145594939066]
Applying requests
Writing results
Killing Process: 18776

Waiting...

End of execution: 19

node: no process found
python3: no process found
java: no process found
Default Handler Type
Got Ready Time
Values for Ready Time [824158628297706, 824158687421841]
Applying requests
Writing results
Killing Process: 18798

Waiting...

End of execution: 20

node: no process found
python3: no process found
java: no process found
Default Handler Type
Got Ready Time
Values for Ready Time [824171984835153, 824172046837255]
Applying requests
Writing results
Killing Process: 18820

Waiting...

End of execution: 21

node: no process found
python3: no process found
java: no process found
Default Handler Type
Got Ready Time
Values for Ready Time [824185208996657, 824185270732282]
Applying requests
Writing results
Killing Process: 18842

Waiting...

End of execution: 22

node: no process found
python3: no process found
java: no process found
Default Handler Type
Got Ready Time
Values for Ready Time [824198725023066, 824198802706225]
Applying requests
Writing results
Killing Process: 18864

Waiting...

End of execution: 23

node: no process found
python3: no process found
java: no process found
Default Handler Type
Got Ready Time
Values for Ready Time [824211800556264, 824211867810600]
Applying requests
Writing results
Killing Process: 18887

Waiting...

End of execution: 24

node: no process found
python3: no process found
java: no process found
Default Handler Type
Got Ready Time
Values for Ready Time [824225110334579, 824225174627831]
Applying requests
Writing results
Killing Process: 18909

Waiting...

End of execution: 25

node: no process found
python3: no process found
java: no process found
Default Handler Type
Got Ready Time
Values for Ready Time [824238073960532, 824238143536650]
Applying requests
Writing results
Killing Process: 18932

Waiting...

End of execution: 26

node: no process found
python3: no process found
java: no process found
Default Handler Type
Got Ready Time
Values for Ready Time [824251368375184, 824251430287016]
Applying requests
Writing results
Killing Process: 18954

Waiting...

End of execution: 27

node: no process found
python3: no process found
java: no process found
Default Handler Type
Got Ready Time
Values for Ready Time [824264740501054, 824264808317362]
Applying requests
Writing results
Killing Process: 18976

Waiting...

End of execution: 28

node: no process found
python3: no process found
java: no process found
Default Handler Type
Got Ready Time
Values for Ready Time [824278380033746, 824278449309252]
Applying requests
Writing results
Killing Process: 18998

Waiting...

End of execution: 29

node: no process found
python3: no process found
java: no process found
Default Handler Type
Got Ready Time
Values for Ready Time [824291794540420, 824291862009323]
Applying requests
Writing results
Killing Process: 19020

Waiting...

End of execution: 30

node: no process found
python3: no process found
java: no process found
Default Handler Type
Got Ready Time
Values for Ready Time [824305092640246, 824305156661612]
Applying requests
Writing results
Killing Process: 19042

Waiting...

End of execution: 31

node: no process found
python3: no process found
java: no process found
Default Handler Type
Got Ready Time
Values for Ready Time [824318445663824, 824318509761780]
Applying requests
Writing results
Killing Process: 19064

Waiting...

End of execution: 32

node: no process found
python3: no process found
java: no process found
Default Handler Type
Got Ready Time
Values for Ready Time [824332022546740, 824332089108323]
Applying requests
Writing results
Killing Process: 19086

Waiting...

End of execution: 33

node: no process found
python3: no process found
java: no process found
Default Handler Type
Got Ready Time
Values for Ready Time [824345260152827, 824345333215594]
Applying requests
Writing results
Killing Process: 19108

Waiting...

End of execution: 34

node: no process found
python3: no process found
java: no process found
Default Handler Type
Got Ready Time
Values for Ready Time [824359033000973, 824359101213258]
Applying requests
Writing results
Killing Process: 19130

Waiting...

End of execution: 35

node: no process found
python3: no process found
java: no process found
Default Handler Type
Got Ready Time
Values for Ready Time [824372524869942, 824372594744207]
Applying requests
Writing results
Killing Process: 19152

Waiting...

End of execution: 36

node: no process found
python3: no process found
java: no process found
Default Handler Type
Got Ready Time
Values for Ready Time [824386115394871, 824386180729857]
Applying requests
Writing results
Killing Process: 19174

Waiting...

End of execution: 37

node: no process found
python3: no process found
java: no process found
Default Handler Type
Got Ready Time
Values for Ready Time [824399322781506, 824399394580726]
Applying requests
Writing results
Killing Process: 19196

Waiting...

End of execution: 38

node: no process found
python3: no process found
java: no process found
Default Handler Type
Got Ready Time
Values for Ready Time [824412616972694, 824412680817571]
Applying requests
Writing results
Killing Process: 19218

Waiting...

End of execution: 39

node: no process found
python3: no process found
java: no process found
Default Handler Type
Got Ready Time
Values for Ready Time [824426029184605, 824426093386388]
Applying requests
Writing results
Killing Process: 19240

Waiting...

End of execution: 40

node: no process found
python3: no process found
java: no process found
Default Handler Type
Got Ready Time
Values for Ready Time [824439217523248, 824439270968916]
Applying requests
Writing results
Killing Process: 19262

Waiting...

End of execution: 41

node: no process found
python3: no process found
java: no process found
Default Handler Type
Got Ready Time
Values for Ready Time [824452656574943, 824452721352411]
Applying requests
Writing results
Killing Process: 19284

Waiting...

End of execution: 42

node: no process found
python3: no process found
java: no process found
Default Handler Type
Got Ready Time
Values for Ready Time [824466255990254, 824466319384721]
Applying requests
Writing results
Killing Process: 19306

Waiting...

End of execution: 43

node: no process found
python3: no process found
java: no process found
Default Handler Type
Got Ready Time
Values for Ready Time [824479689220802, 824479759235624]
Applying requests
Writing results
Killing Process: 19328

Waiting...

End of execution: 44

node: no process found
python3: no process found
java: no process found
Default Handler Type
Got Ready Time
Values for Ready Time [824492851557740, 824492912766565]
Applying requests
Writing results
Killing Process: 19350

Waiting...

End of execution: 45

node: no process found
python3: no process found
java: no process found
Default Handler Type
Got Ready Time
Values for Ready Time [824505967302455, 824506045589110]
Applying requests
Writing results
Killing Process: 19372

Waiting...

End of execution: 46

node: no process found
python3: no process found
java: no process found
Default Handler Type
Got Ready Time
Values for Ready Time [824519412220533, 824519475348632]
Applying requests
Writing results
Killing Process: 19394

Waiting...

End of execution: 47

node: no process found
python3: no process found
java: no process found
Default Handler Type
Got Ready Time
Values for Ready Time [824532550655573, 824532617445722]
Applying requests
Writing results
Killing Process: 19416

Waiting...

End of execution: 48

node: no process found
python3: no process found
java: no process found
Default Handler Type
Got Ready Time
Values for Ready Time [824545458176175, 824545516446286]
Applying requests
Writing results
Killing Process: 19438

Waiting...

End of execution: 49

node: no process found
python3: no process found
java: no process found
Default Handler Type
Got Ready Time
Values for Ready Time [824558810089903, 824558877639976]
Applying requests
Writing results
Killing Process: 19460

Waiting...

End of execution: 50

node: no process found
python3: no process found
java: no process found
Default Handler Type
Got Ready Time
Values for Ready Time [824572583018757, 824572662223014]
Applying requests
Writing results
Killing Process: 19482

Waiting...

End of execution: 51

node: no process found
python3: no process found
java: no process found
Default Handler Type
Got Ready Time
Values for Ready Time [824585979217872, 824586049122993]
Applying requests
Writing results
Killing Process: 19504

Waiting...

End of execution: 52

node: no process found
python3: no process found
java: no process found
Default Handler Type
Got Ready Time
Values for Ready Time [824599359166516, 824599430812924]
Applying requests
Writing results
Killing Process: 19526

Waiting...

End of execution: 53

node: no process found
python3: no process found
java: no process found
Default Handler Type
Got Ready Time
Values for Ready Time [824612418472878, 824612486592241]
Applying requests
Writing results
Killing Process: 19550

Waiting...

End of execution: 54

node: no process found
python3: no process found
java: no process found
Default Handler Type
Got Ready Time
Values for Ready Time [824625763148948, 824625829266879]
Applying requests
Writing results
Killing Process: 19572

Waiting...

End of execution: 55

node: no process found
python3: no process found
java: no process found
Default Handler Type
Got Ready Time
Values for Ready Time [824639233728102, 824639299165395]
Applying requests
Writing results
Killing Process: 19594

Waiting...

End of execution: 56

node: no process found
python3: no process found
java: no process found
Default Handler Type
Got Ready Time
Values for Ready Time [824652657426247, 824652718613509]
Applying requests
Writing results
Killing Process: 19616

Waiting...

End of execution: 57

node: no process found
python3: no process found
java: no process found
Default Handler Type
Got Ready Time
Values for Ready Time [824665772710344, 824665832312845]
Applying requests
Writing results
Killing Process: 19638

Waiting...

End of execution: 58

node: no process found
python3: no process found
java: no process found
Default Handler Type
Got Ready Time
Values for Ready Time [824678911556890, 824678979206548]
Applying requests
Writing results
Killing Process: 19660

Waiting...

End of execution: 59

node: no process found
python3: no process found
java: no process found
Default Handler Type
Got Ready Time
Values for Ready Time [824692293499743, 824692370309811]
Applying requests
Writing results
Killing Process: 19682

Waiting...

End of execution: 60

node: no process found
python3: no process found
java: no process found
Default Handler Type
Got Ready Time
Values for Ready Time [824705577265231, 824705640975151]
Applying requests
Writing results
Killing Process: 19704

Waiting...

End of execution: 61

node: no process found
python3: no process found
java: no process found
Default Handler Type
Got Ready Time
Values for Ready Time [824718886366719, 824718954486662]
Applying requests
Writing results
Killing Process: 19726

Waiting...

End of execution: 62

node: no process found
python3: no process found
java: no process found
Default Handler Type
Got Ready Time
Values for Ready Time [824732036816784, 824732101914696]
Applying requests
Writing results
Killing Process: 19748

Waiting...

End of execution: 63

node: no process found
python3: no process found
java: no process found
Default Handler Type
Got Ready Time
Values for Ready Time [824745559059858, 824745622696466]
Applying requests
Writing results
Killing Process: 19770

Waiting...

End of execution: 64

node: no process found
python3: no process found
java: no process found
Default Handler Type
Got Ready Time
Values for Ready Time [824758722230468, 824758783990221]
Applying requests
Writing results
Killing Process: 19792

Waiting...

End of execution: 65

node: no process found
python3: no process found
java: no process found
Default Handler Type
Got Ready Time
Values for Ready Time [824772246140861, 824772317955044]
Applying requests
Writing results
Killing Process: 19814

Waiting...

End of execution: 66

node: no process found
python3: no process found
java: no process found
Default Handler Type
Got Ready Time
Values for Ready Time [824785782363545, 824785838426284]
Applying requests
Writing results
Killing Process: 19836

Waiting...

End of execution: 67

node: no process found
python3: no process found
java: no process found
Default Handler Type
Got Ready Time
Values for Ready Time [824799432436785, 824799498656589]
Applying requests
Writing results
Killing Process: 19858

Waiting...

End of execution: 68

node: no process found
python3: no process found
java: no process found
Default Handler Type
Got Ready Time
Values for Ready Time [824812936518680, 824812999030688]
Applying requests
Writing results
Killing Process: 19880

Waiting...

End of execution: 69

node: no process found
python3: no process found
java: no process found
Default Handler Type
Got Ready Time
Values for Ready Time [824826360186883, 824826435018949]
Applying requests
Writing results
Killing Process: 19903

Waiting...

End of execution: 70

node: no process found
python3: no process found
java: no process found
Default Handler Type
Got Ready Time
Values for Ready Time [824840215541909, 824840274429548]
Applying requests
Writing results
Killing Process: 19925

Waiting...

End of execution: 71

node: no process found
python3: no process found
java: no process found
Default Handler Type
Got Ready Time
Values for Ready Time [824853344539916, 824853412811005]
Applying requests
Writing results
Killing Process: 19947

Waiting...

End of execution: 72

node: no process found
python3: no process found
java: no process found
Default Handler Type
Got Ready Time
Values for Ready Time [824866542905020, 824866612985226]
Applying requests
Writing results
Killing Process: 19969

Waiting...

End of execution: 73

node: no process found
python3: no process found
java: no process found
Default Handler Type
Got Ready Time
Values for Ready Time [824879883150547, 824879963237643]
Applying requests
Writing results
Killing Process: 19991

Waiting...

End of execution: 74

node: no process found
python3: no process found
java: no process found
Default Handler Type
Got Ready Time
Values for Ready Time [824893234972672, 824893299215514]
Applying requests
Writing results
Killing Process: 20013

Waiting...

End of execution: 75

node: no process found
python3: no process found
java: no process found
Default Handler Type
Got Ready Time
Values for Ready Time [824906565462442, 824906640842728]
Applying requests
Writing results
Killing Process: 20035

Waiting...

End of execution: 76

node: no process found
python3: no process found
java: no process found
Default Handler Type
Got Ready Time
Values for Ready Time [824919716114877, 824919782157941]
Applying requests
Writing results
Killing Process: 20057

Waiting...

End of execution: 77

node: no process found
python3: no process found
java: no process found
Default Handler Type
Got Ready Time
Values for Ready Time [824933178982662, 824933244715430]
Applying requests
Writing results
Killing Process: 20079

Waiting...

End of execution: 78

node: no process found
python3: no process found
java: no process found
Default Handler Type
Got Ready Time
Values for Ready Time [824946920282439, 824946983396215]
Applying requests
Writing results
Killing Process: 20101

Waiting...

End of execution: 79

node: no process found
python3: no process found
java: no process found
Default Handler Type
Got Ready Time
Values for Ready Time [824960203344769, 824960265508790]
Applying requests
Writing results
Killing Process: 20123

Waiting...

End of execution: 80

node: no process found
python3: no process found
java: no process found
Default Handler Type
Got Ready Time
Values for Ready Time [824973398506234, 824973468535714]
Applying requests
Writing results
Killing Process: 20145

Waiting...

End of execution: 81

node: no process found
python3: no process found
java: no process found
Default Handler Type
Got Ready Time
Values for Ready Time [824986614699748, 824986677406123]
Applying requests
Writing results
Killing Process: 20167

Waiting...

End of execution: 82

node: no process found
python3: no process found
java: no process found
Default Handler Type
Got Ready Time
Values for Ready Time [824999719468341, 824999785220289]
Applying requests
Writing results
Killing Process: 20189

Waiting...

End of execution: 83

node: no process found
python3: no process found
java: no process found
Default Handler Type
Got Ready Time
Values for Ready Time [825012782396322, 825012841838346]
Applying requests
Writing results
Killing Process: 20211

Waiting...

End of execution: 84

node: no process found
python3: no process found
java: no process found
Default Handler Type
Got Ready Time
Values for Ready Time [825026290386297, 825026356990677]
Applying requests
Writing results
Killing Process: 20233

Waiting...

End of execution: 85

node: no process found
python3: no process found
java: no process found
Default Handler Type
Got Ready Time
Values for Ready Time [825039849906621, 825039921106531]
Applying requests
Writing results
Killing Process: 20255

Waiting...

End of execution: 86

node: no process found
python3: no process found
java: no process found
Default Handler Type
Got Ready Time
Values for Ready Time [825053395102256, 825053456673955]
Applying requests
Writing results
Killing Process: 20277

Waiting...

End of execution: 87

node: no process found
python3: no process found
java: no process found
Default Handler Type
Got Ready Time
Values for Ready Time [825066894938580, 825066956431990]
Applying requests
Writing results
Killing Process: 20299

Waiting...

End of execution: 88

node: no process found
python3: no process found
java: no process found
Default Handler Type
Got Ready Time
Values for Ready Time [825080158866233, 825080227635951]
Applying requests
Writing results
Killing Process: 20321

Waiting...

End of execution: 89

node: no process found
python3: no process found
java: no process found
Default Handler Type
Got Ready Time
Values for Ready Time [825093570504273, 825093644466801]
Applying requests
Writing results
Killing Process: 20343

Waiting...

End of execution: 90

node: no process found
python3: no process found
java: no process found
Default Handler Type
Got Ready Time
Values for Ready Time [825107161828742, 825107227859857]
Applying requests
Writing results
Killing Process: 20365

Waiting...

End of execution: 91

node: no process found
python3: no process found
java: no process found
Default Handler Type
Got Ready Time
Values for Ready Time [825120365081776, 825120433657185]
Applying requests
Writing results
Killing Process: 20387

Waiting...

End of execution: 92

node: no process found
python3: no process found
java: no process found
Default Handler Type
Got Ready Time
Values for Ready Time [825133689423313, 825133754136636]
Applying requests
Writing results
Killing Process: 20409

Waiting...

End of execution: 93

node: no process found
python3: no process found
java: no process found
Default Handler Type
Got Ready Time
Values for Ready Time [825147033025927, 825147093627065]
Applying requests
Writing results
Killing Process: 20431

Waiting...

End of execution: 94

node: no process found
python3: no process found
java: no process found
Default Handler Type
Got Ready Time
Values for Ready Time [825160013549345, 825160081147553]
Applying requests
Writing results
Killing Process: 20453

Waiting...

End of execution: 95

node: no process found
python3: no process found
java: no process found
Default Handler Type
Got Ready Time
Values for Ready Time [825173432237390, 825173502818730]
Applying requests
Writing results
Killing Process: 20475

Waiting...

End of execution: 96

node: no process found
python3: no process found
java: no process found
Default Handler Type
Got Ready Time
Values for Ready Time [825186725623397, 825186790679597]
Applying requests
Writing results
Killing Process: 20497

Waiting...

End of execution: 97

node: no process found
python3: no process found
java: no process found
Default Handler Type
Got Ready Time
Values for Ready Time [825200254750397, 825200323652889]
Applying requests
Writing results
Killing Process: 20519

Waiting...

End of execution: 98

node: no process found
python3: no process found
java: no process found
Default Handler Type
Got Ready Time
Values for Ready Time [825213483432430, 825213558807302]
Applying requests
Writing results
Killing Process: 20543

Waiting...

End of execution: 99

node: no process found
python3: no process found
java: no process found
Default Handler Type
Got Ready Time
Values for Ready Time [825226846228489, 825226916159161]
Applying requests
Writing results
Killing Process: 20565

Waiting...

End of execution: 100

node: no process found
python3: no process found
java: no process found
Default Handler Type
Got Ready Time
Values for Ready Time [825240172980210, 825240242922129]
Applying requests
Writing results
Killing Process: 20587

Waiting...

End of execution: 101

node: no process found
python3: no process found
java: no process found
Default Handler Type
Got Ready Time
Values for Ready Time [825253829345298, 825253896539828]
Applying requests
Writing results
Killing Process: 20609

Waiting...

End of execution: 102

node: no process found
python3: no process found
java: no process found
Default Handler Type
Got Ready Time
Values for Ready Time [825267053452149, 825267116541003]
Applying requests
Writing results
Killing Process: 20631

Waiting...

End of execution: 103

node: no process found
python3: no process found
java: no process found
Default Handler Type
Got Ready Time
Values for Ready Time [825280432354456, 825280495455394]
Applying requests
Writing results
Killing Process: 20653

Waiting...

End of execution: 104

node: no process found
python3: no process found
java: no process found
Default Handler Type
Got Ready Time
Values for Ready Time [825293940585661, 825294004906694]
Applying requests
Writing results
Killing Process: 20675

Waiting...

End of execution: 105

node: no process found
python3: no process found
java: no process found
Default Handler Type
Got Ready Time
Values for Ready Time [825307393234699, 825307457091793]
Applying requests
Writing results
Killing Process: 20697

Waiting...

End of execution: 106

node: no process found
python3: no process found
java: no process found
Default Handler Type
Got Ready Time
Values for Ready Time [825320807275592, 825320870734798]
Applying requests
Writing results
Killing Process: 20719

Waiting...

End of execution: 107

node: no process found
python3: no process found
java: no process found
Default Handler Type
Got Ready Time
Values for Ready Time [825333864708174, 825333938680991]
Applying requests
Writing results
Killing Process: 20742

Waiting...

End of execution: 108

node: no process found
python3: no process found
java: no process found
Default Handler Type
Got Ready Time
Values for Ready Time [825347384174808, 825347448671753]
Applying requests
Writing results
Killing Process: 20764

Waiting...

End of execution: 109

node: no process found
python3: no process found
java: no process found
Default Handler Type
Got Ready Time
Values for Ready Time [825360352968128, 825360407008343]
Applying requests
Writing results
Killing Process: 20786

Waiting...

End of execution: 110

node: no process found
python3: no process found
java: no process found
Default Handler Type
Got Ready Time
Values for Ready Time [825373678627279, 825373757466451]
Applying requests
Writing results
Killing Process: 20808

Waiting...

End of execution: 111

node: no process found
python3: no process found
java: no process found
Default Handler Type
Got Ready Time
Values for Ready Time [825387102735031, 825387163936560]
Applying requests
Writing results
Killing Process: 20830

Waiting...

End of execution: 112

node: no process found
python3: no process found
java: no process found
Default Handler Type
Got Ready Time
Values for Ready Time [825400193613422, 825400243450785]
Applying requests
Writing results
Killing Process: 20852

Waiting...

End of execution: 113

node: no process found
python3: no process found
java: no process found
Default Handler Type
Got Ready Time
Values for Ready Time [825413735333397, 825413800363355]
Applying requests
Writing results
Killing Process: 20874

Waiting...

End of execution: 114

node: no process found
python3: no process found
java: no process found
Default Handler Type
Got Ready Time
Values for Ready Time [825427375805232, 825427447365063]
Applying requests
Writing results
Killing Process: 20896

Waiting...

End of execution: 115

node: no process found
python3: no process found
java: no process found
Default Handler Type
Got Ready Time
Values for Ready Time [825440680643398, 825440744039920]
Applying requests
Writing results
Killing Process: 20918

Waiting...

End of execution: 116

node: no process found
python3: no process found
java: no process found
Default Handler Type
Got Ready Time
Values for Ready Time [825454347462326, 825454413701196]
Applying requests
Writing results
Killing Process: 20940

Waiting...

End of execution: 117

node: no process found
python3: no process found
java: no process found
Default Handler Type
Got Ready Time
Values for Ready Time [825467549562110, 825467613651150]
Applying requests
Writing results
Killing Process: 20963

Waiting...

End of execution: 118

node: no process found
python3: no process found
java: no process found
Default Handler Type
Got Ready Time
Values for Ready Time [825480742231576, 825480803031455]
Applying requests
Writing results
Killing Process: 20985

Waiting...

End of execution: 119

node: no process found
python3: no process found
java: no process found
Default Handler Type
Got Ready Time
Values for Ready Time [825494089139876, 825494151632999]
Applying requests
Writing results
Killing Process: 21007

Waiting...

End of execution: 120

node: no process found
python3: no process found
java: no process found
Default Handler Type
Got Ready Time
Values for Ready Time [825506751576167, 825506817879160]
Applying requests
Writing results
Killing Process: 21029

Waiting...

End of execution: 121

node: no process found
python3: no process found
java: no process found
Default Handler Type
Got Ready Time
Values for Ready Time [825519968977528, 825520034057858]
Applying requests
Writing results
Killing Process: 21051

Waiting...

End of execution: 122

node: no process found
python3: no process found
java: no process found
Default Handler Type
Got Ready Time
Values for Ready Time [825533209868519, 825533270432151]
Applying requests
Writing results
Killing Process: 21073

Waiting...

End of execution: 123

node: no process found
python3: no process found
java: no process found
Default Handler Type
Got Ready Time
Values for Ready Time [825546596993190, 825546661214805]
Applying requests
Writing results
Killing Process: 21096

Waiting...

End of execution: 124

node: no process found
python3: no process found
java: no process found
Default Handler Type
Got Ready Time
Values for Ready Time [825560055661092, 825560124278386]
Applying requests
Writing results
Killing Process: 21118

Waiting...

End of execution: 125

node: no process found
python3: no process found
java: no process found
Default Handler Type
Got Ready Time
Values for Ready Time [825573359466201, 825573427468141]
Applying requests
Writing results
Killing Process: 21140

Waiting...

End of execution: 126

node: no process found
python3: no process found
java: no process found
Default Handler Type
Got Ready Time
Values for Ready Time [825586608845175, 825586674535404]
Applying requests
Writing results
Killing Process: 21162

Waiting...

End of execution: 127

node: no process found
python3: no process found
java: no process found
Default Handler Type
Got Ready Time
Values for Ready Time [825599953768356, 825600027914546]
Applying requests
Writing results
Killing Process: 21184

Waiting...

End of execution: 128

node: no process found
python3: no process found
java: no process found
Default Handler Type
Got Ready Time
Values for Ready Time [825613462396066, 825613531179260]
Applying requests
Writing results
Killing Process: 21206

Waiting...

End of execution: 129

node: no process found
python3: no process found
java: no process found
Default Handler Type
Got Ready Time
Values for Ready Time [825626814796261, 825626879921424]
Applying requests
Writing results
Killing Process: 21228

Waiting...

End of execution: 130

node: no process found
python3: no process found
java: no process found
Default Handler Type
Got Ready Time
Values for Ready Time [825640144575524, 825640199257410]
Applying requests
Writing results
Killing Process: 21250

Waiting...

End of execution: 131

node: no process found
python3: no process found
java: no process found
Default Handler Type
Got Ready Time
Values for Ready Time [825653346723752, 825653411014331]
Applying requests
Writing results
Killing Process: 21272

Waiting...

End of execution: 132

node: no process found
python3: no process found
java: no process found
Default Handler Type
Got Ready Time
Values for Ready Time [825666759937606, 825666823971575]
Applying requests
Writing results
Killing Process: 21294

Waiting...

End of execution: 133

node: no process found
python3: no process found
java: no process found
Default Handler Type
Got Ready Time
Values for Ready Time [825680298848218, 825680359865114]
Applying requests
Writing results
Killing Process: 21316

Waiting...

End of execution: 134

node: no process found
python3: no process found
java: no process found
Default Handler Type
Got Ready Time
Values for Ready Time [825693914630168, 825693986202360]
Applying requests
Writing results
Killing Process: 21339

Waiting...

End of execution: 135

node: no process found
python3: no process found
java: no process found
Default Handler Type
Got Ready Time
Values for Ready Time [825707582413726, 825707644960757]
Applying requests
Writing results
Killing Process: 21365

Waiting...

End of execution: 136

node: no process found
python3: no process found
java: no process found
Default Handler Type
Got Ready Time
Values for Ready Time [825721234433916, 825721298646090]
Applying requests
Writing results
Killing Process: 21404

Waiting...

End of execution: 137

node: no process found
python3: no process found
java: no process found
Default Handler Type
Got Ready Time
Values for Ready Time [825735129155653, 825735197421066]
Applying requests
Writing results
Killing Process: 21453

Waiting...

End of execution: 138

node: no process found
python3: no process found
java: no process found
Default Handler Type
Got Ready Time
Values for Ready Time [825748735571381, 825748799753972]
Applying requests
Writing results
Killing Process: 21475

Waiting...

End of execution: 139

node: no process found
python3: no process found
java: no process found
Default Handler Type
Got Ready Time
Values for Ready Time [825762393010641, 825762459254341]
Applying requests
Writing results
Killing Process: 21497

Waiting...

End of execution: 140

node: no process found
python3: no process found
java: no process found
Default Handler Type
Got Ready Time
Values for Ready Time [825776157752757, 825776220607563]
Applying requests
Writing results
Killing Process: 21522

Waiting...

End of execution: 141

node: no process found
python3: no process found
java: no process found
Default Handler Type
Got Ready Time
Values for Ready Time [825789831972416, 825789904184161]
Applying requests
Writing results
Killing Process: 21544

Waiting...

End of execution: 142

node: no process found
python3: no process found
java: no process found
Default Handler Type
Got Ready Time
Values for Ready Time [825803219821809, 825803291888452]
Applying requests
Writing results
Killing Process: 21566

Waiting...

End of execution: 143

node: no process found
python3: no process found
java: no process found
Default Handler Type
Got Ready Time
Values for Ready Time [825816918343433, 825816975899087]
Applying requests
Writing results
Killing Process: 21588

Waiting...

End of execution: 144

node: no process found
python3: no process found
java: no process found
Default Handler Type
Got Ready Time
Values for Ready Time [825830550280674, 825830611445632]
Applying requests
Writing results
Killing Process: 21610

Waiting...

End of execution: 145

node: no process found
python3: no process found
java: no process found
Default Handler Type
Got Ready Time
Values for Ready Time [825843778777442, 825843841384759]
Applying requests
Writing results
Killing Process: 21633

Waiting...

End of execution: 146

node: no process found
python3: no process found
java: no process found
Default Handler Type
Got Ready Time
Values for Ready Time [825856858067607, 825856925959946]
Applying requests
Writing results
Killing Process: 21655

Waiting...

End of execution: 147

node: no process found
python3: no process found
java: no process found
Default Handler Type
Got Ready Time
Values for Ready Time [825870455211062, 825870522002305]
Applying requests
Writing results
Killing Process: 21677

Waiting...

End of execution: 148

node: no process found
python3: no process found
java: no process found
Default Handler Type
Got Ready Time
Values for Ready Time [825884076059931, 825884136862380]
Applying requests
Writing results
Killing Process: 21699

Waiting...

End of execution: 149

node: no process found
python3: no process found
java: no process found
Default Handler Type
Got Ready Time
Values for Ready Time [825897449423028, 825897522279011]
Applying requests
Writing results
Killing Process: 21721

Waiting...

End of execution: 150

node: no process found
python3: no process found
java: no process found
Default Handler Type
Got Ready Time
Values for Ready Time [825911322781985, 825911395895293]
Applying requests
Writing results
Killing Process: 21743

Waiting...

End of execution: 151

node: no process found
python3: no process found
java: no process found
Default Handler Type
Got Ready Time
Values for Ready Time [825924982549130, 825925055001035]
Applying requests
Writing results
Killing Process: 21768

Waiting...

End of execution: 152

node: no process found
python3: no process found
java: no process found
Default Handler Type
Got Ready Time
Values for Ready Time [825938646722080, 825938709051750]
Applying requests
Writing results
Killing Process: 21790

Waiting...

End of execution: 153

node: no process found
python3: no process found
java: no process found
Default Handler Type
Got Ready Time
Values for Ready Time [825951729618814, 825951803655006]
Applying requests
Writing results
Killing Process: 21812

Waiting...

End of execution: 154

node: no process found
python3: no process found
java: no process found
Default Handler Type
Got Ready Time
Values for Ready Time [825965195427380, 825965257215442]
Applying requests
Writing results
Killing Process: 21834

Waiting...

End of execution: 155

node: no process found
python3: no process found
java: no process found
Default Handler Type
Got Ready Time
Values for Ready Time [825978962368101, 825979031138951]
Applying requests
Writing results
Killing Process: 21856

Waiting...

End of execution: 156

node: no process found
python3: no process found
java: no process found
Default Handler Type
Got Ready Time
Values for Ready Time [825992217559569, 825992279578530]
Applying requests
Writing results
Killing Process: 21878

Waiting...

End of execution: 157

node: no process found
python3: no process found
java: no process found
Default Handler Type
Got Ready Time
Values for Ready Time [826005725093547, 826005793422586]
Applying requests
Writing results
Killing Process: 21900

Waiting...

End of execution: 158

node: no process found
python3: no process found
java: no process found
Default Handler Type
Got Ready Time
Values for Ready Time [826019309641961, 826019385739874]
Applying requests
Writing results
Killing Process: 21922

Waiting...

End of execution: 159

node: no process found
python3: no process found
java: no process found
Default Handler Type
Got Ready Time
Values for Ready Time [826032849928905, 826032915912481]
Applying requests
Writing results
Killing Process: 21944

Waiting...

End of execution: 160

node: no process found
python3: no process found
java: no process found
Default Handler Type
Got Ready Time
Values for Ready Time [826046193338910, 826046261017522]
Applying requests
Writing results
Killing Process: 21966

Waiting...

End of execution: 161

node: no process found
python3: no process found
java: no process found
Default Handler Type
Got Ready Time
Values for Ready Time [826059559708629, 826059621355708]
Applying requests
Writing results
Killing Process: 21988

Waiting...

End of execution: 162

node: no process found
python3: no process found
java: no process found
Default Handler Type
Got Ready Time
Values for Ready Time [826073133864977, 826073193226515]
Applying requests
Writing results
Killing Process: 22010

Waiting...

End of execution: 163

node: no process found
python3: no process found
java: no process found
Default Handler Type
Got Ready Time
Values for Ready Time [826086513356534, 826086578852876]
Applying requests
Writing results
Killing Process: 22032

Waiting...

End of execution: 164

node: no process found
python3: no process found
java: no process found
Default Handler Type
Got Ready Time
Values for Ready Time [826099977598903, 826100047895685]
Applying requests
Writing results
Killing Process: 22054

Waiting...

End of execution: 165

node: no process found
python3: no process found
java: no process found
Default Handler Type
Got Ready Time
Values for Ready Time [826113063679745, 826113128855237]
Applying requests
Writing results
Killing Process: 22076

Waiting...

End of execution: 166

node: no process found
python3: no process found
java: no process found
Default Handler Type
Got Ready Time
Values for Ready Time [826126438509408, 826126501421336]
Applying requests
Writing results
Killing Process: 22098

Waiting...

End of execution: 167

node: no process found
python3: no process found
java: no process found
Default Handler Type
Got Ready Time
Values for Ready Time [826139932075791, 826139996234604]
Applying requests
Writing results
Killing Process: 22121

Waiting...

End of execution: 168

node: no process found
python3: no process found
java: no process found
Default Handler Type
Got Ready Time
Values for Ready Time [826153208206259, 826153274348765]
Applying requests
Writing results
Killing Process: 22143

Waiting...

End of execution: 169

node: no process found
python3: no process found
java: no process found
Default Handler Type
Got Ready Time
Values for Ready Time [826166961421465, 826167027944413]
Applying requests
Writing results
Killing Process: 22165

Waiting...

End of execution: 170

node: no process found
python3: no process found
java: no process found
Default Handler Type
Got Ready Time
Values for Ready Time [826180378709095, 826180443701684]
Applying requests
Writing results
Killing Process: 22187

Waiting...

End of execution: 171

node: no process found
python3: no process found
java: no process found
Default Handler Type
Got Ready Time
Values for Ready Time [826193767999201, 826193833361605]
Applying requests
Writing results
Killing Process: 22209

Waiting...

End of execution: 172

node: no process found
python3: no process found
java: no process found
Default Handler Type
Got Ready Time
Values for Ready Time [826207581147846, 826207648072439]
Applying requests
Writing results
Killing Process: 22231

Waiting...

End of execution: 173

node: no process found
python3: no process found
java: no process found
Default Handler Type
Got Ready Time
Values for Ready Time [826220889639816, 826220956241325]
Applying requests
Writing results
Killing Process: 22254

Waiting...

End of execution: 174

node: no process found
python3: no process found
java: no process found
Default Handler Type
Got Ready Time
Values for Ready Time [826234369223475, 826234442923502]
Applying requests
Writing results
Killing Process: 22277

Waiting...

End of execution: 175

node: no process found
python3: no process found
java: no process found
Default Handler Type
Got Ready Time
Values for Ready Time [826248102353564, 826248177886597]
Applying requests
Writing results
Killing Process: 22299

Waiting...

End of execution: 176

node: no process found
python3: no process found
java: no process found
Default Handler Type
Got Ready Time
Values for Ready Time [826261237786103, 826261299656409]
Applying requests
Writing results
Killing Process: 22322

Waiting...

End of execution: 177

node: no process found
python3: no process found
java: no process found
Default Handler Type
Got Ready Time
Values for Ready Time [826274474178506, 826274534605770]
Applying requests
Writing results
Killing Process: 22344

Waiting...

End of execution: 178

node: no process found
python3: no process found
java: no process found
Default Handler Type
Got Ready Time
Values for Ready Time [826287928376436, 826287996595206]
Applying requests
Writing results
Killing Process: 22366

Waiting...

End of execution: 179

node: no process found
python3: no process found
java: no process found
Default Handler Type
Got Ready Time
Values for Ready Time [826301317706055, 826301389692331]
Applying requests
Writing results
Killing Process: 22388

Waiting...

End of execution: 180

node: no process found
python3: no process found
java: no process found
Default Handler Type
Got Ready Time
Values for Ready Time [826314651023465, 826314711383383]
Applying requests
Writing results
Killing Process: 22410

Waiting...

End of execution: 181

node: no process found
python3: no process found
java: no process found
Default Handler Type
Got Ready Time
Values for Ready Time [826327873567725, 826327936479756]
Applying requests
Writing results
Killing Process: 22433

Waiting...

End of execution: 182

node: no process found
python3: no process found
java: no process found
Default Handler Type
Got Ready Time
Values for Ready Time [826341446892817, 826341515889725]
Applying requests
Writing results
Killing Process: 22455

Waiting...

End of execution: 183

node: no process found
python3: no process found
java: no process found
Default Handler Type
Got Ready Time
Values for Ready Time [826355082386757, 826355145461452]
Applying requests
Writing results
Killing Process: 22477

Waiting...

End of execution: 184

node: no process found
python3: no process found
java: no process found
Default Handler Type
Got Ready Time
Values for Ready Time [826368233337344, 826368299093376]
Applying requests
Writing results
Killing Process: 22499

Waiting...

End of execution: 185

node: no process found
python3: no process found
java: no process found
Default Handler Type
Got Ready Time
Values for Ready Time [826381575079426, 826381657781679]
Applying requests
Writing results
Killing Process: 22521

Waiting...

End of execution: 186

node: no process found
python3: no process found
java: no process found
Default Handler Type
Got Ready Time
Values for Ready Time [826395131484385, 826395197808093]
Applying requests
Writing results
Killing Process: 22543

Waiting...

End of execution: 187

node: no process found
python3: no process found
java: no process found
Default Handler Type
Got Ready Time
Values for Ready Time [826408266094757, 826408331720499]
Applying requests
Writing results
Killing Process: 22565

Waiting...

End of execution: 188

node: no process found
python3: no process found
java: no process found
Default Handler Type
Got Ready Time
Values for Ready Time [826421975747316, 826422037922221]
Applying requests
Writing results
Killing Process: 22587

Waiting...

End of execution: 189

node: no process found
python3: no process found
java: no process found
Default Handler Type
Got Ready Time
Values for Ready Time [826435411649729, 826435477894382]
Applying requests
Writing results
Killing Process: 22609

Waiting...

End of execution: 190

node: no process found
python3: no process found
java: no process found
Default Handler Type
Got Ready Time
Values for Ready Time [826448779218295, 826448846678346]
Applying requests
Writing results
Killing Process: 22632

Waiting...

End of execution: 191

node: no process found
python3: no process found
java: no process found
Default Handler Type
Got Ready Time
Values for Ready Time [826462211453190, 826462274853761]
Applying requests
Writing results
Killing Process: 22654

Waiting...

End of execution: 192

node: no process found
python3: no process found
java: no process found
Default Handler Type
Got Ready Time
Values for Ready Time [826475916825654, 826475980547048]
Applying requests
Writing results
Killing Process: 22676

Waiting...

End of execution: 193

node: no process found
python3: no process found
java: no process found
Default Handler Type
Got Ready Time
Values for Ready Time [826489254794997, 826489320090718]
Applying requests
Writing results
Killing Process: 22699

Waiting...

End of execution: 194

node: no process found
python3: no process found
java: no process found
Default Handler Type
Got Ready Time
Values for Ready Time [826502404550406, 826502469347550]
Applying requests
Writing results
Killing Process: 22721

Waiting...

End of execution: 195

node: no process found
python3: no process found
java: no process found
Default Handler Type
Got Ready Time
Values for Ready Time [826515111101066, 826515179273314]
Applying requests
Writing results
Killing Process: 22743

Waiting...

End of execution: 196

node: no process found
python3: no process found
java: no process found
Default Handler Type
Got Ready Time
Values for Ready Time [826528346719618, 826528413911691]
Applying requests
Writing results
Killing Process: 22765

Waiting...

End of execution: 197

node: no process found
python3: no process found
java: no process found
Default Handler Type
Got Ready Time
Values for Ready Time [826541595329729, 826541661057546]
Applying requests
Writing results
Killing Process: 22787

Waiting...

End of execution: 198

node: no process found
python3: no process found
java: no process found
Default Handler Type
Got Ready Time
Values for Ready Time [826554912568644, 826554979491330]
Applying requests
Writing results
Killing Process: 22809

Waiting...

End of execution: 199

node: no process found
python3: no process found
java: no process found
Default Handler Type
Got Ready Time
Values for Ready Time [826567797636250, 826567858728097]
Applying requests
Writing results
Killing Process: 22831

Waiting...

End of execution: 200

