nohup: ignoring input
node: no process found
python3: no process found
java: no process found
Default Handler Type
Got Ready Time
Values for Ready Time [1422547127758053, 1422547267453908]
Applying requests
Writing results
Killing Process: 8484

Waiting...

End of execution: 1

node: no process found
python3: no process found
java: no process found
Default Handler Type
Got Ready Time
Values for Ready Time [1422550976545717, 1422551103582165]
Applying requests
Writing results
Killing Process: 8511

Waiting...

End of execution: 2

node: no process found
python3: no process found
java: no process found
Default Handler Type
Got Ready Time
Values for Ready Time [1422554911600073, 1422555040817219]
Applying requests
Writing results
Killing Process: 8542

Waiting...

End of execution: 3

node: no process found
python3: no process found
java: no process found
Default Handler Type
Got Ready Time
Values for Ready Time [1422558751058418, 1422558893641364]
Applying requests
Writing results
Killing Process: 8570

Waiting...

End of execution: 4

node: no process found
python3: no process found
java: no process found
Default Handler Type
Got Ready Time
Values for Ready Time [1422562687704897, 1422562824985584]
Applying requests
Writing results
Killing Process: 8597

Waiting...

End of execution: 5

node: no process found
python3: no process found
java: no process found
Default Handler Type
Got Ready Time
Values for Ready Time [1422566571285166, 1422566698889194]
Applying requests
Writing results
Killing Process: 8624

Waiting...

End of execution: 6

node: no process found
python3: no process found
java: no process found
Default Handler Type
Got Ready Time
Values for Ready Time [1422570456418311, 1422570581646229]
Applying requests
Writing results
Killing Process: 8651

Waiting...

End of execution: 7

node: no process found
python3: no process found
java: no process found
Default Handler Type
Got Ready Time
Values for Ready Time [1422574214820588, 1422574349522864]
Applying requests
Writing results
Killing Process: 8678

Waiting...

End of execution: 8

node: no process found
python3: no process found
java: no process found
Default Handler Type
Got Ready Time
Values for Ready Time [1422578185256242, 1422578308730041]
Applying requests
Writing results
Killing Process: 8705

Waiting...

End of execution: 9

node: no process found
python3: no process found
java: no process found
Default Handler Type
Got Ready Time
Values for Ready Time [1422582129199584, 1422582251279680]
Applying requests
Writing results
Killing Process: 8732

Waiting...

End of execution: 10

node: no process found
python3: no process found
java: no process found
Default Handler Type
Got Ready Time
Values for Ready Time [1422586008158447, 1422586155255016]
Applying requests
Writing results
Killing Process: 8759

Waiting...

End of execution: 11

node: no process found
python3: no process found
java: no process found
Default Handler Type
Got Ready Time
Values for Ready Time [1422589988741578, 1422590127859599]
Applying requests
Writing results
Killing Process: 8786

Waiting...

End of execution: 12

node: no process found
python3: no process found
java: no process found
Default Handler Type
Got Ready Time
Values for Ready Time [1422593779357786, 1422593902677616]
Applying requests
Writing results
Killing Process: 8813

Waiting...

End of execution: 13

node: no process found
python3: no process found
java: no process found
Default Handler Type
Got Ready Time
Values for Ready Time [1422597601408239, 1422597731376008]
Applying requests
Writing results
Killing Process: 8840

Waiting...

End of execution: 14

node: no process found
python3: no process found
java: no process found
Default Handler Type
Got Ready Time
Values for Ready Time [1422601298467179, 1422601419955336]
Applying requests
Writing results
Killing Process: 8867

Waiting...

End of execution: 15

node: no process found
python3: no process found
java: no process found
Default Handler Type
Got Ready Time
Values for Ready Time [1422605084439950, 1422605211674719]
Applying requests
Writing results
Killing Process: 8894

Waiting...

End of execution: 16

node: no process found
python3: no process found
java: no process found
Default Handler Type
Got Ready Time
Values for Ready Time [1422608922845833, 1422609054035991]
Applying requests
Writing results
Killing Process: 8921

Waiting...

End of execution: 17

node: no process found
python3: no process found
java: no process found
Default Handler Type
Got Ready Time
Values for Ready Time [1422612765908153, 1422612907264894]
Applying requests
Writing results
Killing Process: 8949

Waiting...

End of execution: 18

node: no process found
python3: no process found
java: no process found
Default Handler Type
Got Ready Time
Values for Ready Time [1422616651699012, 1422616777299607]
Applying requests
Writing results
Killing Process: 8977

Waiting...

End of execution: 19

node: no process found
python3: no process found
java: no process found
Default Handler Type
Got Ready Time
Values for Ready Time [1422620468522042, 1422620611886361]
Applying requests
Writing results
Killing Process: 9005

Waiting...

End of execution: 20

node: no process found
python3: no process found
java: no process found
Default Handler Type
Got Ready Time
Values for Ready Time [1422624323380235, 1422624444407498]
Applying requests
Writing results
Killing Process: 9033

Waiting...

End of execution: 21

node: no process found
python3: no process found
java: no process found
Default Handler Type
Got Ready Time
Values for Ready Time [1422628171680485, 1422628307370550]
Applying requests
Writing results
Killing Process: 9063

Waiting...

End of execution: 22

node: no process found
python3: no process found
java: no process found
Default Handler Type
Got Ready Time
Values for Ready Time [1422632172817622, 1422632296969981]
Applying requests
Writing results
Killing Process: 9090

Waiting...

End of execution: 23

node: no process found
python3: no process found
java: no process found
Default Handler Type
Got Ready Time
Values for Ready Time [1422635833075756, 1422635955917288]
Applying requests
Writing results
Killing Process: 9117

Waiting...

End of execution: 24

node: no process found
python3: no process found
java: no process found
Default Handler Type
Got Ready Time
Values for Ready Time [1422639462689589, 1422639584388212]
Applying requests
Writing results
Killing Process: 9145

Waiting...

End of execution: 25

node: no process found
python3: no process found
java: no process found
Default Handler Type
Got Ready Time
Values for Ready Time [1422643260358040, 1422643390586456]
Applying requests
Writing results
Killing Process: 9172

Waiting...

End of execution: 26

node: no process found
python3: no process found
java: no process found
Default Handler Type
Got Ready Time
Values for Ready Time [1422647149740527, 1422647290060068]
Applying requests
Writing results
Killing Process: 9199

Waiting...

End of execution: 27

node: no process found
python3: no process found
java: no process found
Default Handler Type
Got Ready Time
Values for Ready Time [1422651146436084, 1422651282695491]
Applying requests
Writing results
Killing Process: 9226

Waiting...

End of execution: 28

node: no process found
python3: no process found
java: no process found
Default Handler Type
Got Ready Time
Values for Ready Time [1422654940333673, 1422655074076610]
Applying requests
Writing results
Killing Process: 9253

Waiting...

End of execution: 29

node: no process found
python3: no process found
java: no process found
Default Handler Type
Got Ready Time
Values for Ready Time [1422658763530107, 1422658903028110]
Applying requests
Writing results
Killing Process: 9280

Waiting...

End of execution: 30

node: no process found
python3: no process found
java: no process found
Default Handler Type
Got Ready Time
Values for Ready Time [1422662631172423, 1422662764281651]
Applying requests
Writing results
Killing Process: 9307

Waiting...

End of execution: 31

node: no process found
python3: no process found
java: no process found
Default Handler Type
Got Ready Time
Values for Ready Time [1422666426030754, 1422666545511588]
Applying requests
Writing results
Killing Process: 9334

Waiting...

End of execution: 32

node: no process found
python3: no process found
java: no process found
Default Handler Type
Got Ready Time
Values for Ready Time [1422670180537592, 1422670308839768]
Applying requests
Writing results
Killing Process: 9361

Waiting...

End of execution: 33

node: no process found
python3: no process found
java: no process found
Default Handler Type
Got Ready Time
Values for Ready Time [1422674028381485, 1422674168078232]
Applying requests
Writing results
Killing Process: 9388

Waiting...

End of execution: 34

node: no process found
python3: no process found
java: no process found
Default Handler Type
Got Ready Time
Values for Ready Time [1422677914647360, 1422678049870315]
Applying requests
Writing results
Killing Process: 9415

Waiting...

End of execution: 35

node: no process found
python3: no process found
java: no process found
Default Handler Type
Got Ready Time
Values for Ready Time [1422681740782653, 1422681891442895]
Applying requests
Writing results
Killing Process: 9442

Waiting...

End of execution: 36

node: no process found
python3: no process found
java: no process found
Default Handler Type
Got Ready Time
Values for Ready Time [1422685750605535, 1422685878952470]
Applying requests
Writing results
Killing Process: 9469

Waiting...

End of execution: 37

node: no process found
python3: no process found
java: no process found
Default Handler Type
Got Ready Time
Values for Ready Time [1422689686050503, 1422689835684002]
Applying requests
Writing results
Killing Process: 9496

Waiting...

End of execution: 38

node: no process found
python3: no process found
java: no process found
Default Handler Type
Got Ready Time
Values for Ready Time [1422693546326960, 1422693675524148]
Applying requests
Writing results
Killing Process: 9523

Waiting...

End of execution: 39

node: no process found
python3: no process found
java: no process found
Default Handler Type
Got Ready Time
Values for Ready Time [1422697361388312, 1422697486192950]
Applying requests
Writing results
Killing Process: 9550

Waiting...

End of execution: 40

node: no process found
python3: no process found
java: no process found
Default Handler Type
Got Ready Time
Values for Ready Time [1422701170085325, 1422701309813995]
Applying requests
Writing results
Killing Process: 9577

Waiting...

End of execution: 41

node: no process found
python3: no process found
java: no process found
Default Handler Type
Got Ready Time
Values for Ready Time [1422704933719197, 1422705051548454]
Applying requests
Writing results
Killing Process: 9604

Waiting...

End of execution: 42

node: no process found
python3: no process found
java: no process found
Default Handler Type
Got Ready Time
Values for Ready Time [1422708779048145, 1422708930881142]
Applying requests
Writing results
Killing Process: 9631

Waiting...

End of execution: 43

node: no process found
python3: no process found
java: no process found
Default Handler Type
Got Ready Time
Values for Ready Time [1422712891575381, 1422713027919033]
Applying requests
Writing results
Killing Process: 9658

Waiting...

End of execution: 44

node: no process found
python3: no process found
java: no process found
Default Handler Type
Got Ready Time
Values for Ready Time [1422716821260851, 1422716955215118]
Applying requests
Writing results
Killing Process: 9685

Waiting...

End of execution: 45

node: no process found
python3: no process found
java: no process found
Default Handler Type
Got Ready Time
Values for Ready Time [1422720645215427, 1422720768903339]
Applying requests
Writing results
Killing Process: 9712

Waiting...

End of execution: 46

node: no process found
python3: no process found
java: no process found
Default Handler Type
Got Ready Time
Values for Ready Time [1422724500445120, 1422724630176737]
Applying requests
Writing results
Killing Process: 9739

Waiting...

End of execution: 47

node: no process found
python3: no process found
java: no process found
Default Handler Type
Got Ready Time
Values for Ready Time [1422728334717270, 1422728466026439]
Applying requests
Writing results
Killing Process: 9766

Waiting...

End of execution: 48

node: no process found
python3: no process found
java: no process found
Default Handler Type
Got Ready Time
Values for Ready Time [1422732139144220, 1422732266052058]
Applying requests
Writing results
Killing Process: 9793

Waiting...

End of execution: 49

node: no process found
python3: no process found
java: no process found
Default Handler Type
Got Ready Time
Values for Ready Time [1422735984356062, 1422736119100937]
Applying requests
Writing results
Killing Process: 9820

Waiting...

End of execution: 50

node: no process found
python3: no process found
java: no process found
Default Handler Type
Got Ready Time
Values for Ready Time [1422739822088871, 1422739947190995]
Applying requests
Writing results
Killing Process: 9847

Waiting...

End of execution: 51

node: no process found
python3: no process found
java: no process found
Default Handler Type
Got Ready Time
Values for Ready Time [1422743591009515, 1422743726600971]
Applying requests
Writing results
Killing Process: 9874

Waiting...

End of execution: 52

node: no process found
python3: no process found
java: no process found
Default Handler Type
Got Ready Time
Values for Ready Time [1422747461432386, 1422747583177219]
Applying requests
Writing results
Killing Process: 9901

Waiting...

End of execution: 53

node: no process found
python3: no process found
java: no process found
Default Handler Type
Got Ready Time
Values for Ready Time [1422751282676727, 1422751405613173]
Applying requests
Writing results
Killing Process: 9929

Waiting...

End of execution: 54

node: no process found
python3: no process found
java: no process found
Default Handler Type
Got Ready Time
Values for Ready Time [1422755002635744, 1422755130656491]
Applying requests
Writing results
Killing Process: 9956

Waiting...

End of execution: 55

node: no process found
python3: no process found
java: no process found
Default Handler Type
Got Ready Time
Values for Ready Time [1422758776711260, 1422758909657337]
Applying requests
Writing results
Killing Process: 9983

Waiting...

End of execution: 56

node: no process found
python3: no process found
java: no process found
Default Handler Type
Got Ready Time
Values for Ready Time [1422762627763571, 1422762756219373]
Applying requests
Writing results
Killing Process: 10010

Waiting...

End of execution: 57

node: no process found
python3: no process found
java: no process found
Default Handler Type
Got Ready Time
Values for Ready Time [1422766472999966, 1422766616845073]
Applying requests
Writing results
Killing Process: 10037

Waiting...

End of execution: 58

node: no process found
python3: no process found
java: no process found
Default Handler Type
Got Ready Time
Values for Ready Time [1422770181403973, 1422770305362166]
Applying requests
Writing results
Killing Process: 10064

Waiting...

End of execution: 59

node: no process found
python3: no process found
java: no process found
Default Handler Type
Got Ready Time
Values for Ready Time [1422774041044090, 1422774169498950]
Applying requests
Writing results
Killing Process: 10091

Waiting...

End of execution: 60

node: no process found
python3: no process found
java: no process found
Default Handler Type
Got Ready Time
Values for Ready Time [1422777882101683, 1422778037762992]
Applying requests
Writing results
Killing Process: 10118

Waiting...

End of execution: 61

node: no process found
python3: no process found
java: no process found
Default Handler Type
Got Ready Time
Values for Ready Time [1422781684547270, 1422781822163581]
Applying requests
Writing results
Killing Process: 10145

Waiting...

End of execution: 62

node: no process found
python3: no process found
java: no process found
Default Handler Type
Got Ready Time
Values for Ready Time [1422785478115168, 1422785604094352]
Applying requests
Writing results
Killing Process: 10172

Waiting...

End of execution: 63

node: no process found
python3: no process found
java: no process found
Default Handler Type
Got Ready Time
Values for Ready Time [1422789317116329, 1422789458051810]
Applying requests
Writing results
Killing Process: 10199

Waiting...

End of execution: 64

node: no process found
python3: no process found
java: no process found
Default Handler Type
Got Ready Time
Values for Ready Time [1422793379823732, 1422793532783863]
Applying requests
Writing results
Killing Process: 10227

Waiting...

End of execution: 65

node: no process found
python3: no process found
java: no process found
Default Handler Type
Got Ready Time
Values for Ready Time [1422797461287031, 1422797581257116]
Applying requests
Writing results
Killing Process: 10254

Waiting...

End of execution: 66

node: no process found
python3: no process found
java: no process found
Default Handler Type
Got Ready Time
Values for Ready Time [1422801298565911, 1422801441437969]
Applying requests
Writing results
Killing Process: 10281

Waiting...

End of execution: 67

node: no process found
python3: no process found
java: no process found
Default Handler Type
Got Ready Time
Values for Ready Time [1422805098214065, 1422805226641496]
Applying requests
Writing results
Killing Process: 10308

Waiting...

End of execution: 68

node: no process found
python3: no process found
java: no process found
Default Handler Type
Got Ready Time
Values for Ready Time [1422809068707061, 1422809212952239]
Applying requests
Writing results
Killing Process: 10335

Waiting...

End of execution: 69

node: no process found
python3: no process found
java: no process found
Default Handler Type
Got Ready Time
Values for Ready Time [1422812901486815, 1422813031288983]
Applying requests
Writing results
Killing Process: 10362

Waiting...

End of execution: 70

node: no process found
python3: no process found
java: no process found
Default Handler Type
Got Ready Time
Values for Ready Time [1422816679854940, 1422816807303041]
Applying requests
Writing results
Killing Process: 10389

Waiting...

End of execution: 71

node: no process found
python3: no process found
java: no process found
Default Handler Type
Got Ready Time
Values for Ready Time [1422820579950514, 1422820703427630]
Applying requests
Writing results
Killing Process: 10416

Waiting...

End of execution: 72

node: no process found
python3: no process found
java: no process found
Default Handler Type
Got Ready Time
Values for Ready Time [1422824567532893, 1422824691108995]
Applying requests
Writing results
Killing Process: 10443

Waiting...

End of execution: 73

node: no process found
python3: no process found
java: no process found
Default Handler Type
Got Ready Time
Values for Ready Time [1422828657786062, 1422828793769302]
Applying requests
Writing results
Killing Process: 10470

Waiting...

End of execution: 74

node: no process found
python3: no process found
java: no process found
Default Handler Type
Got Ready Time
Values for Ready Time [1422832631739357, 1422832757181251]
Applying requests
Writing results
Killing Process: 10497

Waiting...

End of execution: 75

node: no process found
python3: no process found
java: no process found
Default Handler Type
Got Ready Time
Values for Ready Time [1422836373407673, 1422836496609890]
Applying requests
Writing results
Killing Process: 10524

Waiting...

End of execution: 76

node: no process found
python3: no process found
java: no process found
Default Handler Type
Got Ready Time
Values for Ready Time [1422840176680766, 1422840308861128]
Applying requests
Writing results
Killing Process: 10551

Waiting...

End of execution: 77

node: no process found
python3: no process found
java: no process found
Default Handler Type
Got Ready Time
Values for Ready Time [1422843964822841, 1422844105370097]
Applying requests
Writing results
Killing Process: 10578

Waiting...

End of execution: 78

node: no process found
python3: no process found
java: no process found
Default Handler Type
Got Ready Time
Values for Ready Time [1422847766708658, 1422847886016477]
Applying requests
Writing results
Killing Process: 10605

Waiting...

End of execution: 79

node: no process found
python3: no process found
java: no process found
Default Handler Type
Got Ready Time
Values for Ready Time [1422851638292249, 1422851765661743]
Applying requests
Writing results
Killing Process: 10632

Waiting...

End of execution: 80

node: no process found
python3: no process found
java: no process found
Default Handler Type
Got Ready Time
Values for Ready Time [1422855197599579, 1422855314103744]
Applying requests
Writing results
Killing Process: 10659

Waiting...

End of execution: 81

node: no process found
python3: no process found
java: no process found
Default Handler Type
Got Ready Time
Values for Ready Time [1422858770081152, 1422858898030397]
Applying requests
Writing results
Killing Process: 10687

Waiting...

End of execution: 82

node: no process found
python3: no process found
java: no process found
Default Handler Type
Got Ready Time
Values for Ready Time [1422862447380915, 1422862575597572]
Applying requests
Writing results
Killing Process: 10714

Waiting...

End of execution: 83

node: no process found
python3: no process found
java: no process found
Default Handler Type
Got Ready Time
Values for Ready Time [1422866253773627, 1422866382620027]
Applying requests
Writing results
Killing Process: 10741

Waiting...

End of execution: 84

node: no process found
python3: no process found
java: no process found
Default Handler Type
Got Ready Time
Values for Ready Time [1422870067499657, 1422870203318559]
Applying requests
Writing results
Killing Process: 10768

Waiting...

End of execution: 85

node: no process found
python3: no process found
java: no process found
Default Handler Type
Got Ready Time
Values for Ready Time [1422873946789327, 1422874069789971]
Applying requests
Writing results
Killing Process: 10795

Waiting...

End of execution: 86

node: no process found
python3: no process found
java: no process found
Default Handler Type
Got Ready Time
Values for Ready Time [1422877781863954, 1422877908910905]
Applying requests
Writing results
Killing Process: 10822

Waiting...

End of execution: 87

node: no process found
python3: no process found
java: no process found
Default Handler Type
Got Ready Time
Values for Ready Time [1422881839351130, 1422881965625661]
Applying requests
Writing results
Killing Process: 10849

Waiting...

End of execution: 88

node: no process found
python3: no process found
java: no process found
Default Handler Type
Got Ready Time
Values for Ready Time [1422885633385637, 1422885774496612]
Applying requests
Writing results
Killing Process: 10876

Waiting...

End of execution: 89

node: no process found
python3: no process found
java: no process found
Default Handler Type
Got Ready Time
Values for Ready Time [1422889408732917, 1422889537760815]
Applying requests
Writing results
Killing Process: 10903

Waiting...

End of execution: 90

node: no process found
python3: no process found
java: no process found
Default Handler Type
Got Ready Time
Values for Ready Time [1422893171082400, 1422893308513980]
Applying requests
Writing results
Killing Process: 10930

Waiting...

End of execution: 91

node: no process found
python3: no process found
java: no process found
Default Handler Type
Got Ready Time
Values for Ready Time [1422896840142715, 1422896963415784]
Applying requests
Writing results
Killing Process: 10957

Waiting...

End of execution: 92

node: no process found
python3: no process found
java: no process found
Default Handler Type
Got Ready Time
Values for Ready Time [1422900640556803, 1422900756624250]
Applying requests
Writing results
Killing Process: 10984

Waiting...

End of execution: 93

node: no process found
python3: no process found
java: no process found
Default Handler Type
Got Ready Time
Values for Ready Time [1422904523359810, 1422904662231201]
Applying requests
Writing results
Killing Process: 11012

Waiting...

End of execution: 94

node: no process found
python3: no process found
java: no process found
Default Handler Type
Got Ready Time
Values for Ready Time [1422908368647120, 1422908493563145]
Applying requests
Writing results
Killing Process: 11040

Waiting...

End of execution: 95

node: no process found
python3: no process found
java: no process found
Default Handler Type
Got Ready Time
Values for Ready Time [1422912254889782, 1422912383176722]
Applying requests
Writing results
Killing Process: 11067

Waiting...

End of execution: 96

node: no process found
python3: no process found
java: no process found
Default Handler Type
Got Ready Time
Values for Ready Time [1422916115128142, 1422916251027395]
Applying requests
Writing results
Killing Process: 11094

Waiting...

End of execution: 97

node: no process found
python3: no process found
java: no process found
Default Handler Type
Got Ready Time
Values for Ready Time [1422920037640856, 1422920161292940]
Applying requests
Writing results
Killing Process: 11121

Waiting...

End of execution: 98

node: no process found
python3: no process found
java: no process found
Default Handler Type
Got Ready Time
Values for Ready Time [1422923894705474, 1422924025438529]
Applying requests
Writing results
Killing Process: 11148

Waiting...

End of execution: 99

node: no process found
python3: no process found
java: no process found
Default Handler Type
Got Ready Time
Values for Ready Time [1422927775029609, 1422927933042564]
Applying requests
Writing results
Killing Process: 11175

Waiting...

End of execution: 100

node: no process found
python3: no process found
java: no process found
Default Handler Type
Got Ready Time
Values for Ready Time [1422931606702723, 1422931725626286]
Applying requests
Writing results
Killing Process: 11203

Waiting...

End of execution: 101

node: no process found
python3: no process found
java: no process found
Default Handler Type
Got Ready Time
Values for Ready Time [1422935577773513, 1422935713643079]
Applying requests
Writing results
Killing Process: 11230

Waiting...

End of execution: 102

node: no process found
python3: no process found
java: no process found
Default Handler Type
Got Ready Time
Values for Ready Time [1422939386458939, 1422939517132661]
Applying requests
Writing results
Killing Process: 11257

Waiting...

End of execution: 103

node: no process found
python3: no process found
java: no process found
Default Handler Type
Got Ready Time
Values for Ready Time [1422943137332470, 1422943260050238]
Applying requests
Writing results
Killing Process: 11284

Waiting...

End of execution: 104

node: no process found
python3: no process found
java: no process found
Default Handler Type
Got Ready Time
Values for Ready Time [1422946902326239, 1422947026870579]
Applying requests
Writing results
Killing Process: 11312

Waiting...

End of execution: 105

node: no process found
python3: no process found
java: no process found
Default Handler Type
Got Ready Time
Values for Ready Time [1422950763711087, 1422950892943668]
Applying requests
Writing results
Killing Process: 11339

Waiting...

End of execution: 106

node: no process found
python3: no process found
java: no process found
Default Handler Type
Got Ready Time
Values for Ready Time [1422954645115540, 1422954779728681]
Applying requests
Writing results
Killing Process: 11366

Waiting...

End of execution: 107

node: no process found
python3: no process found
java: no process found
Default Handler Type
Got Ready Time
Values for Ready Time [1422958509487056, 1422958636774003]
Applying requests
Writing results
Killing Process: 11393

Waiting...

End of execution: 108

node: no process found
python3: no process found
java: no process found
Default Handler Type
Got Ready Time
Values for Ready Time [1422962335819443, 1422962486427725]
Applying requests
Writing results
Killing Process: 11420

Waiting...

End of execution: 109

node: no process found
python3: no process found
java: no process found
Default Handler Type
Got Ready Time
Values for Ready Time [1422966262228793, 1422966393100898]
Applying requests
Writing results
Killing Process: 11447

Waiting...

End of execution: 110

node: no process found
python3: no process found
java: no process found
Default Handler Type
Got Ready Time
Values for Ready Time [1422970060997511, 1422970185695179]
Applying requests
Writing results
Killing Process: 11474

Waiting...

End of execution: 111

node: no process found
python3: no process found
java: no process found
Default Handler Type
Got Ready Time
Values for Ready Time [1422973876447239, 1422974017544485]
Applying requests
Writing results
Killing Process: 11502

Waiting...

End of execution: 112

node: no process found
python3: no process found
java: no process found
Default Handler Type
Got Ready Time
Values for Ready Time [1422977632741177, 1422977759800152]
Applying requests
Writing results
Killing Process: 11529

Waiting...

End of execution: 113

node: no process found
python3: no process found
java: no process found
Default Handler Type
Got Ready Time
Values for Ready Time [1422981454903935, 1422981584736787]
Applying requests
Writing results
Killing Process: 11556

Waiting...

End of execution: 114

node: no process found
python3: no process found
java: no process found
Default Handler Type
Got Ready Time
Values for Ready Time [1422985220707365, 1422985342622647]
Applying requests
Writing results
Killing Process: 11583

Waiting...

End of execution: 115

node: no process found
python3: no process found
java: no process found
Default Handler Type
Got Ready Time
Values for Ready Time [1422989026688645, 1422989168765262]
Applying requests
Writing results
Killing Process: 11610

Waiting...

End of execution: 116

node: no process found
python3: no process found
java: no process found
Default Handler Type
Got Ready Time
Values for Ready Time [1422992947342215, 1422993082618206]
Applying requests
Writing results
Killing Process: 11637

Waiting...

End of execution: 117

node: no process found
python3: no process found
java: no process found
Default Handler Type
Got Ready Time
Values for Ready Time [1422996606958494, 1422996736396711]
Applying requests
Writing results
Killing Process: 11665

Waiting...

End of execution: 118

node: no process found
python3: no process found
java: no process found
Default Handler Type
Got Ready Time
Values for Ready Time [1423000322480149, 1423000449081558]
Applying requests
Writing results
Killing Process: 11692

Waiting...

End of execution: 119

node: no process found
python3: no process found
java: no process found
Default Handler Type
Got Ready Time
Values for Ready Time [1423003969748792, 1423004110203028]
Applying requests
Writing results
Killing Process: 11719

Waiting...

End of execution: 120

node: no process found
python3: no process found
java: no process found
Default Handler Type
Got Ready Time
Values for Ready Time [1423007857568967, 1423007999934659]
Applying requests
Writing results
Killing Process: 11747

Waiting...

End of execution: 121

node: no process found
python3: no process found
java: no process found
Default Handler Type
Got Ready Time
Values for Ready Time [1423011713051952, 1423011840323246]
Applying requests
Writing results
Killing Process: 11774

Waiting...

End of execution: 122

node: no process found
python3: no process found
java: no process found
Default Handler Type
Got Ready Time
Values for Ready Time [1423015476453417, 1423015609259925]
Applying requests
Writing results
Killing Process: 11801

Waiting...

End of execution: 123

node: no process found
python3: no process found
java: no process found
Default Handler Type
Got Ready Time
Values for Ready Time [1423019395574209, 1423019522677785]
Applying requests
Writing results
Killing Process: 11828

Waiting...

End of execution: 124

node: no process found
python3: no process found
java: no process found
Default Handler Type
Got Ready Time
Values for Ready Time [1423023221620582, 1423023364078659]
Applying requests
Writing results
Killing Process: 11855

Waiting...

End of execution: 125

node: no process found
python3: no process found
java: no process found
Default Handler Type
Got Ready Time
Values for Ready Time [1423027216743127, 1423027345714595]
Applying requests
Writing results
Killing Process: 11882

Waiting...

End of execution: 126

node: no process found
python3: no process found
java: no process found
Default Handler Type
Got Ready Time
Values for Ready Time [1423031056230892, 1423031189183318]
Applying requests
Writing results
Killing Process: 11910

Waiting...

End of execution: 127

node: no process found
python3: no process found
java: no process found
Default Handler Type
Got Ready Time
Values for Ready Time [1423034921801892, 1423035049453235]
Applying requests
Writing results
Killing Process: 11937

Waiting...

End of execution: 128

node: no process found
python3: no process found
java: no process found
Default Handler Type
Got Ready Time
Values for Ready Time [1423038770329344, 1423038896213265]
Applying requests
Writing results
Killing Process: 11965

Waiting...

End of execution: 129

node: no process found
python3: no process found
java: no process found
Default Handler Type
Got Ready Time
Values for Ready Time [1423042650933156, 1423042768329252]
Applying requests
Writing results
Killing Process: 11992

Waiting...

End of execution: 130

node: no process found
python3: no process found
java: no process found
Default Handler Type
Got Ready Time
Values for Ready Time [1423046437208759, 1423046568960700]
Applying requests
Writing results
Killing Process: 12019

Waiting...

End of execution: 131

node: no process found
python3: no process found
java: no process found
Default Handler Type
Got Ready Time
Values for Ready Time [1423050122659310, 1423050225585490]
Applying requests
Writing results
Killing Process: 12046

Waiting...

End of execution: 132

node: no process found
python3: no process found
java: no process found
Default Handler Type
Got Ready Time
Values for Ready Time [1423053735370655, 1423053870237910]
Applying requests
Writing results
Killing Process: 12073

Waiting...

End of execution: 133

node: no process found
python3: no process found
java: no process found
Default Handler Type
Got Ready Time
Values for Ready Time [1423057534690388, 1423057667467116]
Applying requests
Writing results
Killing Process: 12100

Waiting...

End of execution: 134

node: no process found
python3: no process found
java: no process found
Default Handler Type
Got Ready Time
Values for Ready Time [1423061319510840, 1423061452650284]
Applying requests
Writing results
Killing Process: 12127

Waiting...

End of execution: 135

node: no process found
python3: no process found
java: no process found
Default Handler Type
Got Ready Time
Values for Ready Time [1423065137784131, 1423065260519728]
Applying requests
Writing results
Killing Process: 12154

Waiting...

End of execution: 136

node: no process found
python3: no process found
java: no process found
Default Handler Type
Got Ready Time
Values for Ready Time [1423068842619214, 1423068979532855]
Applying requests
Writing results
Killing Process: 12181

Waiting...

End of execution: 137

node: no process found
python3: no process found
java: no process found
Default Handler Type
Got Ready Time
Values for Ready Time [1423072738405807, 1423072870459913]
Applying requests
Writing results
Killing Process: 12208

Waiting...

End of execution: 138

node: no process found
python3: no process found
java: no process found
Default Handler Type
Got Ready Time
Values for Ready Time [1423076719445016, 1423076845402239]
Applying requests
Writing results
Killing Process: 12235

Waiting...

End of execution: 139

node: no process found
python3: no process found
java: no process found
Default Handler Type
Got Ready Time
Values for Ready Time [1423080645997308, 1423080772918924]
Applying requests
Writing results
Killing Process: 12262

Waiting...

End of execution: 140

node: no process found
python3: no process found
java: no process found
Default Handler Type
Got Ready Time
Values for Ready Time [1423084557178704, 1423084693185306]
Applying requests
Writing results
Killing Process: 12289

Waiting...

End of execution: 141

node: no process found
python3: no process found
java: no process found
Default Handler Type
Got Ready Time
Values for Ready Time [1423088465484401, 1423088595858133]
Applying requests
Writing results
Killing Process: 12317

Waiting...

End of execution: 142

node: no process found
python3: no process found
java: no process found
Default Handler Type
Got Ready Time
Values for Ready Time [1423092338562175, 1423092461891577]
Applying requests
Writing results
Killing Process: 12344

Waiting...

End of execution: 143

node: no process found
python3: no process found
java: no process found
Default Handler Type
Got Ready Time
Values for Ready Time [1423096211906336, 1423096348464255]
Applying requests
Writing results
Killing Process: 12371

Waiting...

End of execution: 144

node: no process found
python3: no process found
java: no process found
Default Handler Type
Got Ready Time
Values for Ready Time [1423100116515596, 1423100239687343]
Applying requests
Writing results
Killing Process: 12398

Waiting...

End of execution: 145

node: no process found
python3: no process found
java: no process found
Default Handler Type
Got Ready Time
Values for Ready Time [1423104093470303, 1423104228894938]
Applying requests
Writing results
Killing Process: 12425

Waiting...

End of execution: 146

node: no process found
python3: no process found
java: no process found
Default Handler Type
Got Ready Time
Values for Ready Time [1423108019237691, 1423108157150915]
Applying requests
Writing results
Killing Process: 12452

Waiting...

End of execution: 147

node: no process found
python3: no process found
java: no process found
Default Handler Type
Got Ready Time
Values for Ready Time [1423111887863511, 1423112016694933]
Applying requests
Writing results
Killing Process: 12479

Waiting...

End of execution: 148

node: no process found
python3: no process found
java: no process found
Default Handler Type
Got Ready Time
Values for Ready Time [1423115738300032, 1423115861350046]
Applying requests
Writing results
Killing Process: 12506

Waiting...

End of execution: 149

node: no process found
python3: no process found
java: no process found
Default Handler Type
Got Ready Time
Values for Ready Time [1423119478055717, 1423119611277556]
Applying requests
Writing results
Killing Process: 12533

Waiting...

End of execution: 150

node: no process found
python3: no process found
java: no process found
Default Handler Type
Got Ready Time
Values for Ready Time [1423123397008800, 1423123540581960]
Applying requests
Writing results
Killing Process: 12560

Waiting...

End of execution: 151

node: no process found
python3: no process found
java: no process found
Default Handler Type
Got Ready Time
Values for Ready Time [1423127176675662, 1423127314000218]
Applying requests
Writing results
Killing Process: 12587

Waiting...

End of execution: 152

node: no process found
python3: no process found
java: no process found
Default Handler Type
Got Ready Time
Values for Ready Time [1423131068792469, 1423131192602029]
Applying requests
Writing results
Killing Process: 12614

Waiting...

End of execution: 153

node: no process found
python3: no process found
java: no process found
Default Handler Type
Got Ready Time
Values for Ready Time [1423135223470472, 1423135356660140]
Applying requests
Writing results
Killing Process: 12641

Waiting...

End of execution: 154

node: no process found
python3: no process found
java: no process found
Default Handler Type
Got Ready Time
Values for Ready Time [1423139122316090, 1423139250387282]
Applying requests
Writing results
Killing Process: 12668

Waiting...

End of execution: 155

node: no process found
python3: no process found
java: no process found
Default Handler Type
Got Ready Time
Values for Ready Time [1423143037685710, 1423143179558036]
Applying requests
Writing results
Killing Process: 12695

Waiting...

End of execution: 156

node: no process found
python3: no process found
java: no process found
Default Handler Type
Got Ready Time
Values for Ready Time [1423146922956571, 1423147051806846]
Applying requests
Writing results
Killing Process: 12722

Waiting...

End of execution: 157

node: no process found
python3: no process found
java: no process found
Default Handler Type
Got Ready Time
Values for Ready Time [1423150801363993, 1423150931880621]
Applying requests
Writing results
Killing Process: 12749

Waiting...

End of execution: 158

node: no process found
python3: no process found
java: no process found
Default Handler Type
Got Ready Time
Values for Ready Time [1423154631035299, 1423154757036666]
Applying requests
Writing results
Killing Process: 12776

Waiting...

End of execution: 159

node: no process found
python3: no process found
java: no process found
Default Handler Type
Got Ready Time
Values for Ready Time [1423158411974798, 1423158552563465]
Applying requests
Writing results
Killing Process: 12803

Waiting...

End of execution: 160

node: no process found
python3: no process found
java: no process found
Default Handler Type
Got Ready Time
Values for Ready Time [1423162371533371, 1423162499759471]
Applying requests
Writing results
Killing Process: 12830

Waiting...

End of execution: 161

node: no process found
python3: no process found
java: no process found
Default Handler Type
Got Ready Time
Values for Ready Time [1423166135270468, 1423166260614200]
Applying requests
Writing results
Killing Process: 12857

Waiting...

End of execution: 162

node: no process found
python3: no process found
java: no process found
Default Handler Type
Got Ready Time
Values for Ready Time [1423170027963120, 1423170152487007]
Applying requests
Writing results
Killing Process: 12884

Waiting...

End of execution: 163

node: no process found
python3: no process found
java: no process found
Default Handler Type
Got Ready Time
Values for Ready Time [1423173743603219, 1423173863929038]
Applying requests
Writing results
Killing Process: 12912

Waiting...

End of execution: 164

node: no process found
python3: no process found
java: no process found
Default Handler Type
Got Ready Time
Values for Ready Time [1423177559758910, 1423177696626822]
Applying requests
Writing results
Killing Process: 12939

Waiting...

End of execution: 165

node: no process found
python3: no process found
java: no process found
Default Handler Type
Got Ready Time
Values for Ready Time [1423181320098606, 1423181456371756]
Applying requests
Writing results
Killing Process: 12966

Waiting...

End of execution: 166

node: no process found
python3: no process found
java: no process found
Default Handler Type
Got Ready Time
Values for Ready Time [1423185200902465, 1423185337909707]
Applying requests
Writing results
Killing Process: 12993

Waiting...

End of execution: 167

node: no process found
python3: no process found
java: no process found
Default Handler Type
Got Ready Time
Values for Ready Time [1423189036131877, 1423189172272336]
Applying requests
Writing results
Killing Process: 13029

Waiting...

End of execution: 168

node: no process found
python3: no process found
java: no process found
Default Handler Type
Got Ready Time
Values for Ready Time [1423192894098407, 1423193023972621]
Applying requests
Writing results
Killing Process: 13056

Waiting...

End of execution: 169

node: no process found
python3: no process found
java: no process found
Default Handler Type
Got Ready Time
Values for Ready Time [1423196817335811, 1423196941051603]
Applying requests
Writing results
Killing Process: 13083

Waiting...

End of execution: 170

node: no process found
python3: no process found
java: no process found
Default Handler Type
Got Ready Time
Values for Ready Time [1423200606600791, 1423200732880258]
Applying requests
Writing results
Killing Process: 13110

Waiting...

End of execution: 171

node: no process found
python3: no process found
java: no process found
Default Handler Type
Got Ready Time
Values for Ready Time [1423204443870053, 1423204575834976]
Applying requests
Writing results
Killing Process: 13137

Waiting...

End of execution: 172

node: no process found
python3: no process found
java: no process found
Default Handler Type
Got Ready Time
Values for Ready Time [1423208263988350, 1423208389494830]
Applying requests
Writing results
Killing Process: 13164

Waiting...

End of execution: 173

node: no process found
python3: no process found
java: no process found
Default Handler Type
Got Ready Time
Values for Ready Time [1423212098075030, 1423212216473012]
Applying requests
Writing results
Killing Process: 13191

Waiting...

End of execution: 174

node: no process found
python3: no process found
java: no process found
Default Handler Type
Got Ready Time
Values for Ready Time [1423215868391193, 1423215995018813]
Applying requests
Writing results
Killing Process: 13218

Waiting...

End of execution: 175

node: no process found
python3: no process found
java: no process found
Default Handler Type
Got Ready Time
Values for Ready Time [1423219661628158, 1423219796444453]
Applying requests
Writing results
Killing Process: 13245

Waiting...

End of execution: 176

node: no process found
python3: no process found
java: no process found
Default Handler Type
Got Ready Time
Values for Ready Time [1423223487724223, 1423223620917964]
Applying requests
Writing results
Killing Process: 13272

Waiting...

End of execution: 177

node: no process found
python3: no process found
java: no process found
Default Handler Type
Got Ready Time
Values for Ready Time [1423227219823158, 1423227349420523]
Applying requests
Writing results
Killing Process: 13299

Waiting...

End of execution: 178

node: no process found
python3: no process found
java: no process found
Default Handler Type
Got Ready Time
Values for Ready Time [1423230914897000, 1423231038465390]
Applying requests
Writing results
Killing Process: 13326

Waiting...

End of execution: 179

node: no process found
python3: no process found
java: no process found
Default Handler Type
Got Ready Time
Values for Ready Time [1423234697523031, 1423234839316998]
Applying requests
Writing results
Killing Process: 13353

Waiting...

End of execution: 180

node: no process found
python3: no process found
java: no process found
Default Handler Type
Got Ready Time
Values for Ready Time [1423238532668682, 1423238657320382]
Applying requests
Writing results
Killing Process: 13380

Waiting...

End of execution: 181

node: no process found
python3: no process found
java: no process found
Default Handler Type
Got Ready Time
Values for Ready Time [1423242314650337, 1423242437098001]
Applying requests
Writing results
Killing Process: 13407

Waiting...

End of execution: 182

node: no process found
python3: no process found
java: no process found
Default Handler Type
Got Ready Time
Values for Ready Time [1423246176888133, 1423246296138766]
Applying requests
Writing results
Killing Process: 13434

Waiting...

End of execution: 183

node: no process found
python3: no process found
java: no process found
Default Handler Type
Got Ready Time
Values for Ready Time [1423249985549087, 1423250123160690]
Applying requests
Writing results
Killing Process: 13461

Waiting...

End of execution: 184

node: no process found
python3: no process found
java: no process found
Default Handler Type
Got Ready Time
Values for Ready Time [1423253720629455, 1423253853884551]
Applying requests
Writing results
Killing Process: 13488

Waiting...

End of execution: 185

node: no process found
python3: no process found
java: no process found
Default Handler Type
Got Ready Time
Values for Ready Time [1423257477019521, 1423257607899971]
Applying requests
Writing results
Killing Process: 13515

Waiting...

End of execution: 186

node: no process found
python3: no process found
java: no process found
Default Handler Type
Got Ready Time
Values for Ready Time [1423261285782367, 1423261416577584]
Applying requests
Writing results
Killing Process: 13542

Waiting...

End of execution: 187

node: no process found
python3: no process found
java: no process found
Default Handler Type
Got Ready Time
Values for Ready Time [1423265035604763, 1423265159921528]
Applying requests
Writing results
Killing Process: 13569

Waiting...

End of execution: 188

node: no process found
python3: no process found
java: no process found
Default Handler Type
Got Ready Time
Values for Ready Time [1423268823556797, 1423268948713526]
Applying requests
Writing results
Killing Process: 13596

Waiting...

End of execution: 189

node: no process found
python3: no process found
java: no process found
Default Handler Type
Got Ready Time
Values for Ready Time [1423272648767304, 1423272788686170]
Applying requests
Writing results
Killing Process: 13623

Waiting...

End of execution: 190

node: no process found
python3: no process found
java: no process found
Default Handler Type
Got Ready Time
Values for Ready Time [1423276546879732, 1423276687402352]
Applying requests
Writing results
Killing Process: 13650

Waiting...

End of execution: 191

node: no process found
python3: no process found
java: no process found
Default Handler Type
Got Ready Time
Values for Ready Time [1423280369632784, 1423280492345119]
Applying requests
Writing results
Killing Process: 13677

Waiting...

End of execution: 192

node: no process found
python3: no process found
java: no process found
Default Handler Type
Got Ready Time
Values for Ready Time [1423284170373693, 1423284297615033]
Applying requests
Writing results
Killing Process: 13704

Waiting...

End of execution: 193

node: no process found
python3: no process found
java: no process found
Default Handler Type
Got Ready Time
Values for Ready Time [1423288000890558, 1423288138719120]
Applying requests
Writing results
Killing Process: 13732

Waiting...

End of execution: 194

node: no process found
python3: no process found
java: no process found
Default Handler Type
Got Ready Time
Values for Ready Time [1423291821463213, 1423291950896859]
Applying requests
Writing results
Killing Process: 13759

Waiting...

End of execution: 195

node: no process found
python3: no process found
java: no process found
Default Handler Type
Got Ready Time
Values for Ready Time [1423295573715298, 1423295704644697]
Applying requests
Writing results
Killing Process: 13786

Waiting...

End of execution: 196

node: no process found
python3: no process found
java: no process found
Default Handler Type
Got Ready Time
Values for Ready Time [1423299393724662, 1423299520218006]
Applying requests
Writing results
Killing Process: 13813

Waiting...

End of execution: 197

node: no process found
python3: no process found
java: no process found
Default Handler Type
Got Ready Time
Values for Ready Time [1423303238287346, 1423303381744284]
Applying requests
Writing results
Killing Process: 13840

Waiting...

End of execution: 198

node: no process found
python3: no process found
java: no process found
Default Handler Type
Got Ready Time
Values for Ready Time [1423307104078506, 1423307233360265]
Applying requests
Writing results
Killing Process: 13867

Waiting...

End of execution: 199

node: no process found
python3: no process found
java: no process found
Default Handler Type
Got Ready Time
Values for Ready Time [1423310888373073, 1423311012431541]
Applying requests
Writing results
Killing Process: 13894

Waiting...

End of execution: 200

