EIM: 4783437244882259
EFM: 4783437256037702
T4: 4783438305058097
T6: 4783438305498300
T4: 4783438306591622
T6: 4783438310069471
T4: 4783438312365845
T6: 4783438312958403
T4: 4783438314088163
T6: 4783438315119920
T4: 4783438316266831
T6: 4783438316534583
T4: 4783438317531256
T6: 4783438318030317
T4: 4783438321699572
T6: 4783438322063480
T4: 4783438324715894
T6: 4783438325002852
T4: 4783438325733320
T6: 4783438325996471
T4: 4783438326598084
T6: 4783438326985198
T4: 4783438327631470
T6: 4783438327779586
T4: 4783438328302952
T6: 4783438328426892
T4: 4783438328941394
T6: 4783438329091075
T4: 4783438329591311
T6: 4783438329740123
T4: 4783438330200764
T6: 4783438330321859
T4: 4783438333600556
T6: 4783438333727729
T4: 4783438334192171
T6: 4783438334455050
T4: 4783438335186359
T6: 4783438335458422
T4: 4783438335921183
T6: 4783438336084104
T4: 4783438336607766
T6: 4783438336739267
T4: 4783438337206626
T6: 4783438337335350
T4: 4783438337777543
T6: 4783438337893563
T4: 4783438338236155
T6: 4783438338644739
T4: 4783438339185830
T6: 4783438339314006
T4: 4783438339772464
T6: 4783438339883957
T4: 4783438340272220
T6: 4783438340378769
T4: 4783438340754031
T6: 4783438340859933
T4: 4783438341308436
T6: 4783438341413607
T4: 4783438341739594
T6: 4783438341844974
T4: 4783438342209467
T6: 4783438342305737
T4: 4783438345431092
T6: 4783438345558868
T4: 4783438345926744
T6: 4783438346034605
T4: 4783438346453740
T6: 4783438346557166
T4: 4783438348032266
T6: 4783438348143788
T4: 4783438348571904
T6: 4783438348675966
T4: 4783438349092320
T6: 4783438349201731
T4: 4783438349523203
T6: 4783438349623330
T4: 4783438350070599
T6: 4783438350185376
T4: 4783438350585724
T6: 4783438350705792
T4: 4783438351058628
T6: 4783438351162850
T4: 4783438351592033
T6: 4783438351837627
T4: 4783438352366392
T6: 4783438352493058
T4: 4783438352845054
T6: 4783438353129123
T4: 4783438353565910
T6: 4783438353676748
T4: 4783438354128414
T6: 4783438354231972
T4: 4783438354566286
T6: 4783438354665268
T4: 4783438357432472
T6: 4783438357564745
T4: 4783438358049695
T6: 4783438358151773
T4: 4783438358564233
T6: 4783438358670077
T4: 4783438359369635
T6: 4783438359484222
T4: 4783438359997811
T6: 4783438360123406
T4: 4783438360545487
T6: 4783438360674909
T4: 4783438361051419
T6: 4783438361150805
T4: 4783438362614163
T6: 4783438363249175
T4: 4783438363611962
T6: 4783438363725481
T4: 4783438364440010
T6: 4783438364541148
T4: 4783438365027267
T6: 4783438365124706
T4: 4783438365572602
T6: 4783438365666214
T4: 4783438366207430
T6: 4783438366303423
T4: 4783438367995291
T6: 4783438368994091
T4: 4783438369408161
T6: 4783438369503494
T4: 4783438369874408
T6: 4783438369964767
T4: 4783438370391537
T6: 4783438370486564
T4: 4783438370935166
T6: 4783438371032349
T4: 4783438371439174
T6: 4783438371531882
T4: 4783438371893228
T6: 4783438371983298
T4: 4783438372439694
T6: 4783438372539436
T4: 4783438372960601
T6: 4783438373053349
T4: 4783438373410147
T6: 4783438373515442
T4: 4783438373914235
T6: 4783438374004705
T4: 4783438374436055
T6: 4783438374544452
T4: 4783438375251742
T6: 4783438375344217
T4: 4783438375737994
T6: 4783438375832317
T4: 4783438376252522
T6: 4783438376344627
T4: 4783438376744047
T6: 4783438376836822
T4: 4783438377254531
T6: 4783438377343761
T4: 4783438377733369
T6: 4783438377825955
T4: 4783438378271659
T6: 4783438378364000
T4: 4783438380095659
T6: 4783438380197769
T4: 4783438380592953
T6: 4783438380692615
T4: 4783438381050102
T6: 4783438381164562
T4: 4783438381624556
T6: 4783438381718242
T4: 4783438382088253
T6: 4783438382201189
T4: 4783438382553597
T6: 4783438382643636
T4: 4783438383273405
T6: 4783438383368911
T4: 4783438383759345
T6: 4783438383850131
T4: 4783438384241613
T6: 4783438384337153
T4: 4783438384707084
T6: 4783438384798228
T4: 4783438385151208
T6: 4783438385268350
T4: 4783438385617833
T6: 4783438385707805
T4: 4783438386072030
T6: 4783438386161053
T4: 4783438386571340
T6: 4783438386660728
T4: 4783438387046941
T6: 4783438387136587
T4: 4783438387484692
T6: 4783438387575655
T4: 4783438387907233
T6: 4783438387996681
T4: 4783438388514707
T6: 4783438388609269
T4: 4783438388951760
T6: 4783438389059356
T4: 4783438389479369
T6: 4783438389570853
T4: 4783438389912111
T6: 4783438390001954
T4: 4783438390326553
T6: 4783438390435616
T4: 4783438392139692
T6: 4783438392240445
T4: 4783438392628430
T6: 4783438392721987
T4: 4783438393128712
T6: 4783438393221414
T4: 4783438393614456
T6: 4783438394007677
T4: 4783438394594671
T6: 4783438394708767
T4: 4783438395599351
T6: 4783438395690047
T4: 4783438396088225
T6: 4783438396187539
T4: 4783438396753508
T6: 4783438396851123
T4: 4783438397291408
T6: 4783438397393093
T4: 4783438397760131
T6: 4783438397848651
T4: 4783438398190173
T6: 4783438398280399
T4: 4783438398988033
T6: 4783438399093870
T4: 4783438399474327
T6: 4783438399580611
T4: 4783438399979793
T6: 4783438400129154
T4: 4783438400577083
T6: 4783438400748004
T4: 4783438401177581
T6: 4783438401296326
T4: 4783438401757385
T6: 4783438401886217
T4: 4783438402388882
T6: 4783438402502753
T4: 4783438404083180
T6: 4783438404257958
T4: 4783438404726542
T6: 4783438404912245
T4: 4783438405403529
T6: 4783438405562495
T4: 4783438406148249
T6: 4783438406287999
T4: 4783438407189419
T6: 4783438407333560
T4: 4783438407837484
T6: 4783438407958828
T4: 4783438408457379
T6: 4783438408616043
T4: 4783438409542603
T6: 4783438409715291
T4: 4783438410300874
T6: 4783438410486187
T4: 4783438411075800
T6: 4783438411183150
T4: 4783438411587510
T6: 4783438411682537
T4: 4783438412115296
T6: 4783438412248863
T4: 4783438412673144
T6: 4783438412766484
T4: 4783438413155598
T6: 4783438413246824
T4: 4783438413611391
T6: 4783438413702386
T4: 4783438414083504
T6: 4783438414179322
T4: 4783438414569735
T6: 4783438414661150
T4: 4783438416471707
T6: 4783438416566647
T4: 4783438416903622
T6: 4783438416994272
T4: 4783438417387144
T6: 4783438417482919
T4: 4783438417837845
T6: 4783438417925945
T4: 4783438418321787
T6: 4783438418410920
T4: 4783438419342377
T6: 4783438419436516
T4: 4783438419883971
T6: 4783438419979243
T4: 4783438420497631
T6: 4783438420596514
T4: 4783438420976746
T6: 4783438421066934
T4: 4783438421481702
T6: 4783438421570095
T4: 4783438422023019
T6: 4783438422114369
T4: 4783438422524380
T6: 4783438423217976
T4: 4783438424262760
T6: 4783438424448955
T4: 4783438424913407
T6: 4783438425146645
T4: 4783438425606295
T6: 4783438425750417
T4: 4783438426191844
T6: 4783438426285572
T4: 4783438426672956
T6: 4783438428135729
T4: 4783438428661687
T6: 4783438428759322
T4: 4783438429193696
T6: 4783438429288843
T4: 4783438429731935
T6: 4783438429824334
T4: 4783438430255003
T6: 4783438430346996
T4: 4783438431196046
T6: 4783438431525472
T4: 4783438432032461
T6: 4783438432130468
T4: 4783438432546936
T6: 4783438432639184
T4: 4783438433028399
T6: 4783438433116949
T4: 4783438433467110
T6: 4783438433558590
T4: 4783438433933384
T6: 4783438434025066
T4: 4783438434413172
T6: 4783438434505956
T4: 4783438434891651
T6: 4783438434980333
T4: 4783438435372491
T6: 4783438435470972
T4: 4783438435844724
T6: 4783438435978262
T4: 4783438436409773
T6: 4783438436512292
T4: 4783438436923611
T6: 4783438437013909
T4: 4783438437503542
T6: 4783438437598482
T4: 4783438437939297
T6: 4783438438027235
T4: 4783438438454207
T6: 4783438438561943
T4: 4783438439489155
T6: 4783438439601609
T4: 4783438439991677
T6: 4783438440123872
T4: 4783438440556650
T6: 4783438440698075
T4: 4783438441082394
T6: 4783438441180071
T4: 4783438441619590
T6: 4783438441716892
T4: 4783438442138178
T6: 4783438442226227
T4: 4783438442621202
T6: 4783438442977965
T4: 4783438443407834
T6: 4783438443497350
T4: 4783438443877497
T6: 4783438443971206
T4: 4783438444412081
T6: 4783438444504433
T4: 4783438444904671
T6: 4783438444999132
T4: 4783438445389278
T6: 4783438445479590
T4: 4783438445858590
T6: 4783438445997623
T4: 4783438446504765
T6: 4783438446595801
T4: 4783438447107658
T6: 4783438447216429
T4: 4783438447592300
T6: 4783438447682076
T4: 4783438448125235
T6: 4783438448261611
T4: 4783438448748040
T6: 4783438448837227
T4: 4783438449186639
T6: 4783438449275541
T4: 4783438449919581
T6: 4783438450022112
T4: 4783438450498510
T6: 4783438450621253
T4: 4783438453327692
T6: 4783438453432916
T4: 4783438453847909
T6: 4783438453976057
T4: 4783438454438393
T6: 4783438454546487
T4: 4783438455640679
T6: 4783438455739928
T4: 4783438456334555
T6: 4783438456456097
T4: 4783438457011930
T6: 4783438457128620
T4: 4783438457664394
T6: 4783438457778364
T4: 4783438458285971
T6: 4783438458398030
